<?xml version="1.0" encoding="utf-8"?><testsuites name="pytest tests"><testsuite name="pytest" errors="0" failures="0" skipped="0" tests="17" time="11.409" timestamp="2026-07-17T13:36:04.734524+08:00" hostname="DESKTOP-FURNVS2"><testcase classname="tests.procedure_delegation_visibility.test_task16_coverage_guard" name="test_ast_gate_detection_ignores_comments_and_strings" time="0.001" /><testcase classname="tests.procedure_delegation_visibility.test_task16_coverage_guard" name="test_dynamic_add_api_route_gate_detected" time="0.200" /><testcase classname="tests.procedure_delegation_visibility.test_task16_coverage_guard" name="test_indirect_wrapper_gate_detected" time="0.001" /><testcase classname="tests.procedure_delegation_visibility.test_task16_coverage_guard" name="test_bare_handler_not_gated" time="0.001" /><testcase classname="tests.procedure_delegation_visibility.test_task16_coverage_guard" name="test_missing_live_route_blocks" time="0.177" /><testcase classname="tests.procedure_delegation_visibility.test_task16_coverage_guard" name="test_stale_ledger_route_blocks" time="0.001" /><testcase classname="tests.procedure_delegation_visibility.test_task16_coverage_guard" name="test_fake_pass_when_ledger_claims_gated_but_code_bare" time="0.002" /><testcase classname="tests.procedure_delegation_visibility.test_task16_coverage_guard" name="test_fake_native_authz_without_native_hook_blocks" time="0.002" /><testcase classname="tests.procedure_delegation_visibility.test_task16_coverage_guard" name="test_new_nonhttp_callable_absent_from_ledger_blocks" time="0.001" /><testcase classname="tests.procedure_delegation_visibility.test_task16_coverage_guard" name="test_wp_bound_worker_fake_gated_without_regate_blocks" time="0.002" /><testcase classname="tests.procedure_delegation_visibility.test_task16_coverage_guard" name="test_new_duplicate_registration_blocks_but_known_allowlisted" time="0.006" /><testcase classname="tests.procedure_delegation_visibility.test_task16_coverage_guard" name="test_no_drift_on_committed_ledger" time="9.840" /><testcase classname="tests.procedure_delegation_visibility.test_task16_coverage_guard" name="test_no_unmigrated_wp_bound_entries_remain" time="0.009" /><testcase classname="tests.procedure_delegation_visibility.test_task16_coverage_guard" name="test_native_authz_ledger_entries_have_native_dependency" time="0.172" /><testcase classname="tests.procedure_delegation_visibility.test_task16_coverage_guard" name="test_not_applicable_allowlist_is_non_wp_or_project_level" time="0.169" /><testcase classname="tests.procedure_delegation_visibility.test_task16_coverage_guard" name="test_deferred_editor_allowlist_mechanism_exists" time="0.009" /><testcase classname="tests.procedure_delegation_visibility.test_task16_coverage_guard" name="test_reconcile_is_idempotent" time="0.332" /></testsuite></testsuites>