<?xml version="1.0" encoding="utf-8"?><testsuites name="pytest tests"><testsuite name="pytest" errors="0" failures="0" skipped="0" tests="7" time="0.586" timestamp="2026-07-17T17:57:36.061671+08:00" hostname="DESKTOP-FURNVS2"><testcase classname="tests.visibility_go_live_hardening.test_task1_evidence_baseline" name="test_append_is_append_only_and_precheck_clean" time="0.068" /><testcase classname="tests.visibility_go_live_hardening.test_task1_evidence_baseline" name="test_precheck_and_writer_reject_unsafe_paths" time="0.004" /><testcase classname="tests.visibility_go_live_hardening.test_task1_evidence_baseline" name="test_wrapper_is_scoped_to_this_spec_not_parent" time="0.001" /><testcase classname="tests.visibility_go_live_hardening.test_task1_evidence_baseline" name="test_real_manifest_precheck_returns_empty" time="0.003" /><testcase classname="tests.visibility_go_live_hardening.test_task1_evidence_baseline" name="test_go_live_gate_blocks_while_items_built_not_live" time="0.004" /><testcase classname="tests.visibility_go_live_hardening.test_task1_evidence_baseline" name="test_gate_reuses_artifact_integrity_recompute" time="0.002" /><testcase classname="tests.visibility_go_live_hardening.test_task1_evidence_baseline" name="test_baseline_artifact_declares_built_not_live" time="0.001" /></testsuite></testsuites>