<?xml version="1.0" encoding="utf-8"?><testsuites name="pytest tests"><testsuite name="pytest" errors="0" failures="0" skipped="0" tests="29" time="17.975" timestamp="2026-07-17T11:10:09.388015+08:00" hostname="DESKTOP-FURNVS2"><testcase classname="tests.procedure_delegation_visibility.test_task15_full_entry_integration.TestEntryFamilyWire404RealApp" name="test_render_config_out_of_scope_404" time="13.458" /><testcase classname="tests.procedure_delegation_visibility.test_task15_full_entry_integration.TestEntryFamilyWire404RealApp" name="test_render_config_nonexistent_404" time="0.143" /><testcase classname="tests.procedure_delegation_visibility.test_task15_full_entry_integration.TestEntryFamilyWire404RealApp" name="test_render_config_cross_project_404" time="0.120" /><testcase classname="tests.procedure_delegation_visibility.test_task15_full_entry_integration.TestEntryFamilyWire404RealApp" name="test_checklist_out_of_scope_404" time="0.090" /><testcase classname="tests.procedure_delegation_visibility.test_task15_full_entry_integration.TestEntryFamilyWire404RealApp" name="test_parsed_data_nonexistent_404" time="0.090" /><testcase classname="tests.procedure_delegation_visibility.test_task15_full_entry_integration.TestEntryFamilyWire404RealApp" name="test_parsed_data_out_of_scope_blocked" time="0.091" /><testcase classname="tests.procedure_delegation_visibility.test_task15_full_entry_integration.TestEntryFamilyWire404RealApp" name="test_status_nonexistent_404" time="0.087" /><testcase classname="tests.procedure_delegation_visibility.test_task15_full_entry_integration.TestEntryFamilyWire404RealApp" name="test_version_list_out_of_scope_404" time="0.092" /><testcase classname="tests.procedure_delegation_visibility.test_task15_full_entry_integration.TestEntryFamilyWire404RealApp" name="test_procedure_task_out_of_scope_404" time="0.124" /><testcase classname="tests.procedure_delegation_visibility.test_task15_full_entry_integration.TestEntryFamilyWire404RealApp" name="test_dedicated_out_of_scope_404" time="0.092" /><testcase classname="tests.procedure_delegation_visibility.test_task15_full_entry_integration.TestEntryFamilyWire404RealApp" name="test_dedicated_nonexistent_404" time="0.108" /><testcase classname="tests.procedure_delegation_visibility.test_task15_full_entry_integration.TestEntryFamilyWire404RealApp" name="test_file_export_out_of_scope_404" time="0.090" /><testcase classname="tests.procedure_delegation_visibility.test_task15_full_entry_integration.TestEntryFamilyWire404RealApp" name="test_ai_out_of_scope_404" time="0.119" /><testcase classname="tests.procedure_delegation_visibility.test_task15_full_entry_integration.TestEntryFamilyWire404RealApp" name="test_ai_nonexistent_404" time="0.085" /><testcase classname="tests.procedure_delegation_visibility.test_task15_full_entry_integration.TestSheetVersionTokenDimensions" name="test_unmapped_sheet_wire_404" time="0.096" /><testcase classname="tests.procedure_delegation_visibility.test_task15_full_entry_integration.TestSheetVersionTokenDimensions" name="test_row_only_unmapped_sheet_wire_404" time="0.104" /><testcase classname="tests.procedure_delegation_visibility.test_task15_full_entry_integration.TestSheetVersionTokenDimensions" name="test_historical_version_wire_404" time="0.096" /><testcase classname="tests.procedure_delegation_visibility.test_task15_full_entry_integration.TestSheetVersionTokenDimensions" name="test_editor_token_claim_mismatch_wire_404" time="0.095" /><testcase classname="tests.procedure_delegation_visibility.test_task15_full_entry_integration.TestSheetVersionTokenDimensions" name="test_all_dimensions_identical_wire_body" time="0.112" /><testcase classname="tests.procedure_delegation_visibility.test_task15_full_entry_integration.TestSecurityRegressions" name="test_outbox_write_failure_keeps_404" time="0.095" /><testcase classname="tests.procedure_delegation_visibility.test_task15_full_entry_integration.TestSecurityRegressions" name="test_outbox_write_failure_keeps_429" time="0.077" /><testcase classname="tests.procedure_delegation_visibility.test_task15_full_entry_integration.TestSecurityRegressions" name="test_no_side_effect_before_denial" time="0.117" /><testcase classname="tests.procedure_delegation_visibility.test_task15_full_entry_integration.TestSecurityRegressions" name="test_two_layer_history_scope_epoch_atomic_commit" time="0.129" /><testcase classname="tests.procedure_delegation_visibility.test_task15_full_entry_integration.TestSecurityRegressions" name="test_delegation_reject_writes_nothing" time="0.091" /><testcase classname="tests.procedure_delegation_visibility.test_task15_full_entry_integration.TestSecurityRegressions" name="test_callback_regate_rejects_after_revocation" time="0.095" /><testcase classname="tests.procedure_delegation_visibility.test_task15_full_entry_integration.TestSecurityRegressions" name="test_bulk_preflight_atomic_deny_before_side_effect" time="0.100" /><testcase classname="tests.procedure_delegation_visibility.test_task15_full_entry_integration.TestCrashBeforePublishNoStaleAllow" name="test_epoch_and_outbox_block_stale_allow_when_publish_crashes" time="0.115" /><testcase classname="tests.procedure_delegation_visibility.test_task15_full_entry_integration.TestCrashBeforePublishNoStaleAllow" name="test_within_window_still_allows_bounded_staleness" time="0.106" /><testcase classname="tests.procedure_delegation_visibility.test_task15_full_entry_integration.TestExplainAndQueryCount" name="test_explain_plans_and_no_n1_artifact" time="0.128" /></testsuite></testsuites>