<?xml version="1.0" encoding="utf-8"?><testsuites name="pytest tests"><testsuite name="pytest" errors="0" failures="0" skipped="0" tests="45" time="13.876" timestamp="2026-07-17T11:19:01.981656+08:00" hostname="DESKTOP-FURNVS2"><testcase classname="tests.procedure_delegation_visibility.test_task15_full_entry_integration.TestEntryFamilyWire404RealApp" name="test_render_config_out_of_scope_404" time="8.151" /><testcase classname="tests.procedure_delegation_visibility.test_task15_full_entry_integration.TestEntryFamilyWire404RealApp" name="test_render_config_nonexistent_404" time="0.097" /><testcase classname="tests.procedure_delegation_visibility.test_task15_full_entry_integration.TestEntryFamilyWire404RealApp" name="test_render_config_cross_project_404" time="0.131" /><testcase classname="tests.procedure_delegation_visibility.test_task15_full_entry_integration.TestEntryFamilyWire404RealApp" name="test_checklist_out_of_scope_404" time="0.101" /><testcase classname="tests.procedure_delegation_visibility.test_task15_full_entry_integration.TestEntryFamilyWire404RealApp" name="test_parsed_data_nonexistent_404" time="0.098" /><testcase classname="tests.procedure_delegation_visibility.test_task15_full_entry_integration.TestEntryFamilyWire404RealApp" name="test_parsed_data_out_of_scope_blocked" time="0.100" /><testcase classname="tests.procedure_delegation_visibility.test_task15_full_entry_integration.TestEntryFamilyWire404RealApp" name="test_status_nonexistent_404" time="0.097" /><testcase classname="tests.procedure_delegation_visibility.test_task15_full_entry_integration.TestEntryFamilyWire404RealApp" name="test_version_list_out_of_scope_404" time="0.098" /><testcase classname="tests.procedure_delegation_visibility.test_task15_full_entry_integration.TestEntryFamilyWire404RealApp" name="test_procedure_task_out_of_scope_404" time="0.131" /><testcase classname="tests.procedure_delegation_visibility.test_task15_full_entry_integration.TestEntryFamilyWire404RealApp" name="test_dedicated_out_of_scope_404" time="0.109" /><testcase classname="tests.procedure_delegation_visibility.test_task15_full_entry_integration.TestEntryFamilyWire404RealApp" name="test_dedicated_nonexistent_404" time="0.119" /><testcase classname="tests.procedure_delegation_visibility.test_task15_full_entry_integration.TestEntryFamilyWire404RealApp" name="test_file_export_out_of_scope_404" time="0.098" /><testcase classname="tests.procedure_delegation_visibility.test_task15_full_entry_integration.TestEntryFamilyWire404RealApp" name="test_ai_out_of_scope_404" time="0.128" /><testcase classname="tests.procedure_delegation_visibility.test_task15_full_entry_integration.TestEntryFamilyWire404RealApp" name="test_ai_nonexistent_404" time="0.099" /><testcase classname="tests.procedure_delegation_visibility.test_task15_full_entry_integration.TestSheetVersionTokenDimensions" name="test_unmapped_sheet_wire_404" time="0.110" /><testcase classname="tests.procedure_delegation_visibility.test_task15_full_entry_integration.TestSheetVersionTokenDimensions" name="test_row_only_unmapped_sheet_wire_404" time="0.116" /><testcase classname="tests.procedure_delegation_visibility.test_task15_full_entry_integration.TestSheetVersionTokenDimensions" name="test_historical_version_wire_404" time="0.102" /><testcase classname="tests.procedure_delegation_visibility.test_task15_full_entry_integration.TestSheetVersionTokenDimensions" name="test_editor_token_claim_mismatch_wire_404" time="0.107" /><testcase classname="tests.procedure_delegation_visibility.test_task15_full_entry_integration.TestSheetVersionTokenDimensions" name="test_all_dimensions_identical_wire_body" time="0.122" /><testcase classname="tests.procedure_delegation_visibility.test_task15_full_entry_integration.TestSecurityRegressions" name="test_outbox_write_failure_keeps_404" time="0.088" /><testcase classname="tests.procedure_delegation_visibility.test_task15_full_entry_integration.TestSecurityRegressions" name="test_outbox_write_failure_keeps_429" time="0.085" /><testcase classname="tests.procedure_delegation_visibility.test_task15_full_entry_integration.TestSecurityRegressions" name="test_no_side_effect_before_denial" time="0.128" /><testcase classname="tests.procedure_delegation_visibility.test_task15_full_entry_integration.TestSecurityRegressions" name="test_two_layer_history_scope_epoch_atomic_commit" time="0.131" /><testcase classname="tests.procedure_delegation_visibility.test_task15_full_entry_integration.TestSecurityRegressions" name="test_delegation_reject_writes_nothing" time="0.097" /><testcase classname="tests.procedure_delegation_visibility.test_task15_full_entry_integration.TestSecurityRegressions" name="test_callback_regate_rejects_after_revocation" time="0.108" /><testcase classname="tests.procedure_delegation_visibility.test_task15_full_entry_integration.TestSecurityRegressions" name="test_bulk_preflight_atomic_deny_before_side_effect" time="0.115" /><testcase classname="tests.procedure_delegation_visibility.test_task15_full_entry_integration.TestCrashBeforePublishNoStaleAllow" name="test_epoch_and_outbox_block_stale_allow_when_publish_crashes" time="0.125" /><testcase classname="tests.procedure_delegation_visibility.test_task15_full_entry_integration.TestCrashBeforePublishNoStaleAllow" name="test_within_window_still_allows_bounded_staleness" time="0.105" /><testcase classname="tests.procedure_delegation_visibility.test_task15_full_entry_integration.TestExplainAndQueryCount" name="test_explain_plans_and_no_n1_artifact" time="0.124" /><testcase classname="tests.procedure_delegation_visibility.test_task15_integration_explain.TestUniformWire404AllReasons" name="test_all_five_reasons_identical_wire" time="0.108" /><testcase classname="tests.procedure_delegation_visibility.test_task15_integration_explain.TestUniformWire404AllReasons" name="test_real_app_route_level_reasons_identical_404" time="0.129" /><testcase classname="tests.procedure_delegation_visibility.test_task15_integration_explain.TestEntryFamilyGateSweep" name="test_each_family_allow_deny_cross" time="0.200" /><testcase classname="tests.procedure_delegation_visibility.test_task15_integration_explain.TestOutboxFailureContractStable" name="test_deny_outbox_failure_still_404_with_alert" time="0.082" /><testcase classname="tests.procedure_delegation_visibility.test_task15_integration_explain.TestOutboxFailureContractStable" name="test_rate_limit_outbox_failure_still_429" time="0.076" /><testcase classname="tests.procedure_delegation_visibility.test_task15_integration_explain.TestNoSideEffectBeforeDenial" name="test_denied_put_persists_nothing" time="0.088" /><testcase classname="tests.procedure_delegation_visibility.test_task15_integration_explain.TestNoSideEffectBeforeDenial" name="test_gate_write_denial_is_uniform_404_before_mutation" time="0.087" /><testcase classname="tests.procedure_delegation_visibility.test_task15_integration_explain.TestTwoLayerScopeEpochAtomic" name="test_lead_scope_expansion_all_writes_atomic" time="0.117" /><testcase classname="tests.procedure_delegation_visibility.test_task15_integration_explain.TestTwoLayerScopeEpochAtomic" name="test_invalid_mapping_rolls_back_no_writes" time="0.077" /><testcase classname="tests.procedure_delegation_visibility.test_task15_integration_explain.TestCallbackAfterRevocation" name="test_callback_regate_rejects_after_revocation" time="0.097" /><testcase classname="tests.procedure_delegation_visibility.test_task15_integration_explain.TestCallbackAfterRevocation" name="test_callback_preconditions_reject_revoked_session" time="0.001" /><testcase classname="tests.procedure_delegation_visibility.test_task15_integration_explain.TestBulkPreflightAtomic" name="test_preflight_atomic_deny_on_any_invisible" time="0.146" /><testcase classname="tests.procedure_delegation_visibility.test_task15_integration_explain.TestExplainAndQueryCount" name="test_grants_list_query_count_constant" time="0.253" /><testcase classname="tests.procedure_delegation_visibility.test_task15_integration_explain.TestExplainAndQueryCount" name="test_gate_resolution_query_count_constant" time="0.246" /><testcase classname="tests.procedure_delegation_visibility.test_task15_integration_explain.TestExplainAndQueryCount" name="test_explain_analyze_buffers_grants_union" time="0.143" /><testcase classname="tests.procedure_delegation_visibility.test_task15_integration_explain.TestCrashRecoveryNoStaleAllow" name="test_persistent_epoch_blocks_stale_allow_without_publish" time="0.104" /></testsuite></testsuites>