<?xml version="1.0" encoding="utf-8"?><testsuites name="pytest tests"><testsuite name="pytest" errors="0" failures="0" skipped="0" tests="16" time="10.971" timestamp="2026-07-17T11:10:42.453160+08:00" hostname="DESKTOP-FURNVS2"><testcase classname="tests.procedure_delegation_visibility.test_task15_integration_explain.TestUniformWire404AllReasons" name="test_all_five_reasons_identical_wire" time="8.394" /><testcase classname="tests.procedure_delegation_visibility.test_task15_integration_explain.TestUniformWire404AllReasons" name="test_real_app_route_level_reasons_identical_404" time="0.155" /><testcase classname="tests.procedure_delegation_visibility.test_task15_integration_explain.TestEntryFamilyGateSweep" name="test_each_family_allow_deny_cross" time="0.198" /><testcase classname="tests.procedure_delegation_visibility.test_task15_integration_explain.TestOutboxFailureContractStable" name="test_deny_outbox_failure_still_404_with_alert" time="0.085" /><testcase classname="tests.procedure_delegation_visibility.test_task15_integration_explain.TestOutboxFailureContractStable" name="test_rate_limit_outbox_failure_still_429" time="0.076" /><testcase classname="tests.procedure_delegation_visibility.test_task15_integration_explain.TestNoSideEffectBeforeDenial" name="test_denied_put_persists_nothing" time="0.095" /><testcase classname="tests.procedure_delegation_visibility.test_task15_integration_explain.TestNoSideEffectBeforeDenial" name="test_gate_write_denial_is_uniform_404_before_mutation" time="0.086" /><testcase classname="tests.procedure_delegation_visibility.test_task15_integration_explain.TestTwoLayerScopeEpochAtomic" name="test_lead_scope_expansion_all_writes_atomic" time="0.122" /><testcase classname="tests.procedure_delegation_visibility.test_task15_integration_explain.TestTwoLayerScopeEpochAtomic" name="test_invalid_mapping_rolls_back_no_writes" time="0.089" /><testcase classname="tests.procedure_delegation_visibility.test_task15_integration_explain.TestCallbackAfterRevocation" name="test_callback_regate_rejects_after_revocation" time="0.105" /><testcase classname="tests.procedure_delegation_visibility.test_task15_integration_explain.TestCallbackAfterRevocation" name="test_callback_preconditions_reject_revoked_session" time="0.001" /><testcase classname="tests.procedure_delegation_visibility.test_task15_integration_explain.TestBulkPreflightAtomic" name="test_preflight_atomic_deny_on_any_invisible" time="0.110" /><testcase classname="tests.procedure_delegation_visibility.test_task15_integration_explain.TestExplainAndQueryCount" name="test_grants_list_query_count_constant" time="0.238" /><testcase classname="tests.procedure_delegation_visibility.test_task15_integration_explain.TestExplainAndQueryCount" name="test_gate_resolution_query_count_constant" time="0.249" /><testcase classname="tests.procedure_delegation_visibility.test_task15_integration_explain.TestExplainAndQueryCount" name="test_explain_analyze_buffers_grants_union" time="0.150" /><testcase classname="tests.procedure_delegation_visibility.test_task15_integration_explain.TestCrashRecoveryNoStaleAllow" name="test_persistent_epoch_blocks_stale_allow_without_publish" time="0.117" /></testsuite></testsuites>