<?xml version="1.0" encoding="utf-8"?><testsuites name="pytest tests"><testsuite name="pytest" errors="0" failures="0" skipped="0" tests="203" time="261.177" timestamp="2026-07-17T05:00:08.698366+08:00" hostname="DESKTOP-FURNVS2"><properties>
[...]
</properties><testcase classname="tests.procedure_delegation_visibility.test_role_classifier.TestFailClosedUnit" name="test_query_failure_non_admin_is_restricted_empty_scope" time="0.005" /><testcase classname="tests.procedure_delegation_visibility.test_role_classifier.TestFailClosedUnit" name="test_admin_short_circuits_without_query" time="0.002" /><testcase classname="tests.procedure_delegation_visibility.test_role_classifier.TestFailClosedUnit" name="test_unknown_role_non_admin_restricted" time="0.002" /><testcase classname="tests.procedure_delegation_visibility.test_role_classifier.TestClassificationExamples" name="test_admin_ignores_scope_even_with_project_user_scope" time="0.265" /><testcase classname="tests.procedure_delegation_visibility.test_role_classifier.TestClassificationExamples" name="test_supervisor_happy_path_with_scope" time="0.119" /><testcase classname="tests.procedure_delegation_visibility.test_role_classifier.TestClassificationExamples" name="test_assignment_role_not_in_allowed_set_is_restricted" time="0.100" /><testcase classname="tests.procedure_delegation_visibility.test_role_classifier.TestClassificationExamples" name="test_missing_project_user_is_restricted" time="0.087" /><testcase classname="tests.procedure_delegation_visibility.test_role_classifier.TestClassificationExamples" name="test_duplicate_active_staff_is_restricted" time="0.115" /><testcase classname="tests.procedure_delegation_visibility.test_role_classifier.TestClassificationExamples" name="test_inactive_assignment_is_restricted" time="0.096" /><testcase classname="tests.procedure_delegation_visibility.test_role_classifier.TestProperty1ClassificationUniqueFailClosed" name="test_classification_matrix" time="9.297" /><testcase classname="tests.procedure_delegation_visibility.test_staff_user_mapping.TestMappingInvariantExamples" name="test_unique_active_mapping_accepted" time="0.083" /><testcase classname="tests.procedure_delegation_visibility.test_staff_user_mapping.TestMappingInvariantExamples" name="test_empty_staff_rejected" time="0.074" /><testcase classname="tests.procedure_delegation_visibility.test_staff_user_mapping.TestMappingInvariantExamples" name="test_inactive_staff_rejected" time="0.083" /><testcase classname="tests.procedure_delegation_visibility.test_staff_user_mapping.TestMappingInvariantExamples" name="test_staff_without_user_rejected" time="0.073" /><testcase classname="tests.procedure_delegation_visibility.test_staff_user_mapping.TestMappingInvariantExamples" name="test_cross_project_rejected" time="0.095" /><testcase classname="tests.procedure_delegation_visibility.test_staff_user_mapping.TestMappingInvariantExamples" name="test_ambiguous_reverse_rejected" time="0.100" /><testcase classname="tests.procedure_delegation_visibility.test_staff_user_mapping.TestMappingInvariantExamples" name="test_field_equality_never_implies_same_person" time="0.071" /><testcase classname="tests.procedure_delegation_visibility.test_staff_user_mapping.TestMappingInvariantExamples" name="test_is_same_natural_person_uses_mapping" time="0.103" /><testcase classname="tests.procedure_delegation_visibility.test_staff_user_mapping.TestProperty2StaffUserMapping" name="test_mapping_accepts_only_unique_active_bidirectional" time="8.692" /><testcase classname="tests.procedure_delegation_visibility.test_procedure_wp_resolver.TestResolverExamples" name="test_wp_index_source_resolves" time="0.093" /><testcase classname="tests.procedure_delegation_visibility.test_procedure_wp_resolver.TestResolverExamples" name="test_wp_id_source_resolves" time="0.090" /><testcase classname="tests.procedure_delegation_visibility.test_procedure_wp_resolver.TestResolverExamples" name="test_wp_code_source_resolves" time="0.073" /><testcase classname="tests.procedure_delegation_visibility.test_procedure_wp_resolver.TestResolverExamples" name="test_procedure_instance_by_wp_code" time="0.101" /><testcase classname="tests.procedure_delegation_visibility.test_procedure_wp_resolver.TestResolverExamples" name="test_procedure_instance_by_wp_id" time="0.089" /><testcase classname="tests.procedure_delegation_visibility.test_procedure_wp_resolver.TestResolverExamples" name="test_procedure_row_task_source_resolves" time="0.080" /><testcase classname="tests.procedure_delegation_visibility.test_procedure_wp_resolver.TestResolverExamples" name="test_multiple_sources_agree" time="0.101" /><testcase classname="tests.procedure_delegation_visibility.test_procedure_wp_resolver.TestResolverExamples" name="test_source_disagreement_rejected" time="0.082" /><testcase classname="tests.procedure_delegation_visibility.test_procedure_wp_resolver.TestResolverExamples" name="test_zero_candidate_rejected" time="0.060" /><testcase classname="tests.procedure_delegation_visibility.test_procedure_wp_resolver.TestResolverExamples" name="test_multiple_candidates_rejected" time="0.100" /><testcase classname="tests.procedure_delegation_visibility.test_procedure_wp_resolver.TestResolverExamples" name="test_sheet_name_only_rejected_global" time="0.081" /><testcase classname="tests.procedure_delegation_visibility.test_procedure_wp_resolver.TestResolverExamples" name="test_sheet_key_only_rejected_global" time="0.057" /><testcase classname="tests.procedure_delegation_visibility.test_procedure_wp_resolver.TestResolverExamples" name="test_no_source_rejected" time="0.065" /><testcase classname="tests.procedure_delegation_visibility.test_procedure_wp_resolver.TestResolverExamples" name="test_cross_project_wp_index_rejected" time="0.080" /><testcase classname="tests.procedure_delegation_visibility.test_procedure_wp_resolver.TestResolverExamples" name="test_no_mutation_on_conflict" time="0.101" /><testcase classname="tests.procedure_delegation_visibility.test_procedure_wp_resolver.TestSheetCatalogExamples" name="test_resolve_row_task" time="0.081" /><testcase classname="tests.procedure_delegation_visibility.test_procedure_wp_resolver.TestSheetCatalogExamples" name="test_row_task_cross_index_rejected_not_whole_wp" time="0.101" /><testcase classname="tests.procedure_delegation_visibility.test_procedure_wp_resolver.TestSheetCatalogExamples" name="test_resolve_sheet_name_unique" time="0.080" /><testcase classname="tests.procedure_delegation_visibility.test_procedure_wp_resolver.TestSheetCatalogExamples" name="test_resolve_sheet_name_whitespace_insensitive" time="0.073" /><testcase classname="tests.procedure_delegation_visibility.test_procedure_wp_resolver.TestSheetCatalogExamples" name="test_resolve_sheet_name_ambiguous_rejected" time="0.086" /><testcase classname="tests.procedure_delegation_visibility.test_procedure_wp_resolver.TestSheetCatalogExamples" name="test_resolve_sheet_name_zero_rejected" time="0.257" /><testcase classname="tests.procedure_delegation_visibility.test_procedure_wp_resolver.TestSheetCatalogExamples" name="test_resolve_sheet_key_membership" time="0.074" /><testcase classname="tests.procedure_delegation_visibility.test_procedure_wp_resolver.TestSheetCatalogExamples" name="test_checklist_item_direct_hit" time="0.095" /><testcase classname="tests.procedure_delegation_visibility.test_procedure_wp_resolver.TestSheetCatalogExamples" name="test_checklist_item_ambiguous_rejected" time="0.093" /><testcase classname="tests.procedure_delegation_visibility.test_procedure_wp_resolver.TestProperty4ProcedureBindingUniqueOrReject" name="test_unique_or_reject_no_mutation" time="11.413" /><testcase classname="tests.procedure_delegation_visibility.test_procedure_wp_resolver.TestProperty7RowOnlySheetMapping" name="test_sheet_name_maps_unique_or_rejects" time="9.955" /><testcase classname="tests.procedure_delegation_visibility.test_visibility_query.TestGrantExamples" name="test_lead_grant_all_pages" time="0.081" /><testcase classname="tests.procedure_delegation_visibility.test_visibility_query.TestGrantExamples" name="test_assignee_grant_only_mapped_sheet" time="0.088" /><testcase classname="tests.procedure_delegation_visibility.test_visibility_query.TestGrantExamples" name="test_reviewer_grant_mapped_sheet" time="0.095" /><testcase classname="tests.procedure_delegation_visibility.test_visibility_query.TestGrantExamples" name="test_cancelled_task_excluded" time="0.357" /><testcase classname="tests.procedure_delegation_visibility.test_visibility_query.TestGrantExamples" name="test_nullable_wp_still_counted" time="0.089" /><testcase classname="tests.procedure_delegation_visibility.test_visibility_query.TestGrantExamples" name="test_admin_all_project_ignores_scope" time="0.078" /><testcase classname="tests.procedure_delegation_visibility.test_visibility_query.TestGrantExamples" name="test_supervisor_scope_grant" time="0.103" /><testcase classname="tests.procedure_delegation_visibility.test_visibility_query.TestGrantExamples" name="test_history_lead_all_pages_readonly" time="0.097" /><testcase classname="tests.procedure_delegation_visibility.test_visibility_query.TestGrantExamples" name="test_history_row_snapshot_sheet_readonly" time="0.129" /><testcase classname="tests.procedure_delegation_visibility.test_visibility_query.TestGrantExamples" name="test_history_out_of_scope_excluded" time="0.103" /><testcase classname="tests.procedure_delegation_visibility.test_visibility_query.TestGrantExamples" name="test_multi_identity_union_same_wp" time="0.122" /><testcase classname="tests.procedure_delegation_visibility.test_visibility_query.TestGrantExamples" name="test_empty_scope_no_fallback" time="0.097" /><testcase classname="tests.procedure_delegation_visibility.test_visibility_query.TestGrantExamples" name="test_cross_project_wp_excluded" time="0.113" /><testcase classname="tests.procedure_delegation_visibility.test_visibility_query.TestProperty5FixedSetFormula" name="test_visible_equals_delegated_union_history_intersect_scope" time="10.660" /><testcase classname="tests.procedure_delegation_visibility.test_visibility_query.TestProperty8OneKnownKindPerGrant" name="test_each_grant_single_registered_kind" time="10.878" /><testcase classname="tests.procedure_delegation_visibility.test_visibility_query.TestProperty7PageVisibilityAndHistoryReadonly" name="test_row_only_page_isolation" time="10.089" /><testcase classname="tests.procedure_delegation_visibility.test_visibility_query.TestProperty7PageVisibilityAndHistoryReadonly" name="test_history_grants_are_readonly" time="10.848" /><testcase classname="tests.procedure_delegation_visibility.test_visibility_query.TestProperty6HistoryImmutableAfterRebind" name="test_history_attribution_unchanged_by_rebind" time="11.336" /><testcase classname="tests.procedure_delegation_visibility.test_visibility_query.TestNoPerWorkpaperN1" name="test_query_count_constant_regardless_of_wp_count" time="0.243" /><testcase classname="tests.procedure_delegation_visibility.test_workpaper_list_query.TestListParamsValidation" name="test_valid_defaults" time="0.000" /><testcase classname="tests.procedure_delegation_visibility.test_workpaper_list_query.TestListParamsValidation" name="test_non_positive_page_rejected[0]" time="0.001" /><testcase classname="tests.procedure_delegation_visibility.test_workpaper_list_query.TestListParamsValidation" name="test_non_positive_page_rejected[-1]" time="0.000" /><testcase classname="tests.procedure_delegation_visibility.test_workpaper_list_query.TestListParamsValidation" name="test_non_positive_page_rejected[-100]" time="0.000" /><testcase classname="tests.procedure_delegation_visibility.test_workpaper_list_query.TestListParamsValidation" name="test_bool_page_rejected" time="0.000" /><testcase classname="tests.procedure_delegation_visibility.test_workpaper_list_query.TestListParamsValidation" name="test_page_size_out_of_range_rejected[0]" time="0.000" /><testcase classname="tests.procedure_delegation_visibility.test_workpaper_list_query.TestListParamsValidation" name="test_page_size_out_of_range_rejected[-1]" time="0.000" /><testcase classname="tests.procedure_delegation_visibility.test_workpaper_list_query.TestListParamsValidation" name="test_page_size_out_of_range_rejected[101]" time="0.000" /><testcase classname="tests.procedure_delegation_visibility.test_workpaper_list_query.TestListParamsValidation" name="test_page_size_out_of_range_rejected[9999]" time="0.000" /><testcase classname="tests.procedure_delegation_visibility.test_workpaper_list_query.TestListParamsValidation" name="test_unregistered_sort_rejected" time="0.000" /><testcase classname="tests.procedure_delegation_visibility.test_workpaper_list_query.TestListParamsValidation" name="test_unregistered_sort_dir_rejected" time="0.001" /><testcase classname="tests.procedure_delegation_visibility.test_workpaper_list_query.TestListParamsValidation" name="test_offset_computation" time="0.001" /><testcase classname="tests.procedure_delegation_visibility.test_workpaper_list_query.TestListExamples" name="test_empty_visible_set_two_empty_stat_dicts" time="0.106" /><testcase classname="tests.procedure_delegation_visibility.test_workpaper_list_query.TestListExamples" name="test_payload_only_five_top_level_fields" time="0.113" /><testcase classname="tests.procedure_delegation_visibility.test_workpaper_list_query.TestListExamples" name="test_dedupe_by_wp_index_multi_identity" time="0.133" /><testcase classname="tests.procedure_delegation_visibility.test_workpaper_list_query.TestListExamples" name="test_nullable_wp_counted" time="0.115" /><testcase classname="tests.procedure_delegation_visibility.test_workpaper_list_query.TestListExamples" name="test_stats_split_index_and_file" time="0.126" /><testcase classname="tests.procedure_delegation_visibility.test_workpaper_list_query.TestListExamples" name="test_business_filter_index_status" time="0.127" /><testcase classname="tests.procedure_delegation_visibility.test_workpaper_list_query.TestListExamples" name="test_stable_sort_wp_code_asc" time="0.119" /><testcase classname="tests.procedure_delegation_visibility.test_workpaper_list_query.TestListExamples" name="test_stable_sort_nulls_last_and_wp_index_tiebreak" time="0.134" /><testcase classname="tests.procedure_delegation_visibility.test_workpaper_list_query.TestListExamples" name="test_pagination_slices" time="0.145" /><testcase classname="tests.procedure_delegation_visibility.test_workpaper_list_query.TestListExamples" name="test_admin_sees_all_ignoring_scope" time="0.096" /><testcase classname="tests.procedure_delegation_visibility.test_workpaper_list_query.TestTwoViewIdentityBoundary" name="test_my_lead_only_lead_not_assignee" time="0.137" /><testcase classname="tests.procedure_delegation_visibility.test_workpaper_list_query.TestTwoViewIdentityBoundary" name="test_my_lead_reuses_pagination_stats_contract" time="0.124" /><testcase classname="tests.procedure_delegation_visibility.test_workpaper_list_query.TestTwoViewIdentityBoundary" name="test_my_lead_ignores_history_only" time="0.083" /><testcase classname="tests.procedure_delegation_visibility.test_workpaper_list_query.TestProperty15DisplayNeverAuthorizes" name="test_authorization_only_from_server_context" time="0.092" /><testcase classname="tests.procedure_delegation_visibility.test_workpaper_list_query.TestProperty15DisplayNeverAuthorizes" name="test_illegal_params_reject_before_any_query" time="0.083" /><testcase classname="tests.procedure_delegation_visibility.test_workpaper_list_query.TestProperty14OrderedPipeline" name="test_pipeline_invariants" time="15.800" /><testcase classname="tests.procedure_delegation_visibility.test_wp_bound_gate.TestProperty8GrantMatrixUnion" name="test_lead_read_all_pages" time="0.134" /><testcase classname="tests.procedure_delegation_visibility.test_wp_bound_gate.TestProperty8GrantMatrixUnion" name="test_multi_identity_union_read" time="0.170" /><testcase classname="tests.procedure_delegation_visibility.test_wp_bound_gate.TestProperty8GrantMatrixUnion" name="test_no_dimension_splice_assignee_cannot_borrow_lead_action" time="0.141" /><testcase classname="tests.procedure_delegation_visibility.test_wp_bound_gate.TestProperty8GrantMatrixUnion" name="test_assignee_content_mutation_allowed_on_mapped_sheet" time="0.176" /><testcase classname="tests.procedure_delegation_visibility.test_wp_bound_gate.TestProperty9ReviewerWhitelist" name="test_reviewer_can_read" time="0.170" /><testcase classname="tests.procedure_delegation_visibility.test_wp_bound_gate.TestProperty9ReviewerWhitelist" name="test_reviewer_transition_reviewed_allowed" time="0.150" /><testcase classname="tests.procedure_delegation_visibility.test_wp_bound_gate.TestProperty9ReviewerWhitelist" name="test_reviewer_changes_requested_requires_reason" time="0.171" /><testcase classname="tests.procedure_delegation_visibility.test_wp_bound_gate.TestProperty9ReviewerWhitelist" name="test_reviewer_generic_mutations_denied[workpaper.checklist_save-save_checklist-PUT-none-none]" time="0.139" /><testcase classname="tests.procedure_delegation_visibility.test_wp_bound_gate.TestProperty9ReviewerWhitelist" name="test_reviewer_generic_mutations_denied[workpaper.parsed_data_write-save_parsed_data-PUT-none-none]" time="0.140" /><testcase classname="tests.procedure_delegation_visibility.test_wp_bound_gate.TestProperty9ReviewerWhitelist" name="test_reviewer_generic_mutations_denied[attachment.associate-attach_associate-POST-none-none]" time="0.143" /><testcase classname="tests.procedure_delegation_visibility.test_wp_bound_gate.TestProperty9ReviewerWhitelist" name="test_reviewer_generic_mutations_denied[version.restore-version_restore-POST-none-none]" time="0.151" /><testcase classname="tests.procedure_delegation_visibility.test_wp_bound_gate.TestProperty9ReviewerWhitelist" name="test_reviewer_generic_mutations_denied[editor.file_write-editor_write-POST-none-none]" time="0.203" /><testcase classname="tests.procedure_delegation_visibility.test_wp_bound_gate.TestProperty9ReviewerWhitelist" name="test_reviewer_generic_mutations_denied[workpaper.status_transition-status_transition-POST-submitted-reviewed]" time="0.164" /><testcase classname="tests.procedure_delegation_visibility.test_wp_bound_gate.TestProperty10BindingClaimConflict" name="test_client_wp_index_mismatch" time="0.154" /><testcase classname="tests.procedure_delegation_visibility.test_wp_bound_gate.TestProperty10BindingClaimConflict" name="test_historical_version_denied" time="0.133" /><testcase classname="tests.procedure_delegation_visibility.test_wp_bound_gate.TestProperty10BindingClaimConflict" name="test_unmapped_sheet_denied" time="0.164" /><testcase classname="tests.procedure_delegation_visibility.test_wp_bound_gate.TestProperty10BindingClaimConflict" name="test_token_claim_mismatch" time="0.144" /><testcase classname="tests.procedure_delegation_visibility.test_wp_bound_gate.TestProperty10BindingClaimConflict" name="test_cross_project_via_wrong_declared_project" time="0.119" /><testcase classname="tests.procedure_delegation_visibility.test_wp_bound_gate.TestProperty10BindingClaimConflict" name="test_nonexistent_resource_not_found" time="0.106" /><testcase classname="tests.procedure_delegation_visibility.test_wp_bound_gate.TestProperty11RateLimitAndUniformNotFound" name="test_rate_limit_before_resource_resolution" time="0.076" /><testcase classname="tests.procedure_delegation_visibility.test_wp_bound_gate.TestProperty11RateLimitAndUniformNotFound" name="test_all_deny_reasons_identical_wire_body" time="0.184" /><testcase classname="tests.procedure_delegation_visibility.test_wp_bound_gate.TestProperty12AuditFailureContractStable" name="test_deny_404_stable_when_outbox_fails" time="0.116" /><testcase classname="tests.procedure_delegation_visibility.test_wp_bound_gate.TestProperty12AuditFailureContractStable" name="test_rate_limit_429_stable_when_outbox_fails" time="0.069" /><testcase classname="tests.procedure_delegation_visibility.test_wp_bound_gate.TestProperty11PBTUniformNotFound" name="test_deny_always_404_fixed_body" time="11.936" /><testcase classname="tests.procedure_delegation_visibility.test_editor_security.TestFrozenJwtLifetime" name="test_lifetime_is_finite_positive" time="0.001" /><testcase classname="tests.procedure_delegation_visibility.test_editor_security.TestFrozenJwtLifetime" name="test_lifetime_config_id_stable" time="0.000" /><testcase classname="tests.procedure_delegation_visibility.test_editor_security.TestEditorTokenValidation" name="test_sign_and_validate_roundtrip" time="0.006" /><testcase classname="tests.procedure_delegation_visibility.test_editor_security.TestEditorTokenValidation" name="test_signed_token_carries_all_required_claims" time="0.001" /><testcase classname="tests.procedure_delegation_visibility.test_editor_security.TestEditorTokenValidation" name="test_missing_secret_fail_closed" time="0.000" /><testcase classname="tests.procedure_delegation_visibility.test_editor_security.TestEditorTokenValidation" name="test_empty_token_fail_closed" time="0.001" /><testcase classname="tests.procedure_delegation_visibility.test_editor_security.TestEditorTokenValidation" name="test_bad_signature_fail_closed" time="0.000" /><testcase classname="tests.procedure_delegation_visibility.test_editor_security.TestEditorTokenValidation" name="test_expired_token_fail_closed" time="0.001" /><testcase classname="tests.procedure_delegation_visibility.test_editor_security.TestEditorTokenValidation" name="test_empty_claim_fail_closed" time="0.001" /><testcase classname="tests.procedure_delegation_visibility.test_editor_security.TestEditorTokenValidation" name="test_missing_claim_fail_closed" time="0.000" /><testcase classname="tests.procedure_delegation_visibility.test_editor_security.TestEditorTokenValidation" name="test_jti_required_non_empty" time="0.000" /><testcase classname="tests.procedure_delegation_visibility.test_editor_security.TestEditorTokenValidation" name="test_cross_resource_replay_claim_mismatch[project_id]" time="0.000" /><testcase classname="tests.procedure_delegation_visibility.test_editor_security.TestEditorTokenValidation" name="test_cross_resource_replay_claim_mismatch[wp_id]" time="0.000" /><testcase classname="tests.procedure_delegation_visibility.test_editor_security.TestEditorTokenValidation" name="test_cross_resource_replay_claim_mismatch[sheet_name]" time="0.000" /><testcase classname="tests.procedure_delegation_visibility.test_editor_security.TestEditorTokenValidation" name="test_cross_resource_replay_claim_mismatch[wp_code]" time="0.000" /><testcase classname="tests.procedure_delegation_visibility.test_editor_security.TestEditorTokenValidation" name="test_cross_resource_replay_claim_mismatch[version]" time="0.000" /><testcase classname="tests.procedure_delegation_visibility.test_editor_security.TestEditorTokenValidation" name="test_cross_resource_replay_claim_mismatch[action]" time="0.000" /><testcase classname="tests.procedure_delegation_visibility.test_editor_security.TestEditorTokenValidation" name="test_readonly_token_rejected_for_write" time="0.000" /><testcase classname="tests.procedure_delegation_visibility.test_editor_security.TestEditorTokenValidation" name="test_write_token_allowed_for_write" time="0.001" /><testcase classname="tests.procedure_delegation_visibility.test_editor_security.TestEditorTokenValidation" name="test_version_conflict_via_claim_binding" time="0.000" /><testcase classname="tests.procedure_delegation_visibility.test_editor_security.TestEditorTokenValidation" name="test_sign_requires_secret" time="0.000" /><testcase classname="tests.procedure_delegation_visibility.test_editor_security.TestEditorTokenValidation" name="test_read_write_action_sets_disjoint" time="0.000" /><testcase classname="tests.procedure_delegation_visibility.test_editor_security.TestClaimsBinding" name="test_all_bound_keys_match" time="0.000" /><testcase classname="tests.procedure_delegation_visibility.test_editor_security.TestClaimsBinding" name="test_missing_expected_key_skipped" time="0.000" /><testcase classname="tests.procedure_delegation_visibility.test_editor_security.TestClaimsBinding" name="test_none_claim_rejected" time="0.000" /><testcase classname="tests.procedure_delegation_visibility.test_editor_security.TestUserCanWrite" name="test_truth_table[True-True-True-True]" time="0.000" /><testcase classname="tests.procedure_delegation_visibility.test_editor_security.TestUserCanWrite" name="test_truth_table[False-True-True-False]" time="0.000" /><testcase classname="tests.procedure_delegation_visibility.test_editor_security.TestUserCanWrite" name="test_truth_table[True-False-True-False]" time="0.000" /><testcase classname="tests.procedure_delegation_visibility.test_editor_security.TestUserCanWrite" name="test_truth_table[True-True-False-False]" time="0.000" /><testcase classname="tests.procedure_delegation_visibility.test_editor_security.TestUserCanWrite" name="test_truth_table[False-False-False-False]" time="0.001" /><testcase classname="tests.procedure_delegation_visibility.test_editor_security.TestCallbackPreconditions" name="test_all_pass" time="0.000" /><testcase classname="tests.procedure_delegation_visibility.test_editor_security.TestCallbackPreconditions" name="test_version_conflict" time="0.000" /><testcase classname="tests.procedure_delegation_visibility.test_editor_security.TestCallbackPreconditions" name="test_readonly_token_rejected" time="0.000" /><testcase classname="tests.procedure_delegation_visibility.test_editor_security.TestCallbackPreconditions" name="test_action_mismatch" time="0.000" /><testcase classname="tests.procedure_delegation_visibility.test_editor_security.TestCallbackPreconditions" name="test_revoked_session_not_delegated" time="0.000" /><testcase classname="tests.procedure_delegation_visibility.test_editor_security.TestCallbackPreconditions" name="test_stale_epoch" time="0.000" /><testcase classname="tests.procedure_delegation_visibility.test_editor_security.TestEditorTokenPBT" name="test_valid_token_roundtrip" time="0.141" /><testcase classname="tests.procedure_delegation_visibility.test_editor_security.TestEditorTokenPBT" name="test_tampered_wp_always_rejected" time="0.075" /><testcase classname="tests.procedure_delegation_visibility.test_editor_security.TestGateSignedTokenIntegration" name="test_signed_token_editor_config_allow" time="0.121" /><testcase classname="tests.procedure_delegation_visibility.test_editor_security.TestGateSignedTokenIntegration" name="test_signed_token_cross_resource_replay_denied" time="0.130" /><testcase classname="tests.procedure_delegation_visibility.test_editor_security.TestGateSignedTokenIntegration" name="test_signed_token_expired_denied" time="0.133" /><testcase classname="tests.procedure_delegation_visibility.test_editor_security.TestGateSignedTokenIntegration" name="test_signed_token_secret_missing_denied" time="0.133" /><testcase classname="tests.procedure_delegation_visibility.test_editor_security.TestGateSignedTokenIntegration" name="test_signed_token_version_conflict_denied" time="0.113" /><testcase classname="tests.procedure_delegation_visibility.test_delegation_transaction_pbt" name="test_pbt_mapping_transaction_invariants" time="13.562" /><testcase classname="tests.procedure_delegation_visibility.test_delegation_transaction_pbt" name="test_pbt_layers_never_overwrite" time="22.938" /><testcase classname="tests.procedure_delegation_visibility.test_delegation_transaction_pbt" name="test_pbt_epoch_monotonic_and_atomic" time="17.677" /><testcase classname="tests.procedure_delegation_visibility.test_delegation_transaction_pbt" name="test_pbt_scope_expansion_atomic" time="15.499" /><testcase classname="tests.procedure_delegation_visibility.test_task13_epoch_cache_rate_profile.TestProperty18EpochCache" name="test_cache_key_includes_epoch_and_hits" time="0.109" /><testcase classname="tests.procedure_delegation_visibility.test_task13_epoch_cache_rate_profile.TestProperty18EpochCache" name="test_epoch_bump_within_ttl_then_converges_after_ttl" time="0.109" /><testcase classname="tests.procedure_delegation_visibility.test_task13_epoch_cache_rate_profile.TestProperty18EpochCache" name="test_redis_invalidate_converges_immediately" time="0.109" /><testcase classname="tests.procedure_delegation_visibility.test_task13_epoch_cache_rate_profile.TestProperty18EpochCache" name="test_epoch_unavailable_fails_closed_no_stale" time="0.118" /><testcase classname="tests.procedure_delegation_visibility.test_task13_epoch_cache_rate_profile" name="test_invalidation_channel_is_per_project" time="0.001" /><testcase classname="tests.procedure_delegation_visibility.test_task13_epoch_cache_rate_profile.TestProperty18ThroughGate" name="test_gate_with_epoch_cache_allows_then_denies_after_revoke" time="0.184" /><testcase classname="tests.procedure_delegation_visibility.test_task13_epoch_cache_rate_profile.TestProperty18ThroughGate" name="test_gate_epoch_cache_immediate_invalidate_denies" time="0.157" /><testcase classname="tests.procedure_delegation_visibility.test_task13_epoch_cache_rate_profile.TestProperty19RateLimitProfile" name="test_measurement_only_profile_is_inert_no_thresholds" time="0.001" /><testcase classname="tests.procedure_delegation_visibility.test_task13_epoch_cache_rate_profile.TestProperty19RateLimitProfile" name="test_measurement_limiter_never_limits_when_inert" time="0.003" /><testcase classname="tests.procedure_delegation_visibility.test_task13_epoch_cache_rate_profile.TestProperty19RateLimitProfile" name="test_freeze_requires_matching_performance_version" time="0.001" /><testcase classname="tests.procedure_delegation_visibility.test_task13_epoch_cache_rate_profile.TestProperty19RateLimitProfile" name="test_freeze_requires_positive_thresholds" time="0.000" /><testcase classname="tests.procedure_delegation_visibility.test_task13_epoch_cache_rate_profile.TestProperty19RateLimitProfile" name="test_freeze_requires_some_threshold" time="0.000" /><testcase classname="tests.procedure_delegation_visibility.test_task13_epoch_cache_rate_profile.TestProperty19RateLimitProfile" name="test_frozen_profile_activates_and_references_capacity_hash" time="0.000" /><testcase classname="tests.procedure_delegation_visibility.test_task13_epoch_cache_rate_profile.TestProperty19RateLimitProfile" name="test_activated_limiter_within_threshold_then_429_with_retry_after" time="0.000" /><testcase classname="tests.procedure_delegation_visibility.test_task13_epoch_cache_rate_profile.TestProperty19RateLimitProfile" name="test_unfrozen_thresholds_stay_inert" time="0.000" /><testcase classname="tests.procedure_delegation_visibility.test_task13_epoch_cache_rate_profile.TestProperty19ResourceIndependent429" name="test_activated_profile_429_before_resource_resolution" time="0.068" /><testcase classname="tests.procedure_delegation_visibility.test_task13_epoch_cache_rate_profile.TestProperty19ResourceIndependent429" name="test_measurement_default_never_limits_through_gate" time="0.130" /><testcase classname="tests.procedure_delegation_visibility.test_task13_epoch_cache_rate_profile.TestObservabilityMetrics" name="test_percentile_nearest_rank" time="0.001" /><testcase classname="tests.procedure_delegation_visibility.test_task13_epoch_cache_rate_profile.TestObservabilityMetrics" name="test_measure_records_latency_and_p95" time="0.000" /><testcase classname="tests.procedure_delegation_visibility.test_task13_epoch_cache_rate_profile.TestObservabilityMetrics" name="test_error_allow_and_reason_distribution" time="0.000" /><testcase classname="tests.procedure_delegation_visibility.test_task13_epoch_cache_rate_profile.TestObservabilityMetrics" name="test_query_count_tracks_no_n1" time="0.000" /><testcase classname="tests.procedure_delegation_visibility.test_task13_epoch_cache_rate_profile" name="test_handle_invalidation_message_parses_channel_and_invalidates" time="0.001" /><testcase classname="tests.procedure_delegation_visibility.test_task13_epoch_cache_rate_profile" name="test_dispatcher_degrades_when_redis_unavailable" time="0.002" /><testcase classname="tests.procedure_delegation_visibility.test_task13_epoch_cache_rate_profile" name="test_subscriber_returns_immediately_when_redis_unavailable" time="0.001" /><testcase classname="tests.procedure_delegation_visibility.test_task13_epoch_cache_rate_profile.TestInvalidationDispatcherThroughRedis" name="test_publish_pending_fans_out_and_invalidates_local" time="0.140" /><testcase classname="tests.procedure_delegation_visibility.test_task13_epoch_cache_rate_profile.TestInvalidationDispatcherThroughRedis" name="test_publish_pending_cursor_skips_already_published" time="0.133" /><testcase classname="tests.procedure_delegation_visibility.test_task13_epoch_cache_rate_profile.TestInvalidationDispatcherThroughRedis" name="test_subscriber_invalidates_on_published_message" time="1.311" /><testcase classname="tests.procedure_delegation_visibility.test_task14_property_gaps" name="test_p16_ledger_bidirectional_and_no_fake_pass" time="0.474" /><testcase classname="tests.procedure_delegation_visibility.test_task14_property_gaps" name="test_p19_profile_activation_requires_capacity_evidence" time="0.094" /><testcase classname="tests.procedure_delegation_visibility.test_task14_property_gaps" name="test_p20_evidence_append_only_hash_complete" time="1.161" /><testcase classname="tests.procedure_delegation_visibility.test_task14_property_gaps" name="test_p9_reviewer_whitelist_only" time="12.424" /><testcase classname="tests.procedure_delegation_visibility.test_task14_property_gaps" name="test_p10_binding_claim_conflict_fail_closed" time="10.782" /><testcase classname="tests.procedure_delegation_visibility.test_task14_property_gaps" name="test_p12_audit_failure_never_changes_contract" time="9.443" /><testcase classname="tests.procedure_delegation_visibility.test_task14_property_gaps" name="test_p15_display_and_client_identity_never_authorize" time="10.163" /><testcase classname="tests.procedure_delegation_visibility.test_task14_property_gaps" name="test_p18_revocation_converges_no_stale_allow" time="9.936" /><testcase classname="tests.procedure_delegation_visibility.test_task14_property_gaps" name="test_zzz_pbt_coverage_report_and_valid_example_counts" time="0.001" /><testcase classname="tests.procedure_delegation_visibility.test_task14_pbt_profiles" name="test_profiles_registered_and_correctness_ge_100" time="0.000" /><testcase classname="tests.procedure_delegation_visibility.test_task14_pbt_profiles" name="test_same_source_batch_runs_both_tiers" time="0.129" /><testcase classname="tests.procedure_delegation_visibility.test_task14_pbt_profiles" name="test_property_matrix_covers_p1_to_p20_and_files_exist" time="0.001" /><testcase classname="tests.procedure_delegation_visibility.test_task14_pbt_profiles" name="test_prompt_to_design_mapping_is_complete" time="0.002" /></testsuite></testsuites>