{"numTotalTestSuites":33,"numPassedTestSuites":26,"numFailedTestSuites":7,"numPendingTestSuites":0,"numTotalTests":121,"numPassedTests":110,"numFailedTests":11,"numPendingTests":0,"numTodoTests":0,"snapshot":{"added":0,"failure":false,"filesAdded":0,"filesRemoved":0,"filesRemovedList":[],"filesUnmatched":0,"filesUpdated":0,"matched":0,"total":0,"unchecked":0,"uncheckedKeysByFile":[],"unmatched":0,"updated":0,"didUpdate":false},"startTime":1784599298856,"success":false,"testResults":[{"assertionResults":[{"ancestorTitles":["AssetImpairmentDialog (H-F12)"],"fullName":"AssetImpairmentDialog (H-F12) 1. visible=true 时组件可挂载","status":"passed","title":"1. visible=true 时组件可挂载","duration":9.131200000000263,"failureMessages":[],"meta":{}},{"ancestorTitles":["AssetImpairmentDialog (H-F12)"],"fullName":"AssetImpairmentDialog (H-F12) 2. 表单默认值正确","status":"passed","title":"2. 表单默认值正确","duration":1.7933000000002721,"failureMessages":[],"meta":{}},{"ancestorTitles":["AssetImpairmentDialog (H-F12)"],"fullName":"AssetImpairmentDialog (H-F12) 3. isFormValid 校验：asset_group_id 为空时无效","status":"passed","title":"3. isFormValid 校验：asset_group_id 为空时无效","duration":1.3637000000003354,"failureMessages":[],"meta":{}},{"ancestorTitles":["AssetImpairmentDialog (H-F12)"],"fullName":"AssetImpairmentDialog (H-F12) 3b. isFormValid 校验：book_value <= 0 时无效","status":"passed","title":"3b. isFormValid 校验：book_value <= 0 时无效","duration":1.0574000000001433,"failureMessages":[],"meta":{}},{"ancestorTitles":["AssetImpairmentDialog (H-F12)"],"fullName":"AssetImpairmentDialog (H-F12) 3c. isFormValid 校验：discount_rate 超范围时无效","status":"passed","title":"3c. isFormValid 校验：discount_rate 超范围时无效","duration":0.9451999999996588,"failureMessages":[],"meta":{}},{"ancestorTitles":["AssetImpairmentDialog (H-F12)"],"fullName":"AssetImpairmentDialog (H-F12) 3d. isFormValid 校验：所有现金流为 0 时无效","status":"passed","title":"3d. isFormValid 校验：所有现金流为 0 时无效","duration":0.7300000000000182,"failureMessages":[],"meta":{}},{"ancestorTitles":["AssetImpairmentDialog (H-F12)"],"fullName":"AssetImpairmentDialog (H-F12) 4. onAnalyze 调用 API 并存储 result","status":"passed","title":"4. onAnalyze 调用 API 并存储 result","duration":17.977600000000166,"failureMessages":[],"meta":{}},{"ancestorTitles":["AssetImpairmentDialog (H-F12)"],"fullName":"AssetImpairmentDialog (H-F12) 5. onApplyToSheet 写回联动 + emit applied","status":"passed","title":"5. onApplyToSheet 写回联动 + emit applied","duration":4.101700000000164,"failureMessages":[],"meta":{}},{"ancestorTitles":["AssetImpairmentDialog (H-F12)"],"fullName":"AssetImpairmentDialog (H-F12) 6. result 在弹窗关闭时重置","status":"passed","title":"6. result 在弹窗关闭时重置","duration":1.409900000000107,"failureMessages":[],"meta":{}},{"ancestorTitles":["AssetImpairmentDialog (H-F12)"],"fullName":"AssetImpairmentDialog (H-F12) 7. addCashFlowYear / removeCashFlowYear 操作","status":"passed","title":"7. addCashFlowYear / removeCashFlowYear 操作","duration":1.3187000000002627,"failureMessages":[],"meta":{}},{"ancestorTitles":["AssetImpairmentDialog (H-F12)"],"fullName":"AssetImpairmentDialog (H-F12) 8. onApplyToSheet 无 targetSheet 时不调 API","status":"passed","title":"8. onApplyToSheet 无 targetSheet 时不调 API","duration":2.981500000000324,"failureMessages":[],"meta":{}},{"ancestorTitles":["AssetImpairmentDialog (H-F12)"],"fullName":"AssetImpairmentDialog (H-F12) 9. buildRequestBody 含 fair_value_less_costs 时包含该字段","status":"passed","title":"9. buildRequestBody 含 fair_value_less_costs 时包含该字段","duration":0.674199999999928,"failureMessages":[],"meta":{}},{"ancestorTitles":["AssetImpairmentDialog (H-F12)"],"fullName":"AssetImpairmentDialog (H-F12) 10. buildRequestBody 不含 fair_value_less_costs 时不包含该字段","status":"passed","title":"10. buildRequestBody 不含 fair_value_less_costs 时不包含该字段","duration":0.6960999999996602,"failureMessages":[],"meta":{}}],"startTime":1784599300984,"endTime":1784599301027.696,"status":"passed","message":"","name":"D:/GT_plan/audit-platform/frontend/src/components/workpaper/__tests__/AssetImpairmentDialog.spec.ts"},{"assertionResults":[{"ancestorTitles":["EquityMovementDialog — 组件挂载"],"fullName":"EquityMovementDialog — 组件挂载 组件可正常挂载","status":"passed","title":"组件可正常挂载","duration":29.810999999999922,"failureMessages":[],"meta":{}},{"ancestorTitles":["EquityMovementDialog — 组件挂载"],"fullName":"EquityMovementDialog — 组件挂载 无 targetSheet 时组件仍可挂载","status":"passed","title":"无 targetSheet 时组件仍可挂载","duration":5.3396999999999935,"failureMessages":[],"meta":{}},{"ancestorTitles":["EquityMovementDialog — buildRequestBody 逻辑"],"fullName":"EquityMovementDialog — buildRequestBody 逻辑 默认表单构造正确 payload（opening_balances 全 0 + changes 全 0）","status":"passed","title":"默认表单构造正确 payload（opening_balances 全 0 + changes 全 0）","duration":4.7150000000001455,"failureMessages":[],"meta":{}},{"ancestorTitles":["EquityMovementDialog — buildRequestBody 逻辑"],"fullName":"EquityMovementDialog — buildRequestBody 逻辑 传入 applySheet 参数时 apply_to_sheet 正确设置","status":"passed","title":"传入 applySheet 参数时 apply_to_sheet 正确设置","duration":3.639299999999821,"failureMessages":[],"meta":{}},{"ancestorTitles":["EquityMovementDialog — buildRequestBody 逻辑"],"fullName":"EquityMovementDialog — buildRequestBody 逻辑 表单修改后 payload 反映新值","status":"passed","title":"表单修改后 payload 反映新值","duration":4.575700000000097,"failureMessages":[],"meta":{}},{"ancestorTitles":["EquityMovementDialog — formatAmount"],"fullName":"EquityMovementDialog — formatAmount 正数格式化为千分位 + 2 位小数","status":"failed","title":"正数格式化为千分位 + 2 位小数","duration":5.510099999999966,"failureMessages":["TypeError: vm.formatAmount is not a function\n    at D:\\GT_plan\\audit-platform\\frontend\\src\\components\\workpaper\\__tests__\\EquityMovementDialog.spec.ts:156:23\n    at file:///D:/GT_plan/audit-platform/frontend/node_modules/@vitest/runner/dist/chunk-hooks.js:155:11\n    at file:///D:/GT_plan/audit-platform/frontend/node_modules/@vitest/runner/dist/chunk-hooks.js:752:26\n    at file:///D:/GT_plan/audit-platform/frontend/node_modules/@vitest/runner/dist/chunk-hooks.js:1897:20\n    at new Promise (<anonymous>)\n    at runWithTimeout (file:///D:/GT_plan/audit-platform/frontend/node_modules/@vitest/runner/dist/chunk-hooks.js:1863:10)\n    at runTest (file:///D:/GT_plan/audit-platform/frontend/node_modules/@vitest/runner/dist/chunk-hooks.js:1574:12)\n    at processTicksAndRejections (node:internal/process/task_queues:104:5)\n    at runSuite (file:///D:/GT_plan/audit-platform/frontend/node_modules/@vitest/runner/dist/chunk-hooks.js:1729:8)\n    at runSuite (file:///D:/GT_plan/audit-platform/frontend/node_modules/@vitest/runner/dist/chunk-hooks.js:1729:8)"],"meta":{}},{"ancestorTitles":["EquityMovementDialog — formatAmount"],"fullName":"EquityMovementDialog — formatAmount 零值格式化正确","status":"failed","title":"零值格式化正确","duration":3.4665999999999713,"failureMessages":["TypeError: vm.formatAmount is not a function\n    at D:\\GT_plan\\audit-platform\\frontend\\src\\components\\workpaper\\__tests__\\EquityMovementDialog.spec.ts:169:15\n    at file:///D:/GT_plan/audit-platform/frontend/node_modules/@vitest/runner/dist/chunk-hooks.js:155:11\n    at file:///D:/GT_plan/audit-platform/frontend/node_modules/@vitest/runner/dist/chunk-hooks.js:752:26\n    at file:///D:/GT_plan/audit-platform/frontend/node_modules/@vitest/runner/dist/chunk-hooks.js:1897:20\n    at new Promise (<anonymous>)\n    at runWithTimeout (file:///D:/GT_plan/audit-platform/frontend/node_modules/@vitest/runner/dist/chunk-hooks.js:1863:10)\n    at runTest (file:///D:/GT_plan/audit-platform/frontend/node_modules/@vitest/runner/dist/chunk-hooks.js:1574:12)\n    at processTicksAndRejections (node:internal/process/task_queues:104:5)\n    at runSuite (file:///D:/GT_plan/audit-platform/frontend/node_modules/@vitest/runner/dist/chunk-hooks.js:1729:8)\n    at runSuite (file:///D:/GT_plan/audit-platform/frontend/node_modules/@vitest/runner/dist/chunk-hooks.js:1729:8)"],"meta":{}},{"ancestorTitles":["EquityMovementDialog — formatAmount"],"fullName":"EquityMovementDialog — formatAmount 非数字字符串原样返回","status":"failed","title":"非数字字符串原样返回","duration":3.4630999999999403,"failureMessages":["TypeError: vm.formatAmount is not a function\n    at D:\\GT_plan\\audit-platform\\frontend\\src\\components\\workpaper\\__tests__\\EquityMovementDialog.spec.ts:179:15\n    at file:///D:/GT_plan/audit-platform/frontend/node_modules/@vitest/runner/dist/chunk-hooks.js:155:11\n    at file:///D:/GT_plan/audit-platform/frontend/node_modules/@vitest/runner/dist/chunk-hooks.js:752:26\n    at file:///D:/GT_plan/audit-platform/frontend/node_modules/@vitest/runner/dist/chunk-hooks.js:1897:20\n    at new Promise (<anonymous>)\n    at runWithTimeout (file:///D:/GT_plan/audit-platform/frontend/node_modules/@vitest/runner/dist/chunk-hooks.js:1863:10)\n    at runTest (file:///D:/GT_plan/audit-platform/frontend/node_modules/@vitest/runner/dist/chunk-hooks.js:1574:12)\n    at processTicksAndRejections (node:internal/process/task_queues:104:5)\n    at runSuite (file:///D:/GT_plan/audit-platform/frontend/node_modules/@vitest/runner/dist/chunk-hooks.js:1729:8)\n    at runSuite (file:///D:/GT_plan/audit-platform/frontend/node_modules/@vitest/runner/dist/chunk-hooks.js:1729:8)"],"meta":{}},{"ancestorTitles":["EquityMovementDialog — formatAmount"],"fullName":"EquityMovementDialog — formatAmount 负数格式化正确","status":"failed","title":"负数格式化正确","duration":3.326999999999998,"failureMessages":["TypeError: vm.formatAmount is not a function\n    at D:\\GT_plan\\audit-platform\\frontend\\src\\components\\workpaper\\__tests__\\EquityMovementDialog.spec.ts:189:23\n    at file:///D:/GT_plan/audit-platform/frontend/node_modules/@vitest/runner/dist/chunk-hooks.js:155:11\n    at file:///D:/GT_plan/audit-platform/frontend/node_modules/@vitest/runner/dist/chunk-hooks.js:752:26\n    at file:///D:/GT_plan/audit-platform/frontend/node_modules/@vitest/runner/dist/chunk-hooks.js:1897:20\n    at new Promise (<anonymous>)\n    at runWithTimeout (file:///D:/GT_plan/audit-platform/frontend/node_modules/@vitest/runner/dist/chunk-hooks.js:1863:10)\n    at runTest (file:///D:/GT_plan/audit-platform/frontend/node_modules/@vitest/runner/dist/chunk-hooks.js:1574:12)\n    at processTicksAndRejections (node:internal/process/task_queues:104:5)\n    at runSuite (file:///D:/GT_plan/audit-platform/frontend/node_modules/@vitest/runner/dist/chunk-hooks.js:1729:8)\n    at runSuite (file:///D:/GT_plan/audit-platform/frontend/node_modules/@vitest/runner/dist/chunk-hooks.js:1729:8)"],"meta":{}},{"ancestorTitles":["EquityMovementDialog — formatChange"],"fullName":"EquityMovementDialog — formatChange 正数添加 + 前缀","status":"failed","title":"正数添加 + 前缀","duration":20.146399999999858,"failureMessages":["AssertionError: expected '+10.00' to contain '100,000.00'\n    at D:\\GT_plan\\audit-platform\\frontend\\src\\components\\workpaper\\__tests__\\EquityMovementDialog.spec.ts:203:20\n    at file:///D:/GT_plan/audit-platform/frontend/node_modules/@vitest/runner/dist/chunk-hooks.js:155:11\n    at file:///D:/GT_plan/audit-platform/frontend/node_modules/@vitest/runner/dist/chunk-hooks.js:752:26\n    at file:///D:/GT_plan/audit-platform/frontend/node_modules/@vitest/runner/dist/chunk-hooks.js:1897:20\n    at new Promise (<anonymous>)\n    at runWithTimeout (file:///D:/GT_plan/audit-platform/frontend/node_modules/@vitest/runner/dist/chunk-hooks.js:1863:10)\n    at runTest (file:///D:/GT_plan/audit-platform/frontend/node_modules/@vitest/runner/dist/chunk-hooks.js:1574:12)\n    at processTicksAndRejections (node:internal/process/task_queues:104:5)\n    at runSuite (file:///D:/GT_plan/audit-platform/frontend/node_modules/@vitest/runner/dist/chunk-hooks.js:1729:8)\n    at runSuite (file:///D:/GT_plan/audit-platform/frontend/node_modules/@vitest/runner/dist/chunk-hooks.js:1729:8)"],"meta":{}},{"ancestorTitles":["EquityMovementDialog — formatChange"],"fullName":"EquityMovementDialog — formatChange 负数保留 - 前缀（不加 +）","status":"failed","title":"负数保留 - 前缀（不加 +）","duration":3.7512000000001535,"failureMessages":["AssertionError: expected '-16.00' to contain '160,000.00'\n    at D:\\GT_plan\\audit-platform\\frontend\\src\\components\\workpaper\\__tests__\\EquityMovementDialog.spec.ts:214:20\n    at file:///D:/GT_plan/audit-platform/frontend/node_modules/@vitest/runner/dist/chunk-hooks.js:155:11\n    at file:///D:/GT_plan/audit-platform/frontend/node_modules/@vitest/runner/dist/chunk-hooks.js:752:26\n    at file:///D:/GT_plan/audit-platform/frontend/node_modules/@vitest/runner/dist/chunk-hooks.js:1897:20\n    at new Promise (<anonymous>)\n    at runWithTimeout (file:///D:/GT_plan/audit-platform/frontend/node_modules/@vitest/runner/dist/chunk-hooks.js:1863:10)\n    at runTest (file:///D:/GT_plan/audit-platform/frontend/node_modules/@vitest/runner/dist/chunk-hooks.js:1574:12)\n    at processTicksAndRejections (node:internal/process/task_queues:104:5)\n    at runSuite (file:///D:/GT_plan/audit-platform/frontend/node_modules/@vitest/runner/dist/chunk-hooks.js:1729:8)\n    at runSuite (file:///D:/GT_plan/audit-platform/frontend/node_modules/@vitest/runner/dist/chunk-hooks.js:1729:8)"],"meta":{}},{"ancestorTitles":["EquityMovementDialog — formatChange"],"fullName":"EquityMovementDialog — formatChange 零值不加前缀","status":"failed","title":"零值不加前缀","duration":3.69380000000001,"failureMessages":["AssertionError: expected '-' to contain '0.00'\n    at D:\\GT_plan\\audit-platform\\frontend\\src\\components\\workpaper\\__tests__\\EquityMovementDialog.spec.ts:225:20\n    at file:///D:/GT_plan/audit-platform/frontend/node_modules/@vitest/runner/dist/chunk-hooks.js:155:11\n    at file:///D:/GT_plan/audit-platform/frontend/node_modules/@vitest/runner/dist/chunk-hooks.js:752:26\n    at file:///D:/GT_plan/audit-platform/frontend/node_modules/@vitest/runner/dist/chunk-hooks.js:1897:20\n    at new Promise (<anonymous>)\n    at runWithTimeout (file:///D:/GT_plan/audit-platform/frontend/node_modules/@vitest/runner/dist/chunk-hooks.js:1863:10)\n    at runTest (file:///D:/GT_plan/audit-platform/frontend/node_modules/@vitest/runner/dist/chunk-hooks.js:1574:12)\n    at processTicksAndRejections (node:internal/process/task_queues:104:5)\n    at runSuite (file:///D:/GT_plan/audit-platform/frontend/node_modules/@vitest/runner/dist/chunk-hooks.js:1729:8)\n    at runSuite (file:///D:/GT_plan/audit-platform/frontend/node_modules/@vitest/runner/dist/chunk-hooks.js:1729:8)"],"meta":{}},{"ancestorTitles":["EquityMovementDialog — formatChange"],"fullName":"EquityMovementDialog — formatChange 非数字字符串原样返回","status":"passed","title":"非数字字符串原样返回","duration":2.8921000000000276,"failureMessages":[],"meta":{}},{"ancestorTitles":["EquityMovementDialog — emit update:visible"],"fullName":"EquityMovementDialog — emit update:visible 关闭按钮触发 update:visible(false)","status":"passed","title":"关闭按钮触发 update:visible(false)","duration":7.695500000000038,"failureMessages":[],"meta":{}},{"ancestorTitles":["EquityMovementDialog — 采纳并写回按钮 disabled"],"fullName":"EquityMovementDialog — 采纳并写回按钮 disabled 无 targetSheet 时写回按钮 disabled","status":"passed","title":"无 targetSheet 时写回按钮 disabled","duration":5.955000000000155,"failureMessages":[],"meta":{}},{"ancestorTitles":["EquityMovementDialog — 采纳并写回按钮 disabled"],"fullName":"EquityMovementDialog — 采纳并写回按钮 disabled 有 targetSheet 时写回按钮不 disabled","status":"passed","title":"有 targetSheet 时写回按钮不 disabled","duration":3.0598999999999705,"failureMessages":[],"meta":{}},{"ancestorTitles":["EquityMovementDialog — is_llm_stub 指示器"],"fullName":"EquityMovementDialog — is_llm_stub 指示器 isLlmStub=true 时显示 warning tag","status":"passed","title":"isLlmStub=true 时显示 warning tag","duration":3.807600000000093,"failureMessages":[],"meta":{}},{"ancestorTitles":["EquityMovementDialog — is_llm_stub 指示器"],"fullName":"EquityMovementDialog — is_llm_stub 指示器 isLlmStub=false 时显示 success tag","status":"passed","title":"isLlmStub=false 时显示 success tag","duration":3.461999999999989,"failureMessages":[],"meta":{}},{"ancestorTitles":["EquityMovementDialog — is_llm_stub 指示器"],"fullName":"EquityMovementDialog — is_llm_stub 指示器 isLlmStub=null 时不显示 tag","status":"passed","title":"isLlmStub=null 时不显示 tag","duration":2.1024999999999636,"failureMessages":[],"meta":{}}],"startTime":1784599300270,"endTime":1784599300392.1025,"status":"failed","message":"","name":"D:/GT_plan/audit-platform/frontend/src/components/workpaper/__tests__/EquityMovementDialog.spec.ts"},{"assertionResults":[{"ancestorTitles":["FairValueTestDialog (G-F4)"],"fullName":"FairValueTestDialog (G-F4) 1. visible=true 时组件可挂载","status":"passed","title":"1. visible=true 时组件可挂载","duration":9.826399999999921,"failureMessages":[],"meta":{}},{"ancestorTitles":["FairValueTestDialog (G-F4)"],"fullName":"FairValueTestDialog (G-F4) 2. 表单默认值正确（Level 1 默认）","status":"passed","title":"2. 表单默认值正确（Level 1 默认）","duration":1.917299999999841,"failureMessages":[],"meta":{}},{"ancestorTitles":["FairValueTestDialog (G-F4)"],"fullName":"FairValueTestDialog (G-F4) 3a. Level 1 isFormValid：缺 market_price 时无效","status":"passed","title":"3a. Level 1 isFormValid：缺 market_price 时无效","duration":1.5937999999998738,"failureMessages":[],"meta":{}},{"ancestorTitles":["FairValueTestDialog (G-F4)"],"fullName":"FairValueTestDialog (G-F4) 3b. Level 2 isFormValid：credit_spread 越界时无效","status":"passed","title":"3b. Level 2 isFormValid：credit_spread 越界时无效","duration":1.4451000000001386,"failureMessages":[],"meta":{}},{"ancestorTitles":["FairValueTestDialog (G-F4)"],"fullName":"FairValueTestDialog (G-F4) 3c. Level 3 isFormValid：discount_rate 超 0~1 时无效","status":"passed","title":"3c. Level 3 isFormValid：discount_rate 超 0~1 时无效","duration":0.914299999999912,"failureMessages":[],"meta":{}},{"ancestorTitles":["FairValueTestDialog (G-F4)"],"fullName":"FairValueTestDialog (G-F4) 3d. Level 3 isFormValid：所有现金流为 0 时无效","status":"passed","title":"3d. Level 3 isFormValid：所有现金流为 0 时无效","duration":0.7601999999997133,"failureMessages":[],"meta":{}},{"ancestorTitles":["FairValueTestDialog (G-F4)"],"fullName":"FairValueTestDialog (G-F4) 4a. buildRequestBody Level 1：含 market_price + price_date","status":"passed","title":"4a. buildRequestBody Level 1：含 market_price + price_date","duration":0.8885999999997694,"failureMessages":[],"meta":{}},{"ancestorTitles":["FairValueTestDialog (G-F4)"],"fullName":"FairValueTestDialog (G-F4) 4b. buildRequestBody Level 2：含 interest_rate_curve + credit_spread + volatility","status":"passed","title":"4b. buildRequestBody Level 2：含 interest_rate_curve + credit_spread + volatility","duration":0.793999999999869,"failureMessages":[],"meta":{}},{"ancestorTitles":["FairValueTestDialog (G-F4)"],"fullName":"FairValueTestDialog (G-F4) 4c. buildRequestBody Level 3：含 cash_flow_projections + discount_rate + terminal_value","status":"passed","title":"4c. buildRequestBody Level 3：含 cash_flow_projections + discount_rate + terminal_value","duration":0.9126000000001113,"failureMessages":[],"meta":{}},{"ancestorTitles":["FairValueTestDialog (G-F4)"],"fullName":"FairValueTestDialog (G-F4) 4d. buildRequestBody 含 apply_to_sheet 时序列化该字段","status":"passed","title":"4d. buildRequestBody 含 apply_to_sheet 时序列化该字段","duration":0.7966999999998734,"failureMessages":[],"meta":{}},{"ancestorTitles":["FairValueTestDialog (G-F4)"],"fullName":"FairValueTestDialog (G-F4) 5. onAnalyze 调用正确 endpoint 并存储 result","status":"passed","title":"5. onAnalyze 调用正确 endpoint 并存储 result","duration":18.939100000000053,"failureMessages":[],"meta":{}},{"ancestorTitles":["FairValueTestDialog (G-F4)"],"fullName":"FairValueTestDialog (G-F4) 6. onApplyToSheet 写回联动 + emit applied","status":"passed","title":"6. onApplyToSheet 写回联动 + emit applied","duration":4.367499999999836,"failureMessages":[],"meta":{}},{"ancestorTitles":["FairValueTestDialog (G-F4)"],"fullName":"FairValueTestDialog (G-F4) 7. result 在弹窗关闭时重置","status":"passed","title":"7. result 在弹窗关闭时重置","duration":1.2959999999998217,"failureMessages":[],"meta":{}},{"ancestorTitles":["FairValueTestDialog (G-F4)"],"fullName":"FairValueTestDialog (G-F4) 8a. addCashFlowYear / removeCashFlowYear 操作","status":"passed","title":"8a. addCashFlowYear / removeCashFlowYear 操作","duration":1.0578999999997905,"failureMessages":[],"meta":{}},{"ancestorTitles":["FairValueTestDialog (G-F4)"],"fullName":"FairValueTestDialog (G-F4) 8b. addRateCurvePeriod / removeRateCurvePeriod 操作","status":"passed","title":"8b. addRateCurvePeriod / removeRateCurvePeriod 操作","duration":1.0641999999998006,"failureMessages":[],"meta":{}},{"ancestorTitles":["FairValueTestDialog (G-F4)"],"fullName":"FairValueTestDialog (G-F4) 9. onApplyToSheet 无 targetSheet 时不调 API","status":"passed","title":"9. onApplyToSheet 无 targetSheet 时不调 API","duration":3.094500000000153,"failureMessages":[],"meta":{}}],"startTime":1784599300984,"endTime":1784599301033.0945,"status":"passed","message":"","name":"D:/GT_plan/audit-platform/frontend/src/components/workpaper/__tests__/FairValueTestDialog.spec.ts"},{"assertionResults":[{"ancestorTitles":["GtAuditSheet — tableData 构建与 TB 合并"],"fullName":"GtAuditSheet — tableData 构建与 TB 合并 从 audit_rows 构建 tableData 并合并 tb_values 只读字段","status":"passed","title":"从 audit_rows 构建 tableData 并合并 tb_values 只读字段","duration":46.80289999999968,"failureMessages":[],"meta":{}},{"ancestorTitles":["GtAuditSheet — tableData 构建与 TB 合并"],"fullName":"GtAuditSheet — tableData 构建与 TB 合并 htmlData 变化时重建 tableData","status":"passed","title":"htmlData 变化时重建 tableData","duration":12.366500000000087,"failureMessages":[],"meta":{}},{"ancestorTitles":["GtAuditSheet — 自动计算"],"fullName":"GtAuditSheet — 自动计算 审定数 = 本期未审 + 账项调整 + 重分类","status":"passed","title":"审定数 = 本期未审 + 账项调整 + 重分类","duration":6.124400000000151,"failureMessages":[],"meta":{}},{"ancestorTitles":["GtAuditSheet — 自动计算"],"fullName":"GtAuditSheet — 自动计算 期初审定 = 期初未审","status":"passed","title":"期初审定 = 期初未审","duration":11.362900000000081,"failureMessages":[],"meta":{}},{"ancestorTitles":["GtAuditSheet — 自动计算"],"fullName":"GtAuditSheet — 自动计算 变动额 = 审定数 - 期初审定","status":"passed","title":"变动额 = 审定数 - 期初审定","duration":4.802099999999882,"failureMessages":[],"meta":{}},{"ancestorTitles":["GtAuditSheet — 自动计算"],"fullName":"GtAuditSheet — 自动计算 变动率 = 变动额 ÷ 期初审定","status":"passed","title":"变动率 = 变动额 ÷ 期初审定","duration":5.126800000000003,"failureMessages":[],"meta":{}},{"ancestorTitles":["GtAuditSheet — 自动计算"],"fullName":"GtAuditSheet — 自动计算 期初审定为 0 时变动率返回 null","status":"passed","title":"期初审定为 0 时变动率返回 null","duration":3.6846999999997934,"failureMessages":[],"meta":{}},{"ancestorTitles":["GtAuditSheet — 自动计算"],"fullName":"GtAuditSheet — 自动计算 调整/未审为 null 时按 0 计算审定数","status":"passed","title":"调整/未审为 null 时按 0 计算审定数","duration":2.8883999999998196,"failureMessages":[],"meta":{}},{"ancestorTitles":["GtAuditSheet — 行类型与渲染"],"fullName":"GtAuditSheet — 行类型与渲染 分节行/合计行/bold 行加粗判定","status":"passed","title":"分节行/合计行/bold 行加粗判定","duration":3.6798000000003412,"failureMessages":[],"meta":{}},{"ancestorTitles":["GtAuditSheet — 行类型与渲染"],"fullName":"GtAuditSheet — 行类型与渲染 可编辑行判定：分节行/合计行不可编辑","status":"passed","title":"可编辑行判定：分节行/合计行不可编辑","duration":3.734399999999823,"failureMessages":[],"meta":{}},{"ancestorTitles":["GtAuditSheet — 行类型与渲染"],"fullName":"GtAuditSheet — 行类型与渲染 缩进层级正确保留","status":"passed","title":"缩进层级正确保留","duration":3.2609000000002197,"failureMessages":[],"meta":{}},{"ancestorTitles":["GtAuditSheet — 行类型与渲染"],"fullName":"GtAuditSheet — 行类型与渲染 空 audit_rows 显示空态","status":"passed","title":"空 audit_rows 显示空态","duration":4.886899999999969,"failureMessages":[],"meta":{}},{"ancestorTitles":["GtAuditSheet — field-change 事件"],"fullName":"GtAuditSheet — field-change 事件 编辑列变更触发 field-change","status":"passed","title":"编辑列变更触发 field-change","duration":7.2215000000001055,"failureMessages":[],"meta":{}},{"ancestorTitles":["GtAuditSheet — field-change 事件"],"fullName":"GtAuditSheet — field-change 事件 readonly 模式下编辑列禁用","status":"passed","title":"readonly 模式下编辑列禁用","duration":4.244499999999789,"failureMessages":[],"meta":{}},{"ancestorTitles":["GtAuditSheet — 保存（持久化分层）"],"fullName":"GtAuditSheet — 保存（持久化分层） 点击保存 emit save，载荷形如 { audit_rows }","status":"passed","title":"点击保存 emit save，载荷形如 { audit_rows }","duration":8.356199999999717,"failureMessages":[],"meta":{}},{"ancestorTitles":["GtAuditSheet — 保存（持久化分层）"],"fullName":"GtAuditSheet — 保存（持久化分层） 保存载荷剥离 TB 实时值（opening/current_unadjusted/sys_aje/sys_rje）","status":"passed","title":"保存载荷剥离 TB 实时值（opening/current_unadjusted/sys_aje/sys_rje）","duration":4.8057999999996355,"failureMessages":[],"meta":{}},{"ancestorTitles":["GtAuditSheet — 保存（持久化分层）"],"fullName":"GtAuditSheet — 保存（持久化分层） 保存载荷保留用户编辑列 + 行结构字段","status":"passed","title":"保存载荷保留用户编辑列 + 行结构字段","duration":5.7456999999999425,"failureMessages":[],"meta":{}},{"ancestorTitles":["GtAuditSheet — 保存（持久化分层）"],"fullName":"GtAuditSheet — 保存（持久化分层） 保存载荷反映用户最新编辑值","status":"passed","title":"保存载荷反映用户最新编辑值","duration":6.340099999999893,"failureMessages":[],"meta":{}},{"ancestorTitles":["GtAuditSheet — 保存（持久化分层）"],"fullName":"GtAuditSheet — 保存（持久化分层） readonly 模式点击保存不 emit；按钮禁用","status":"passed","title":"readonly 模式点击保存不 emit；按钮禁用","duration":5.164200000000164,"failureMessages":[],"meta":{}},{"ancestorTitles":["GtAuditSheet — 审计说明 / 审计结论区"],"fullName":"GtAuditSheet — 审计说明 / 审计结论区 从 audit_sections 构建说明/结论正文与标题","status":"passed","title":"从 audit_sections 构建说明/结论正文与标题","duration":3.740299999999934,"failureMessages":[],"meta":{}},{"ancestorTitles":["GtAuditSheet — 审计说明 / 审计结论区"],"fullName":"GtAuditSheet — 审计说明 / 审计结论区 audit_sections 缺失时标题回退默认（审计说明/审计结论）","status":"passed","title":"audit_sections 缺失时标题回退默认（审计说明/审计结论）","duration":2.7757000000001426,"failureMessages":[],"meta":{}},{"ancestorTitles":["GtAuditSheet — 审计说明 / 审计结论区"],"fullName":"GtAuditSheet — 审计说明 / 审计结论区 保存载荷含 audit_sections","status":"passed","title":"保存载荷含 audit_sections","duration":2.8683999999998377,"failureMessages":[],"meta":{}},{"ancestorTitles":["GtAuditSheet — 审计说明 / 审计结论区"],"fullName":"GtAuditSheet — 审计说明 / 审计结论区 用户编辑说明/结论反映到保存载荷","status":"passed","title":"用户编辑说明/结论反映到保存载荷","duration":2.6010000000001128,"failureMessages":[],"meta":{}},{"ancestorTitles":["GtAuditSheet — 审计说明 / 审计结论区"],"fullName":"GtAuditSheet — 审计说明 / 审计结论区 readonly 时 onSectionChange 不修改文本","status":"passed","title":"readonly 时 onSectionChange 不修改文本","duration":2.285899999999856,"failureMessages":[],"meta":{}},{"ancestorTitles":["GtAuditSheet — 审计说明 / 审计结论区"],"fullName":"GtAuditSheet — 审计说明 / 审计结论区 渲染说明/结论两个 textarea 区块","status":"passed","title":"渲染说明/结论两个 textarea 区块","duration":12.547099999999773,"failureMessages":[],"meta":{}},{"ancestorTitles":["GtAuditSheet — TB 消费 + 用户覆盖回退（Task 14）"],"fullName":"GtAuditSheet — TB 消费 + 用户覆盖回退（Task 14） adj_amount=null + sys_aje 有值 → audited 用 sys_aje 回退","status":"passed","title":"adj_amount=null + sys_aje 有值 → audited 用 sys_aje 回退","duration":2.880700000000161,"failureMessages":[],"meta":{}},{"ancestorTitles":["GtAuditSheet — TB 消费 + 用户覆盖回退（Task 14）"],"fullName":"GtAuditSheet — TB 消费 + 用户覆盖回退（Task 14） adj_amount=0（用户显式填 0）+ sys_aje 有值 → audited 用 0（覆盖，不回退）","status":"passed","title":"adj_amount=0（用户显式填 0）+ sys_aje 有值 → audited 用 0（覆盖，不回退）","duration":2.4011999999997897,"failureMessages":[],"meta":{}},{"ancestorTitles":["GtAuditSheet — TB 消费 + 用户覆盖回退（Task 14）"],"fullName":"GtAuditSheet — TB 消费 + 用户覆盖回退（Task 14） adj_amount 有值 + sys_aje 有值 → 用户值覆盖 sys_aje","status":"passed","title":"adj_amount 有值 + sys_aje 有值 → 用户值覆盖 sys_aje","duration":2.254899999999907,"failureMessages":[],"meta":{}},{"ancestorTitles":["GtAuditSheet — TB 消费 + 用户覆盖回退（Task 14）"],"fullName":"GtAuditSheet — TB 消费 + 用户覆盖回退（Task 14） adj_amount=null + sys_aje=null → 回退 0","status":"passed","title":"adj_amount=null + sys_aje=null → 回退 0","duration":2.135099999999966,"failureMessages":[],"meta":{}},{"ancestorTitles":["GtAuditSheet — TB 消费 + 用户覆盖回退（Task 14）"],"fullName":"GtAuditSheet — TB 消费 + 用户覆盖回退（Task 14） reclass_amount=null + sys_rje 有值 → audited 用 sys_rje 回退","status":"passed","title":"reclass_amount=null + sys_rje 有值 → audited 用 sys_rje 回退","duration":2.250799999999799,"failureMessages":[],"meta":{}},{"ancestorTitles":["GtAuditSheet — TB 消费 + 用户覆盖回退（Task 14）"],"fullName":"GtAuditSheet — TB 消费 + 用户覆盖回退（Task 14） reclass_amount=0（用户显式填 0）+ sys_rje 有值 → audited 用 0（覆盖，不回退）","status":"passed","title":"reclass_amount=0（用户显式填 0）+ sys_rje 有值 → audited 用 0（覆盖，不回退）","duration":2.8186000000000604,"failureMessages":[],"meta":{}},{"ancestorTitles":["GtAuditSheet — TB 消费 + 用户覆盖回退（Task 14）"],"fullName":"GtAuditSheet — TB 消费 + 用户覆盖回退（Task 14） reclass_amount 有值 + sys_rje 有值 → 用户值覆盖 sys_rje","status":"passed","title":"reclass_amount 有值 + sys_rje 有值 → 用户值覆盖 sys_rje","duration":2.5694000000003143,"failureMessages":[],"meta":{}},{"ancestorTitles":["GtAuditSheet — TB 消费 + 用户覆盖回退（Task 14）"],"fullName":"GtAuditSheet — TB 消费 + 用户覆盖回退（Task 14） reclass_amount=null + sys_rje=null → 回退 0","status":"passed","title":"reclass_amount=null + sys_rje=null → 回退 0","duration":2.7089999999998327,"failureMessages":[],"meta":{}},{"ancestorTitles":["GtAuditSheet — TB 消费 + 用户覆盖回退（Task 14）"],"fullName":"GtAuditSheet — TB 消费 + 用户覆盖回退（Task 14） adj/reclass 均 null → audited 同时回退 sys_aje + sys_rje","status":"passed","title":"adj/reclass 均 null → audited 同时回退 sys_aje + sys_rje","duration":2.544300000000021,"failureMessages":[],"meta":{}},{"ancestorTitles":["GtAuditSheet — TB 消费 + 用户覆盖回退（Task 14）"],"fullName":"GtAuditSheet — TB 消费 + 用户覆盖回退（Task 14） 用户编辑 adj_amount 后 audited/change/rate 重算（覆盖系统回退）","status":"passed","title":"用户编辑 adj_amount 后 audited/change/rate 重算（覆盖系统回退）","duration":2.6988000000001193,"failureMessages":[],"meta":{}},{"ancestorTitles":["GtAuditSheet — TB 消费 + 用户覆盖回退（Task 14）"],"fullName":"GtAuditSheet — TB 消费 + 用户覆盖回退（Task 14） tb_values 变化（setProps 新 htmlData）后 audited 随 TB 重算","status":"passed","title":"tb_values 变化（setProps 新 htmlData）后 audited 随 TB 重算","duration":3.7321999999999207,"failureMessages":[],"meta":{}},{"ancestorTitles":["GtAuditSheet — TB 消费 + 用户覆盖回退（Task 14）"],"fullName":"GtAuditSheet — TB 消费 + 用户覆盖回退（Task 14） 未编辑调整时 placeholder 展示系统参考值；无系统值显示 —","status":"failed","title":"未编辑调整时 placeholder 展示系统参考值；无系统值显示 —","duration":6.824000000000069,"failureMessages":["AssertionError: expected '0.30' to be '3,000.00' // Object.is equality\n    at D:\\GT_plan\\audit-platform\\frontend\\src\\components\\workpaper\\__tests__\\GtAuditSheet.spec.ts:597:36\n    at file:///D:/GT_plan/audit-platform/frontend/node_modules/@vitest/runner/dist/chunk-hooks.js:155:11\n    at file:///D:/GT_plan/audit-platform/frontend/node_modules/@vitest/runner/dist/chunk-hooks.js:752:26\n    at file:///D:/GT_plan/audit-platform/frontend/node_modules/@vitest/runner/dist/chunk-hooks.js:1897:20\n    at new Promise (<anonymous>)\n    at runWithTimeout (file:///D:/GT_plan/audit-platform/frontend/node_modules/@vitest/runner/dist/chunk-hooks.js:1863:10)\n    at runTest (file:///D:/GT_plan/audit-platform/frontend/node_modules/@vitest/runner/dist/chunk-hooks.js:1574:12)\n    at processTicksAndRejections (node:internal/process/task_queues:104:5)\n    at runSuite (file:///D:/GT_plan/audit-platform/frontend/node_modules/@vitest/runner/dist/chunk-hooks.js:1729:8)\n    at runSuite (file:///D:/GT_plan/audit-platform/frontend/node_modules/@vitest/runner/dist/chunk-hooks.js:1729:8)"],"meta":{}},{"ancestorTitles":["GtAuditSheet — 工具栏（全屏/公式/还原）"],"fullName":"GtAuditSheet — 工具栏（全屏/公式/还原） 全屏按钮切换 isFullscreen 并绑定 .gt-fullscreen 根类","status":"passed","title":"全屏按钮切换 isFullscreen 并绑定 .gt-fullscreen 根类","duration":5.6466999999997824,"failureMessages":[],"meta":{}},{"ancestorTitles":["GtAuditSheet — 工具栏（全屏/公式/还原）"],"fullName":"GtAuditSheet — 工具栏（全屏/公式/还原） 全屏按钮在 readonly 下仍可用（非编辑动作）","status":"passed","title":"全屏按钮在 readonly 下仍可用（非编辑动作）","duration":5.5271999999999935,"failureMessages":[],"meta":{}},{"ancestorTitles":["GtAuditSheet — 工具栏（全屏/公式/还原）"],"fullName":"GtAuditSheet — 工具栏（全屏/公式/还原） 公式按钮 emit open-formula，携带 sheetName 上下文","status":"passed","title":"公式按钮 emit open-formula，携带 sheetName 上下文","duration":4.351599999999962,"failureMessages":[],"meta":{}},{"ancestorTitles":["GtAuditSheet — 工具栏（全屏/公式/还原）"],"fullName":"GtAuditSheet — 工具栏（全屏/公式/还原） 还原按钮 confirm 后 emit restore","status":"passed","title":"还原按钮 confirm 后 emit restore","duration":4.5590000000001965,"failureMessages":[],"meta":{}},{"ancestorTitles":["GtAuditSheet — 工具栏（全屏/公式/还原）"],"fullName":"GtAuditSheet — 工具栏（全屏/公式/还原） 还原按钮用户取消时不 emit restore","status":"passed","title":"还原按钮用户取消时不 emit restore","duration":4.640900000000329,"failureMessages":[],"meta":{}},{"ancestorTitles":["GtAuditSheet — 工具栏（全屏/公式/还原）"],"fullName":"GtAuditSheet — 工具栏（全屏/公式/还原） readonly 模式禁用 公式 / 还原 / 保存（全屏不禁用）","status":"passed","title":"readonly 模式禁用 公式 / 还原 / 保存（全屏不禁用）","duration":5.309799999999996,"failureMessages":[],"meta":{}},{"ancestorTitles":["GtAuditSheet — 工具栏（全屏/公式/还原）"],"fullName":"GtAuditSheet — 工具栏（全屏/公式/还原） readonly 模式强制调用 onOpenFormula/onRestore 不 emit","status":"passed","title":"readonly 模式强制调用 onOpenFormula/onRestore 不 emit","duration":42.996399999999994,"failureMessages":[],"meta":{}}],"startTime":1784599301088,"endTime":1784599301375.9963,"status":"failed","message":"","name":"D:/GT_plan/audit-platform/frontend/src/components/workpaper/__tests__/GtAuditSheet.spec.ts"},{"assertionResults":[{"ancestorTitles":["IncomeTaxCalcDialog — 组件挂载"],"fullName":"IncomeTaxCalcDialog — 组件挂载 组件可正常挂载","status":"passed","title":"组件可正常挂载","duration":27.466300000000047,"failureMessages":[],"meta":{}},{"ancestorTitles":["IncomeTaxCalcDialog — 组件挂载"],"fullName":"IncomeTaxCalcDialog — 组件挂载 无 targetSheet 时组件仍可挂载","status":"passed","title":"无 targetSheet 时组件仍可挂载","duration":3.565399999999954,"failureMessages":[],"meta":{}},{"ancestorTitles":["IncomeTaxCalcDialog — 默认值"],"fullName":"IncomeTaxCalcDialog — 默认值 默认 statutory_rate = 0.25","status":"passed","title":"默认 statutory_rate = 0.25","duration":6.0753000000001975,"failureMessages":[],"meta":{}},{"ancestorTitles":["IncomeTaxCalcDialog — 默认值"],"fullName":"IncomeTaxCalcDialog — 默认值 默认 profit_before_tax = 0","status":"passed","title":"默认 profit_before_tax = 0","duration":3.0713999999998123,"failureMessages":[],"meta":{}},{"ancestorTitles":["IncomeTaxCalcDialog — 默认值"],"fullName":"IncomeTaxCalcDialog — 默认值 默认 permanent_differences 为空数组","status":"passed","title":"默认 permanent_differences 为空数组","duration":2.9045000000000982,"failureMessages":[],"meta":{}},{"ancestorTitles":["IncomeTaxCalcDialog — 默认值"],"fullName":"IncomeTaxCalcDialog — 默认值 默认 temporary_differences 为空数组","status":"passed","title":"默认 temporary_differences 为空数组","duration":2.5535999999999603,"failureMessages":[],"meta":{}},{"ancestorTitles":["IncomeTaxCalcDialog — 默认值"],"fullName":"IncomeTaxCalcDialog — 默认值 apply_to_sheet 从 targetSheet prop 初始化","status":"passed","title":"apply_to_sheet 从 targetSheet prop 初始化","duration":2.707499999999982,"failureMessages":[],"meta":{}},{"ancestorTitles":["IncomeTaxCalcDialog — buildRequestBody"],"fullName":"IncomeTaxCalcDialog — buildRequestBody 默认表单构造正确 payload","status":"passed","title":"默认表单构造正确 payload","duration":2.5519999999999072,"failureMessages":[],"meta":{}},{"ancestorTitles":["IncomeTaxCalcDialog — buildRequestBody"],"fullName":"IncomeTaxCalcDialog — buildRequestBody 传入 applySheet 参数时 apply_to_sheet 正确设置","status":"passed","title":"传入 applySheet 参数时 apply_to_sheet 正确设置","duration":2.8599999999999,"failureMessages":[],"meta":{}},{"ancestorTitles":["IncomeTaxCalcDialog — buildRequestBody"],"fullName":"IncomeTaxCalcDialog — buildRequestBody 永久性差异 key-value 正确转换为 map","status":"passed","title":"永久性差异 key-value 正确转换为 map","duration":5.832900000000109,"failureMessages":[],"meta":{}},{"ancestorTitles":["IncomeTaxCalcDialog — buildRequestBody"],"fullName":"IncomeTaxCalcDialog — buildRequestBody 空 key 的差异项被过滤","status":"passed","title":"空 key 的差异项被过滤","duration":3.381099999999833,"failureMessages":[],"meta":{}},{"ancestorTitles":["IncomeTaxCalcDialog — formatAmount"],"fullName":"IncomeTaxCalcDialog — formatAmount 正数格式化为千分位 + 2 位小数","status":"failed","title":"正数格式化为千分位 + 2 位小数","duration":4.941000000000031,"failureMessages":["TypeError: vm.formatAmount is not a function\n    at D:\\GT_plan\\audit-platform\\frontend\\src\\components\\workpaper\\__tests__\\IncomeTaxCalcDialog.spec.ts:207:23\n    at file:///D:/GT_plan/audit-platform/frontend/node_modules/@vitest/runner/dist/chunk-hooks.js:155:11\n    at file:///D:/GT_plan/audit-platform/frontend/node_modules/@vitest/runner/dist/chunk-hooks.js:752:26\n    at file:///D:/GT_plan/audit-platform/frontend/node_modules/@vitest/runner/dist/chunk-hooks.js:1897:20\n    at new Promise (<anonymous>)\n    at runWithTimeout (file:///D:/GT_plan/audit-platform/frontend/node_modules/@vitest/runner/dist/chunk-hooks.js:1863:10)\n    at runTest (file:///D:/GT_plan/audit-platform/frontend/node_modules/@vitest/runner/dist/chunk-hooks.js:1574:12)\n    at processTicksAndRejections (node:internal/process/task_queues:104:5)\n    at runSuite (file:///D:/GT_plan/audit-platform/frontend/node_modules/@vitest/runner/dist/chunk-hooks.js:1729:8)\n    at runSuite (file:///D:/GT_plan/audit-platform/frontend/node_modules/@vitest/runner/dist/chunk-hooks.js:1729:8)"],"meta":{}},{"ancestorTitles":["IncomeTaxCalcDialog — formatAmount"],"fullName":"IncomeTaxCalcDialog — formatAmount 零值格式化正确","status":"failed","title":"零值格式化正确","duration":2.748299999999972,"failureMessages":["TypeError: vm.formatAmount is not a function\n    at D:\\GT_plan\\audit-platform\\frontend\\src\\components\\workpaper\\__tests__\\IncomeTaxCalcDialog.spec.ts:219:15\n    at file:///D:/GT_plan/audit-platform/frontend/node_modules/@vitest/runner/dist/chunk-hooks.js:155:11\n    at file:///D:/GT_plan/audit-platform/frontend/node_modules/@vitest/runner/dist/chunk-hooks.js:752:26\n    at file:///D:/GT_plan/audit-platform/frontend/node_modules/@vitest/runner/dist/chunk-hooks.js:1897:20\n    at new Promise (<anonymous>)\n    at runWithTimeout (file:///D:/GT_plan/audit-platform/frontend/node_modules/@vitest/runner/dist/chunk-hooks.js:1863:10)\n    at runTest (file:///D:/GT_plan/audit-platform/frontend/node_modules/@vitest/runner/dist/chunk-hooks.js:1574:12)\n    at processTicksAndRejections (node:internal/process/task_queues:104:5)\n    at runSuite (file:///D:/GT_plan/audit-platform/frontend/node_modules/@vitest/runner/dist/chunk-hooks.js:1729:8)\n    at runSuite (file:///D:/GT_plan/audit-platform/frontend/node_modules/@vitest/runner/dist/chunk-hooks.js:1729:8)"],"meta":{}},{"ancestorTitles":["IncomeTaxCalcDialog — formatAmount"],"fullName":"IncomeTaxCalcDialog — formatAmount 非数字字符串原样返回","status":"failed","title":"非数字字符串原样返回","duration":3.824600000000146,"failureMessages":["TypeError: vm.formatAmount is not a function\n    at D:\\GT_plan\\audit-platform\\frontend\\src\\components\\workpaper\\__tests__\\IncomeTaxCalcDialog.spec.ts:228:15\n    at file:///D:/GT_plan/audit-platform/frontend/node_modules/@vitest/runner/dist/chunk-hooks.js:155:11\n    at file:///D:/GT_plan/audit-platform/frontend/node_modules/@vitest/runner/dist/chunk-hooks.js:752:26\n    at file:///D:/GT_plan/audit-platform/frontend/node_modules/@vitest/runner/dist/chunk-hooks.js:1897:20\n    at new Promise (<anonymous>)\n    at runWithTimeout (file:///D:/GT_plan/audit-platform/frontend/node_modules/@vitest/runner/dist/chunk-hooks.js:1863:10)\n    at runTest (file:///D:/GT_plan/audit-platform/frontend/node_modules/@vitest/runner/dist/chunk-hooks.js:1574:12)\n    at processTicksAndRejections (node:internal/process/task_queues:104:5)\n    at runSuite (file:///D:/GT_plan/audit-platform/frontend/node_modules/@vitest/runner/dist/chunk-hooks.js:1729:8)\n    at runSuite (file:///D:/GT_plan/audit-platform/frontend/node_modules/@vitest/runner/dist/chunk-hooks.js:1729:8)"],"meta":{}},{"ancestorTitles":["IncomeTaxCalcDialog — formatRate"],"fullName":"IncomeTaxCalcDialog — formatRate 0.25 格式化为 25.00%","status":"passed","title":"0.25 格式化为 25.00%","duration":2.605199999999968,"failureMessages":[],"meta":{}},{"ancestorTitles":["IncomeTaxCalcDialog — formatRate"],"fullName":"IncomeTaxCalcDialog — formatRate 0.22 格式化为 22.00%","status":"passed","title":"0.22 格式化为 22.00%","duration":2.0610999999998967,"failureMessages":[],"meta":{}},{"ancestorTitles":["IncomeTaxCalcDialog — formatRate"],"fullName":"IncomeTaxCalcDialog — formatRate 非数字字符串原样返回","status":"passed","title":"非数字字符串原样返回","duration":2.0371000000000095,"failureMessages":[],"meta":{}},{"ancestorTitles":["IncomeTaxCalcDialog — 提交按钮调用 API"],"fullName":"IncomeTaxCalcDialog — 提交按钮调用 API 点击计算按钮调用 POST API","status":"passed","title":"点击计算按钮调用 POST API","duration":50.61660000000006,"failureMessages":[],"meta":{}},{"ancestorTitles":["IncomeTaxCalcDialog — 结果显示"],"fullName":"IncomeTaxCalcDialog — 结果显示 计算后 result 被设置","status":"passed","title":"计算后 result 被设置","duration":8.123000000000047,"failureMessages":[],"meta":{}},{"ancestorTitles":["IncomeTaxCalcDialog — 结果显示"],"fullName":"IncomeTaxCalcDialog — 结果显示 is_llm_stub 被正确设置","status":"passed","title":"is_llm_stub 被正确设置","duration":6.2526000000000295,"failureMessages":[],"meta":{}},{"ancestorTitles":["IncomeTaxCalcDialog — 采纳并写回"],"fullName":"IncomeTaxCalcDialog — 采纳并写回 写回成功后 emits applied","status":"passed","title":"写回成功后 emits applied","duration":6.128500000000031,"failureMessages":[],"meta":{}},{"ancestorTitles":["IncomeTaxCalcDialog — 采纳并写回"],"fullName":"IncomeTaxCalcDialog — 采纳并写回 无 apply_to_sheet 时不 emit applied","status":"passed","title":"无 apply_to_sheet 时不 emit applied","duration":4.486699999999928,"failureMessages":[],"meta":{}},{"ancestorTitles":["IncomeTaxCalcDialog — emit update:visible"],"fullName":"IncomeTaxCalcDialog — emit update:visible 关闭按钮触发 update:visible(false)","status":"passed","title":"关闭按钮触发 update:visible(false)","duration":3.360500000000002,"failureMessages":[],"meta":{}},{"ancestorTitles":["IncomeTaxCalcDialog — 动态差异项增删"],"fullName":"IncomeTaxCalcDialog — 动态差异项增删 addPermanent 添加一项","status":"passed","title":"addPermanent 添加一项","duration":2.641200000000026,"failureMessages":[],"meta":{}},{"ancestorTitles":["IncomeTaxCalcDialog — 动态差异项增删"],"fullName":"IncomeTaxCalcDialog — 动态差异项增删 removePermanent 删除指定项","status":"passed","title":"removePermanent 删除指定项","duration":2.8523999999999887,"failureMessages":[],"meta":{}},{"ancestorTitles":["IncomeTaxCalcDialog — 动态差异项增删"],"fullName":"IncomeTaxCalcDialog — 动态差异项增删 addTemporary 添加一项","status":"passed","title":"addTemporary 添加一项","duration":2.446100000000115,"failureMessages":[],"meta":{}},{"ancestorTitles":["IncomeTaxCalcDialog — 动态差异项增删"],"fullName":"IncomeTaxCalcDialog — 动态差异项增删 removeTemporary 删除指定项","status":"passed","title":"removeTemporary 删除指定项","duration":2.153200000000197,"failureMessages":[],"meta":{}},{"ancestorTitles":["IncomeTaxCalcDialog — 采纳并写回按钮 disabled"],"fullName":"IncomeTaxCalcDialog — 采纳并写回按钮 disabled 无 apply_to_sheet 时写回按钮 disabled","status":"passed","title":"无 apply_to_sheet 时写回按钮 disabled","duration":2.93080000000009,"failureMessages":[],"meta":{}},{"ancestorTitles":["IncomeTaxCalcDialog — 采纳并写回按钮 disabled"],"fullName":"IncomeTaxCalcDialog — 采纳并写回按钮 disabled 有 apply_to_sheet 时写回按钮不 disabled","status":"passed","title":"有 apply_to_sheet 时写回按钮不 disabled","duration":2.5829000000001088,"failureMessages":[],"meta":{}}],"startTime":1784599300272,"endTime":1784599300448.583,"status":"failed","message":"","name":"D:/GT_plan/audit-platform/frontend/src/components/workpaper/__tests__/IncomeTaxCalcDialog.spec.ts"}]}