<?xml version="1.0" encoding="utf-8"?><testsuites name="pytest tests"><testsuite name="pytest" errors="0" failures="0" skipped="0" tests="18" time="9.026" timestamp="2026-07-17T19:31:13.999671+08:00" hostname="DESKTOP-FURNVS2"><testcase classname="tests.visibility_go_live_hardening.test_task4_native_authz_audit.TestFullClassification" name="test_classified_total_is_72_no_unaudited" time="0.010" /><testcase classname="tests.visibility_go_live_hardening.test_task4_native_authz_audit.TestFullClassification" name="test_classification_counts" time="0.009" /><testcase classname="tests.visibility_go_live_hardening.test_task4_native_authz_audit.TestFullClassification" name="test_flip_condition_not_met_honest_gap" time="0.009" /><testcase classname="tests.visibility_go_live_hardening.test_task4_native_authz_audit.TestFullClassification" name="test_deferred_entries_carry_precise_remediation" time="0.000" /><testcase classname="tests.visibility_go_live_hardening.test_task4_native_authz_audit.TestFullClassification" name="test_justified_entries_carry_rationale_and_reviewer" time="0.000" /><testcase classname="tests.visibility_go_live_hardening.test_task4_native_authz_audit.TestFullClassification" name="test_fail_closed_unlisted_route_is_unaudited" time="0.000" /><testcase classname="tests.visibility_go_live_hardening.test_task4_native_authz_audit.TestLedgerConsistency" name="test_gated_attachment_entries_finalised" time="0.009" /><testcase classname="tests.visibility_go_live_hardening.test_task4_native_authz_audit.TestLedgerConsistency" name="test_every_native_authz_entry_is_gated_or_allowlisted" time="0.009" /><testcase classname="tests.visibility_go_live_hardening.test_task4_native_authz_audit.TestLedgerConsistency" name="test_worker_native_authz_recorded" time="0.000" /><testcase classname="tests.visibility_go_live_hardening.test_task4_native_authz_audit.TestDriftGuard" name="test_committed_ledger_clean_no_unaudited" time="7.546" /><testcase classname="tests.visibility_go_live_hardening.test_task4_native_authz_audit.TestDriftGuard" name="test_guard_blocks_synthetic_unclassified_native_authz" time="0.002" /><testcase classname="tests.visibility_go_live_hardening.test_task4_native_authz_audit.TestNewlyGatedRouteIsolation" name="test_links_allow_for_delegated_lead" time="0.202" /><testcase classname="tests.visibility_go_live_hardening.test_task4_native_authz_audit.TestNewlyGatedRouteIsolation" name="test_links_deny_outsider_404_scope_isolation" time="0.120" /><testcase classname="tests.visibility_go_live_hardening.test_task4_native_authz_audit.TestNewlyGatedRouteIsolation" name="test_links_deny_wrong_cycle_scope_404" time="0.098" /><testcase classname="tests.visibility_go_live_hardening.test_task4_native_authz_audit.TestNewlyGatedRouteIsolation" name="test_links_cross_project_404" time="0.126" /><testcase classname="tests.visibility_go_live_hardening.test_task4_native_authz_audit.TestNewlyGatedRouteIsolation" name="test_unlinked_attachment_passthrough_additive" time="0.083" /><testcase classname="tests.visibility_go_live_hardening.test_task4_native_authz_audit.TestNewlyGatedRouteIsolation" name="test_attachment_workpapers_deny_outsider_404" time="0.088" /><testcase classname="tests.visibility_go_live_hardening.test_task4_native_authz_audit.TestNewlyGatedRouteIsolation" name="test_ocr_fields_deny_outsider_404_before_service" time="0.111" /></testsuite></testsuites>