{"numTotalTestSuites":46,"numPassedTestSuites":46,"numFailedTestSuites":0,"numPendingTestSuites":0,"numTotalTests":180,"numPassedTests":180,"numFailedTests":0,"numPendingTests":0,"numTodoTests":0,"snapshot":{"added":0,"failure":false,"filesAdded":0,"filesRemoved":0,"filesRemovedList":[],"filesUnmatched":0,"filesUpdated":0,"matched":0,"total":0,"unchecked":0,"uncheckedKeysByFile":[],"unmatched":0,"updated":0,"didUpdate":false},"startTime":1788925709369,"success":true,"testResults":[{"assertionResults":[{"ancestorTitles":["AT-2 apiPaths"],"fullName":"AT-2 apiPaths previewPdf path","status":"passed","title":"previewPdf path","duration":2.9798000000000684,"failureMessages":[],"meta":{}},{"ancestorTitles":["AT-2 apiPaths"],"fullName":"AT-2 apiPaths officePreview.health path","status":"passed","title":"officePreview.health path","duration":0.4257999999999811,"failureMessages":[],"meta":{}},{"ancestorTitles":["AT-2 apiPaths"],"fullName":"AT-2 apiPaths preview and previewPdf differ","status":"passed","title":"preview and previewPdf differ","duration":0.6032000000000153,"failureMessages":[],"meta":{}},{"ancestorTitles":["AT-2 AttachmentPreviewDrawer routing"],"fullName":"AT-2 AttachmentPreviewDrawer routing docx uses previewPdf","status":"passed","title":"docx uses previewPdf","duration":56.69390000000021,"failureMessages":[],"meta":{}},{"ancestorTitles":["AT-2 AttachmentPreviewDrawer routing"],"fullName":"AT-2 AttachmentPreviewDrawer routing xlsx uses previewPdf","status":"passed","title":"xlsx uses previewPdf","duration":3.203599999999824,"failureMessages":[],"meta":{}},{"ancestorTitles":["AT-2 AttachmentPreviewDrawer routing"],"fullName":"AT-2 AttachmentPreviewDrawer routing pdf keeps preview_url","status":"passed","title":"pdf keeps preview_url","duration":2.2033000000001266,"failureMessages":[],"meta":{}},{"ancestorTitles":["AT-2 AttachmentPreviewDrawer routing"],"fullName":"AT-2 AttachmentPreviewDrawer routing image renders img","status":"passed","title":"image renders img","duration":3.0065999999997075,"failureMessages":[],"meta":{}},{"ancestorTitles":["AT-2 AttachmentPreviewDrawer routing"],"fullName":"AT-2 AttachmentPreviewDrawer routing zip mounts ExtendedFormatPreview","status":"passed","title":"zip mounts ExtendedFormatPreview","duration":2.794699999999466,"failureMessages":[],"meta":{}},{"ancestorTitles":["AT-2 AttachmentPreviewDrawer routing"],"fullName":"AT-2 AttachmentPreviewDrawer routing pptx uses previewPdf","status":"passed","title":"pptx uses previewPdf","duration":1.5006000000003041,"failureMessages":[],"meta":{}}],"startTime":1788925715300,"endTime":1788925715373.5005,"status":"passed","message":"","name":"D:/GT_plan/audit-platform/frontend/src/__tests__/AttachmentPreviewOfficeIframe.spec.ts"},{"assertionResults":[{"ancestorTitles":["http _dedupe:false contract"],"fullName":"http _dedupe:false contract 预先 aborted signal 不发请求（_dedupe:false）","status":"passed","title":"预先 aborted signal 不发请求（_dedupe:false）","duration":176.7449999999999,"failureMessages":[],"meta":{}},{"ancestorTitles":["http _dedupe:false contract"],"fullName":"http _dedupe:false contract 同 URL 两个 _dedupe:false 均成功；取消一个不影响另一个","status":"passed","title":"同 URL 两个 _dedupe:false 均成功；取消一个不影响另一个","duration":50.9239,"failureMessages":[],"meta":{}},{"ancestorTitles":["http _dedupe:false contract"],"fullName":"http _dedupe:false contract 未传 _dedupe 的存量 GET 仍取消先发请求","status":"passed","title":"未传 _dedupe 的存量 GET 仍取消先发请求","duration":49.34269999999992,"failureMessages":[],"meta":{}}],"startTime":1788925710869,"endTime":1788925711146.3428,"status":"passed","message":"","name":"D:/GT_plan/audit-platform/frontend/src/utils/__tests__/httpDedupe.signal.spec.ts"},{"assertionResults":[{"ancestorTitles":["archive fixtures corpus"],"fullName":"archive fixtures corpus 全部夹具可生成且 digest 稳定","status":"passed","title":"全部夹具可生成且 digest 稳定","duration":26.114699999999857,"failureMessages":[],"meta":{}},{"ancestorTitles":["archive fixtures corpus"],"fullName":"archive fixtures corpus utf8 zip 可解析且 size 为实际值","status":"passed","title":"utf8 zip 可解析且 size 为实际值","duration":2.5533000000000357,"failureMessages":[],"meta":{}},{"ancestorTitles":["archive fixtures corpus"],"fullName":"archive fixtures corpus 穿越路径标记 suspicious","status":"passed","title":"穿越路径标记 suspicious","duration":0.9232999999999265,"failureMessages":[],"meta":{}},{"ancestorTitles":["archive fixtures corpus"],"fullName":"archive fixtures corpus 加密 bit → encrypted","status":"passed","title":"加密 bit → encrypted","duration":0.4899000000000342,"failureMessages":[],"meta":{}},{"ancestorTitles":["archive fixtures corpus"],"fullName":"archive fixtures corpus 伪声明 size 是容器结构失败，不接受歧义元数据","status":"passed","title":"伪声明 size 是容器结构失败，不接受歧义元数据","duration":0.3731999999999971,"failureMessages":[],"meta":{}},{"ancestorTitles":["archive fixtures corpus"],"fullName":"archive fixtures corpus unsupported method → container_unsupported","status":"passed","title":"unsupported method → container_unsupported","duration":0.3949999999999818,"failureMessages":[],"meta":{}},{"ancestorTitles":["archive fixtures corpus"],"fullName":"archive fixtures corpus classic data descriptor 有/无签名、stored/deflate 均安全解析","status":"passed","title":"classic data descriptor 有/无签名、stored/deflate 均安全解析","duration":1.388400000000047,"failureMessages":[],"meta":{}},{"ancestorTitles":["archive fixtures corpus"],"fullName":"archive fixtures corpus classic data descriptor 字段、布局或边界不闭合时 fail closed","status":"passed","title":"classic data descriptor 字段、布局或边界不闭合时 fail closed","duration":0.3913000000000011,"failureMessages":[],"meta":{}},{"ancestorTitles":["archive fixtures corpus"],"fullName":"archive fixtures corpus 截断 EOCD → parse_failed","status":"passed","title":"截断 EOCD → parse_failed","duration":0.2480000000000473,"failureMessages":[],"meta":{}},{"ancestorTitles":["archive fixtures corpus"],"fullName":"archive fixtures corpus EOCD comment 必须精确闭合，disk entry 数必须一致","status":"passed","title":"EOCD comment 必须精确闭合，disk entry 数必须一致","duration":0.4112999999999829,"failureMessages":[],"meta":{}},{"ancestorTitles":["archive fixtures corpus"],"fullName":"archive fixtures corpus central 区间与消费长度必须精确","status":"passed","title":"central 区间与消费长度必须精确","duration":0.31110000000012406,"failureMessages":[],"meta":{}},{"ancestorTitles":["archive fixtures corpus"],"fullName":"archive fixtures corpus local/central flags、method、name、CRC、size 任一不一致均容器级失败","status":"passed","title":"local/central flags、method、name、CRC、size 任一不一致均容器级失败","duration":0.4821999999999207,"failureMessages":[],"meta":{}},{"ancestorTitles":["archive fixtures corpus"],"fullName":"archive fixtures corpus local/data 不得覆盖下一 local 或 central","status":"passed","title":"local/data 不得覆盖下一 local 或 central","duration":0.35829999999987194,"failureMessages":[],"meta":{}},{"ancestorTitles":["archive fixtures corpus"],"fullName":"archive fixtures corpus entry 数据跨度必须与下一结构精确闭合","status":"passed","title":"entry 数据跨度必须与下一结构精确闭合","duration":0.525899999999865,"failureMessages":[],"meta":{}},{"ancestorTitles":["archive fixtures corpus"],"fullName":"archive fixtures corpus 复用 zip_bad_crc：实际 CRC 失败必须容器级 parse_failed","status":"passed","title":"复用 zip_bad_crc：实际 CRC 失败必须容器级 parse_failed","duration":0.6412000000000262,"failureMessages":[],"meta":{}},{"ancestorTitles":["archive fixtures corpus"],"fullName":"archive fixtures corpus stored 命中限额后不进入最终 CRC 校验","status":"passed","title":"stored 命中限额后不进入最终 CRC 校验","duration":0.2584999999999127,"failureMessages":[],"meta":{}},{"ancestorTitles":["archive fixtures corpus"],"fullName":"archive fixtures corpus path depth 9 在 ZIP/TAR 真实解析中触发 maxPathDepth","status":"passed","title":"path depth 9 在 ZIP/TAR 真实解析中触发 maxPathDepth","duration":0.8137000000001535,"failureMessages":[],"meta":{}},{"ancestorTitles":["archive fixtures corpus"],"fullName":"archive fixtures corpus TAR 路径门不被头阶段 ratio 遮蔽，普通/PAX/GNU 大正文均 fail closed","status":"passed","title":"TAR 路径门不被头阶段 ratio 遮蔽，普通/PAX/GNU 大正文均 fail closed","duration":2.001899999999978,"failureMessages":[],"meta":{}},{"ancestorTitles":["archive fixtures corpus"],"fullName":"archive fixtures corpus maxEntries 触发","status":"passed","title":"maxEntries 触发","duration":16.99499999999989,"failureMessages":[],"meta":{}},{"ancestorTitles":["archive fixtures corpus"],"fullName":"archive fixtures corpus ratio 门可用降低阈值触发","status":"passed","title":"ratio 门可用降低阈值触发","duration":17.788299999999936,"failureMessages":[],"meta":{}},{"ancestorTitles":["archive fixtures corpus"],"fullName":"archive fixtures corpus 前置 stored 条目不能稀释后续单条 deflate bomb 的压缩比","status":"passed","title":"前置 stored 条目不能稀释后续单条 deflate bomb 的压缩比","duration":83.42419999999993,"failureMessages":[],"meta":{}},{"ancestorTitles":["archive fixtures corpus"],"fullName":"archive fixtures corpus deflate 越限后停止继续 push；callback 逻辑超调有界为 4KiB","status":"passed","title":"deflate 越限后停止继续 push；callback 逻辑超调有界为 4KiB","duration":32.075199999999995,"failureMessages":[],"meta":{}},{"ancestorTitles":["archive fixtures corpus"],"fullName":"archive fixtures corpus tar/tgz ok","status":"passed","title":"tar/tgz ok","duration":1.6695999999999458,"failureMessages":[],"meta":{}},{"ancestorTitles":["archive fixtures corpus"],"fullName":"archive fixtures corpus 受限 PAX/GNU long-name 只作用于真实条目，并解析 header/PAX mtime","status":"passed","title":"受限 PAX/GNU long-name 只作用于真实条目，并解析 header/PAX mtime","duration":1.1842000000001462,"failureMessages":[],"meta":{}},{"ancestorTitles":["archive fixtures corpus"],"fullName":"archive fixtures corpus TAR sparse、PAX sparse 与异常扩展均 fail closed 为 container_unsupported","status":"passed","title":"TAR sparse、PAX sparse 与异常扩展均 fail closed 为 container_unsupported","duration":0.5072000000000116,"failureMessages":[],"meta":{}},{"ancestorTitles":["archive fixtures corpus"],"fullName":"archive fixtures corpus gzip trailer CRC、ISIZE、截断与拼接 member 均 fail closed","status":"passed","title":"gzip trailer CRC、ISIZE、截断与拼接 member 均 fail closed","duration":1.3395999999997912,"failureMessages":[],"meta":{}},{"ancestorTitles":["archive fixtures corpus"],"fullName":"archive fixtures corpus gzip 可选 header 不计入压缩比分母","status":"passed","title":"gzip 可选 header 不计入压缩比分母","duration":1.6375000000000455,"failureMessages":[],"meta":{}},{"ancestorTitles":["archive fixtures corpus"],"fullName":"archive fixtures corpus TAR 目录条目不得携带正文绕过实际量门","status":"passed","title":"TAR 目录条目不得携带正文绕过实际量门","duration":0.2742000000000644,"failureMessages":[],"meta":{}},{"ancestorTitles":["archive fixtures corpus"],"fullName":"archive fixtures corpus 普通 .gz 按 hint 返回单条实际元数据；tgz/无 hint 仍要求 TAR","status":"passed","title":"普通 .gz 按 hint 返回单条实际元数据；tgz/无 hint 仍要求 TAR","duration":3.238099999999804,"failureMessages":[],"meta":{}},{"ancestorTitles":["archive fixtures corpus"],"fullName":"archive fixtures corpus TGZ Inflate 越限后停止继续 push，不聚合后续 TAR 正文","status":"passed","title":"TGZ Inflate 越限后停止继续 push，不聚合后续 TAR 正文","duration":12.072400000000016,"failureMessages":[],"meta":{}},{"ancestorTitles":["archive fixtures corpus"],"fullName":"archive fixtures corpus tar bad checksum fail closed","status":"passed","title":"tar bad checksum fail closed","duration":0.4760000000001128,"failureMessages":[],"meta":{}},{"ancestorTitles":["archive fixtures corpus"],"fullName":"archive fixtures corpus ZIP64 marker → container_unsupported（不按普通损坏或强解）","status":"passed","title":"ZIP64 marker → container_unsupported（不按普通损坏或强解）","duration":0.2768999999998414,"failureMessages":[],"meta":{}},{"ancestorTitles":["archive fixtures corpus"],"fullName":"archive fixtures corpus 超长 EOCD comment 不影响 EOCD 定位","status":"passed","title":"超长 EOCD comment 不影响 EOCD 定位","duration":0.30140000000005784,"failureMessages":[],"meta":{}},{"ancestorTitles":["archive fixtures corpus"],"fullName":"archive fixtures corpus GBK 名单条坏名不中断整包（编码回退产出条目）","status":"passed","title":"GBK 名单条坏名不中断整包（编码回退产出条目）","duration":0.38259999999991123,"failureMessages":[],"meta":{}},{"ancestorTitles":["archive fixtures corpus"],"fullName":"archive fixtures corpus 单条实际解压超 32MiB → 在隔离 ratio 门时触发 maxEntryUncompressedBytes","status":"passed","title":"单条实际解压超 32MiB → 在隔离 ratio 门时触发 maxEntryUncompressedBytes","duration":2190.9072,"failureMessages":[],"meta":{}},{"ancestorTitles":["archive fixtures corpus"],"fullName":"archive fixtures corpus 合计实际解压超 64MiB → 只触发 maxTotalUncompressedBytes 门","status":"passed","title":"合计实际解压超 64MiB → 只触发 maxTotalUncompressedBytes 门","duration":4000.1980999999996,"failureMessages":[],"meta":{}}],"startTime":1788925711066,"endTime":1788925717470.198,"status":"passed","message":"","name":"D:/GT_plan/audit-platform/frontend/src/components/attachment/preview/__tests__/archiveFixtures.spec.ts"},{"assertionResults":[{"ancestorTitles":["ARCHIVE_LIMITS"],"fullName":"ARCHIVE_LIMITS 五项单一真源数值","status":"passed","title":"五项单一真源数值","duration":3.2273999999999887,"failureMessages":[],"meta":{}},{"ancestorTitles":["ARCHIVE_LIMITS"],"fullName":"ARCHIVE_LIMITS 各限可独立触发","status":"passed","title":"各限可独立触发","duration":0.6934000000001106,"failureMessages":[],"meta":{}},{"ancestorTitles":["ARCHIVE_LIMITS"],"fullName":"ARCHIVE_LIMITS 接受注入 limits，边界相等不触发、增加 1 立即触发","status":"passed","title":"接受注入 limits，边界相等不触发、增加 1 立即触发","duration":0.5246999999999389,"failureMessages":[],"meta":{}},{"ancestorTitles":["ARCHIVE_LIMITS"],"fullName":"ARCHIVE_LIMITS 路径穿越与注入深度","status":"passed","title":"路径穿越与注入深度","duration":1.2100000000000364,"failureMessages":[],"meta":{}},{"ancestorTitles":["ARCHIVE_LIMITS"],"fullName":"ARCHIVE_LIMITS 加密与 unsupported method","status":"passed","title":"加密与 unsupported method","duration":0.34799999999995634,"failureMessages":[],"meta":{}}],"startTime":1788925718166,"endTime":1788925718172.348,"status":"passed","message":"","name":"D:/GT_plan/audit-platform/frontend/src/components/attachment/preview/__tests__/archiveLimits.spec.ts"},{"assertionResults":[{"ancestorTitles":["archive module 零网络/落盘结构守卫"],"fullName":"archive module 零网络/落盘结构守卫 archive 目录源码不含 fetch/XHR/http/fs 写出","status":"passed","title":"archive 目录源码不含 fetch/XHR/http/fs 写出","duration":8.77800000000002,"failureMessages":[],"meta":{}}],"startTime":1788925717363,"endTime":1788925717371.778,"status":"passed","message":"","name":"D:/GT_plan/audit-platform/frontend/src/components/attachment/preview/__tests__/archiveNoNetwork.spec.ts"},{"assertionResults":[{"ancestorTitles":["Format_Registry resolvePreviewFamily"],"fullName":"Format_Registry resolvePreviewFamily 扩展名优先且大小写/空白稳定","status":"passed","title":"扩展名优先且大小写/空白稳定","duration":4.557099999999991,"failureMessages":[],"meta":{}},{"ancestorTitles":["Format_Registry resolvePreviewFamily"],"fullName":"Format_Registry resolvePreviewFamily 未知扩展名不被 Type_Hint 覆盖","status":"passed","title":"未知扩展名不被 Type_Hint 覆盖","duration":0.6394000000000233,"failureMessages":[],"meta":{}},{"ancestorTitles":["Format_Registry resolvePreviewFamily"],"fullName":"Format_Registry resolvePreviewFamily 无扩展名时 Type_Hint MIME/分类词/别名受限回退","status":"passed","title":"无扩展名时 Type_Hint MIME/分类词/别名受限回退","duration":0.4574999999999818,"failureMessages":[],"meta":{}},{"ancestorTitles":["Format_Registry resolvePreviewFamily"],"fullName":"Format_Registry resolvePreviewFamily dwg 仅 cad_download_only，不入可渲染族","status":"passed","title":"dwg 仅 cad_download_only，不入可渲染族","duration":0.47289999999998145,"failureMessages":[],"meta":{}},{"ancestorTitles":["Format_Registry resolvePreviewFamily"],"fullName":"Format_Registry resolvePreviewFamily legacy 走 preview 通道","status":"passed","title":"legacy 走 preview 通道","duration":0.24710000000004584,"failureMessages":[],"meta":{}},{"ancestorTitles":["Format_Registry resolvePreviewFamily"],"fullName":"Format_Registry resolvePreviewFamily 重复判定确定","status":"passed","title":"重复判定确定","duration":0.44249999999988177,"failureMessages":[],"meta":{}},{"ancestorTitles":["Format_Registry fail-closed table"],"fullName":"Format_Registry fail-closed table 跨族冲突 fail closed","status":"passed","title":"跨族冲突 fail closed","duration":0.8936999999998534,"failureMessages":[],"meta":{}},{"ancestorTitles":["Format_Registry fail-closed table"],"fullName":"Format_Registry fail-closed table dwg 入族 fail closed","status":"passed","title":"dwg 入族 fail closed","duration":0.427199999999857,"failureMessages":[],"meta":{}},{"ancestorTitles":["LEGACY_CAPABILITIES 宿主专属不求并集"],"fullName":"LEGACY_CAPABILITIES 宿主专属不求并集 Preview 图片不含 svg；Drawer Office 10 项；Tab 6 项","status":"passed","title":"Preview 图片不含 svg；Drawer Office 10 项；Tab 6 项","duration":1.2169999999998709,"failureMessages":[],"meta":{}},{"ancestorTitles":["inlineExtensionListViolations"],"fullName":"inlineExtensionListViolations 合成坏源码打红，剥注释后仍可见","status":"passed","title":"合成坏源码打红，剥注释后仍可见","duration":0.9365000000000236,"failureMessages":[],"meta":{}},{"ancestorTitles":["inlineExtensionListViolations"],"fullName":"inlineExtensionListViolations 反向自检：干净源码无违规","status":"passed","title":"反向自检：干净源码无违规","duration":0.32999999999992724,"failureMessages":[],"meta":{}}],"startTime":1788925717460,"endTime":1788925717471.33,"status":"passed","message":"","name":"D:/GT_plan/audit-platform/frontend/src/components/attachment/preview/__tests__/attachmentPreviewFormats.spec.ts"},{"assertionResults":[{"ancestorTitles":["decideRoute capability-before-budget"],"fullName":"decideRoute capability-before-budget entryParserBytes 预算真源为 0","status":"passed","title":"entryParserBytes 预算真源为 0","duration":2.6931999999999334,"failureMessages":[],"meta":{}},{"ancestorTitles":["decideRoute capability-before-budget"],"fullName":"decideRoute capability-before-budget A 资格失败时即使体积更小也不得入选","status":"passed","title":"A 资格失败时即使体积更小也不得入选","duration":0.8582000000001244,"failureMessages":[],"meta":{}},{"ancestorTitles":["decideRoute capability-before-budget"],"fullName":"decideRoute capability-before-budget A eligible 但首屏超门 → B","status":"passed","title":"A eligible 但首屏超门 → B","duration":0.38429999999993925,"failureMessages":[],"meta":{}},{"ancestorTitles":["decideRoute capability-before-budget"],"fullName":"decideRoute capability-before-budget drawing 超门 → drawing_drop 且 drawingInScope=false","status":"passed","title":"drawing 超门 → drawing_drop 且 drawingInScope=false","duration":0.34829999999988104,"failureMessages":[],"meta":{}},{"ancestorTitles":["decideRoute capability-before-budget"],"fullName":"decideRoute capability-before-budget 无合资格路线 → ineligible","status":"passed","title":"无合资格路线 → ineligible","duration":0.34619999999995343,"failureMessages":[],"meta":{}},{"ancestorTitles":["decideRoute capability-before-budget"],"fullName":"decideRoute capability-before-budget 按需 chunk 合计超门 → subset_required（各 chunk 分别核算总量）","status":"passed","title":"按需 chunk 合计超门 → subset_required（各 chunk 分别核算总量）","duration":0.31340000000000146,"failureMessages":[],"meta":{}},{"ancestorTitles":["decideRoute capability-before-budget"],"fullName":"decideRoute capability-before-budget entryGzipDelta 首屏增量门为 8 KiB 单一真源","status":"passed","title":"entryGzipDelta 首屏增量门为 8 KiB 单一真源","duration":0.19859999999994216,"failureMessages":[],"meta":{}}],"startTime":1788925718709,"endTime":1788925718714.3462,"status":"passed","message":"","name":"D:/GT_plan/audit-platform/frontend/src/components/attachment/preview/__tests__/bundleBudget.spec.ts"},{"assertionResults":[{"ancestorTitles":["DxfDrawingView"],"fullName":"DxfDrawingView 按弧度渲染跨 0 与大 ARC，并在 Y 翻转后使用正确 sweep","status":"passed","title":"按弧度渲染跨 0 与大 ARC，并在 Y 翻转后使用正确 sweep","duration":19.4362000000001,"failureMessages":[],"meta":{}},{"ancestorTitles":["DxfDrawingView"],"fullName":"DxfDrawingView 完整 ELLIPSE 使用 ellipse，部分椭圆弧使用 path 且保留旋转轴","status":"passed","title":"完整 ELLIPSE 使用 ellipse，部分椭圆弧使用 path 且保留旋转轴","duration":4.727500000000191,"failureMessages":[],"meta":{}},{"ancestorTitles":["DxfDrawingView"],"fullName":"DxfDrawingView 以递归 g 保留 INSERT children，并应用 base point、平移、缩放与旋转","status":"passed","title":"以递归 g 保留 INSERT children，并应用 base point、平移、缩放与旋转","duration":3.108399999999847,"failureMessages":[],"meta":{}},{"ancestorTitles":["DxfDrawingView"],"fullName":"DxfDrawingView closed polyline 真正输出 polygon，并覆盖 union 的每个渲染分支","status":"passed","title":"closed polyline 真正输出 polygon，并覆盖 union 的每个渲染分支","duration":6.361400000000003,"failureMessages":[],"meta":{}},{"ancestorTitles":["DxfDrawingView"],"fullName":"DxfDrawingView 把 INSERT 循环或深度限制显式呈现为截断提示","status":"passed","title":"把 INSERT 循环或深度限制显式呈现为截断提示","duration":2.708699999999908,"failureMessages":[],"meta":{}}],"startTime":1788925714769,"endTime":1788925714805.7087,"status":"passed","message":"","name":"D:/GT_plan/audit-platform/frontend/src/components/attachment/preview/__tests__/DxfDrawingView.spec.ts"},{"assertionResults":[{"ancestorTitles":["dxfModel scene graph"],"fullName":"dxfModel scene graph 所有 ENTITIES/BLOCKS 实体类型都参与预扫，unsupported flood 在 parser 前被拒绝","status":"passed","title":"所有 ENTITIES/BLOCKS 实体类型都参与预扫，unsupported flood 在 parser 前被拒绝","duration":26.950199999999995,"failureMessages":[],"meta":{}},{"ancestorTitles":["dxfModel scene graph"],"fullName":"dxfModel scene graph 保留 ARC 弧度、ELLIPSE start/end 与 closed polyline，并给椭圆弧安全 bounds","status":"passed","title":"保留 ARC 弧度、ELLIPSE start/end 与 closed polyline，并给椭圆弧安全 bounds","duration":2.6154999999998836,"failureMessages":[],"meta":{}},{"ancestorTitles":["dxfModel scene graph"],"fullName":"dxfModel scene graph INSERT 保留嵌套 children，应用 block base point 与组合变换计算 bounds","status":"passed","title":"INSERT 保留嵌套 children，应用 block base point 与组合变换计算 bounds","duration":2.09050000000002,"failureMessages":[],"meta":{}},{"ancestorTitles":["dxfModel scene graph"],"fullName":"dxfModel scene graph 循环 INSERT 保留可见节点并标记 truncated，而不是无限展开或静默丢失","status":"passed","title":"循环 INSERT 保留可见节点并标记 truncated，而不是无限展开或静默丢失","duration":0.9835999999997966,"failureMessages":[],"meta":{}},{"ancestorTitles":["dxfModel scene graph"],"fullName":"dxfModel scene graph 超过 INSERT 深度时保留已展开场景并标记 maxInsertDepth","status":"passed","title":"超过 INSERT 深度时保留已展开场景并标记 maxInsertDepth","duration":0.9224999999999,"failureMessages":[],"meta":{}},{"ancestorTitles":["dxfModel scene graph"],"fullName":"dxfModel scene graph bounds 覆盖放大 INSERT 内 POINT 半径与文本字形安全盒","status":"passed","title":"bounds 覆盖放大 INSERT 内 POINT 半径与文本字形安全盒","duration":0.7228999999999814,"failureMessages":[],"meta":{}}],"startTime":1788925714756,"endTime":1788925714790.723,"status":"passed","message":"","name":"D:/GT_plan/audit-platform/frontend/src/components/attachment/preview/__tests__/dxfModel.spec.ts"},{"assertionResults":[{"ancestorTitles":["email CID canonicalize"],"fullName":"email CID canonicalize trim / 尖括号 / percent / lowercase","status":"passed","title":"trim / 尖括号 / percent / lowercase","duration":2.973700000000008,"failureMessages":[],"meta":{}},{"ancestorTitles":["email eml parse"],"fullName":"email eml parse 解析头与正文","status":"passed","title":"解析头与正文","duration":4.789800000000014,"failureMessages":[],"meta":{}},{"ancestorTitles":["email eml parse"],"fullName":"email eml parse 损坏邮件 parse_failed 且不抛到外层","status":"passed","title":"损坏邮件 parse_failed 且不抛到外层","duration":1.469899999999825,"failureMessages":[],"meta":{}},{"ancestorTitles":["email sanitizer"],"fullName":"email sanitizer 移除 script/事件并阻断外链图片","status":"passed","title":"移除 script/事件并阻断外链图片","duration":12.361199999999826,"failureMessages":[],"meta":{}},{"ancestorTitles":["email sanitizer"],"fullName":"email sanitizer CID 仅在 magic 匹配时转 blob","status":"passed","title":"CID 仅在 magic 匹配时转 blob","duration":4.039299999999912,"failureMessages":[],"meta":{}},{"ancestorTitles":["email sanitizer"],"fullName":"email sanitizer CID magic 不匹配时拒绝转 blob（声明 png 但字节非 png）","status":"passed","title":"CID magic 不匹配时拒绝转 blob（声明 png 但字节非 png）","duration":3.2618999999999687,"failureMessages":[],"meta":{}},{"ancestorTitles":["email sanitizer"],"fullName":"email sanitizer CID 仅有 PNG 短前缀而完整 signature 错误时拒绝转 blob","status":"passed","title":"CID 仅有 PNG 短前缀而完整 signature 错误时拒绝转 blob","duration":2.3333999999999833,"failureMessages":[],"meta":{}},{"ancestorTitles":["email sanitizer"],"fullName":"email sanitizer SVG data URI 大小写不敏感地阻断","status":"passed","title":"SVG data URI 大小写不敏感地阻断","duration":4.359100000000126,"failureMessages":[],"meta":{}},{"ancestorTitles":["dxf model"],"fullName":"dxf model 解析 LINE 为 typed entity，无 v-html 字符串拼装","status":"passed","title":"解析 LINE 为 typed entity，无 v-html 字符串拼装","duration":2.849499999999807,"failureMessages":[],"meta":{}}],"startTime":1788925716151,"endTime":1788925716189.8496,"status":"passed","message":"","name":"D:/GT_plan/audit-platform/frontend/src/components/attachment/preview/__tests__/emailDxf.spec.ts"},{"assertionResults":[{"ancestorTitles":["EmailMessageView resource ownership"],"fullName":"EmailMessageView resource ownership CID URL 纳入 PreviewResourceScope，换邮件与卸载时成对释放","status":"passed","title":"CID URL 纳入 PreviewResourceScope，换邮件与卸载时成对释放","duration":32.37180000000012,"failureMessages":[],"meta":{}},{"ancestorTitles":["EmailMessageView resource ownership"],"fullName":"EmailMessageView resource ownership 跨邮件按当前安全正文复位 HTML/text mode，空 HTML 时禁用按钮","status":"passed","title":"跨邮件按当前安全正文复位 HTML/text mode，空 HTML 时禁用按钮","duration":12.108000000000175,"failureMessages":[],"meta":{}}],"startTime":1788925713329,"endTime":1788925713374.108,"status":"passed","message":"","name":"D:/GT_plan/audit-platform/frontend/src/components/attachment/preview/__tests__/EmailMessageView.spec.ts"},{"assertionResults":[{"ancestorTitles":["raw MIME 预扫与 PostalMime 限额"],"fullName":"raw MIME 预扫与 PostalMime 限额 root=1，499 个 text parts 可进入 PostalMime，501 个零附件 text parts 在构造/parse 前返回 limit","status":"passed","title":"root=1，499 个 text parts 可进入 PostalMime，501 个零附件 text parts 在构造/parse 前返回 limit","duration":10.667299999999841,"failureMessages":[],"meta":{}},{"ancestorTitles":["raw MIME 预扫与 PostalMime 限额"],"fullName":"raw MIME 预扫与 PostalMime 限额 重复 Content-Type/参数与 quoted-pair boundary 不能让 501 parts 绕过预扫","status":"passed","title":"重复 Content-Type/参数与 quoted-pair boundary 不能让 501 parts 绕过预扫","duration":5.379199999999855,"failureMessages":[],"meta":{}},{"ancestorTitles":["raw MIME 预扫与 PostalMime 限额"],"fullName":"raw MIME 预扫与 PostalMime 限额 累计 header bytes 超限时在 PostalMime 前返回 limit","status":"passed","title":"累计 header bytes 超限时在 PostalMime 前返回 limit","duration":12.05840000000012,"failureMessages":[],"meta":{}},{"ancestorTitles":["raw MIME 预扫与 PostalMime 限额"],"fullName":"raw MIME 预扫与 PostalMime 限额 declared boundary 超过 70 bytes 时在 PostalMime 前返回 limit","status":"passed","title":"declared boundary 超过 70 bytes 时在 PostalMime 前返回 limit","duration":0.8870999999999185,"failureMessages":[],"meta":{}},{"ancestorTitles":["raw MIME 预扫与 PostalMime 限额"],"fullName":"raw MIME 预扫与 PostalMime 限额 嵌套结构超过深度上限时在 PostalMime 前返回 limit","status":"passed","title":"嵌套结构超过深度上限时在 PostalMime 前返回 limit","duration":0.7933000000000447,"failureMessages":[],"meta":{}},{"ancestorTitles":["raw MIME 预扫与 PostalMime 限额"],"fullName":"raw MIME 预扫与 PostalMime 限额 显式配置 PostalMime 三项资源门，RFC822 递归深度为 0","status":"passed","title":"显式配置 PostalMime 三项资源门，RFC822 递归深度为 0","duration":0.6919000000000324,"failureMessages":[],"meta":{}},{"ancestorTitles":["raw MIME 预扫与 PostalMime 限额"],"fullName":"raw MIME 预扫与 PostalMime 限额 PostalMime 已知限额异常保留 limit，未知异常才是 parse_failed","status":"passed","title":"PostalMime 已知限额异常保留 limit，未知异常才是 parse_failed","duration":0.7364999999999782,"failureMessages":[],"meta":{}},{"ancestorTitles":["raw MIME 预扫与 PostalMime 限额"],"fullName":"raw MIME 预扫与 PostalMime 限额 解析后二次 inline 字节门仍返回 limit，不降级为 parse_failed","status":"passed","title":"解析后二次 inline 字节门仍返回 limit，不降级为 parse_failed","duration":3.137100000000146,"failureMessages":[],"meta":{}},{"ancestorTitles":["MSG descriptor、recipient 与 CID 提取"],"fullName":"MSG descriptor、recipient 与 CID 提取 按 recipType 分 to/cc 并按 smtpAddress/email/name 回退，不产生 [object Object]","status":"passed","title":"按 recipType 分 to/cc 并按 smtpAddress/email/name 回退，不产生 [object Object]","duration":0.8298999999999523,"failureMessages":[],"meta":{}},{"ancestorTitles":["MSG descriptor、recipient 与 CID 提取"],"fullName":"MSG descriptor、recipient 与 CID 提取 只对唯一 CID raster descriptor 取 bytes，并精确切出 Uint8Array 视图","status":"passed","title":"只对唯一 CID raster descriptor 取 bytes，并精确切出 Uint8Array 视图","duration":1.105600000000095,"failureMessages":[],"meta":{}},{"ancestorTitles":["MSG descriptor、recipient 与 CID 提取"],"fullName":"MSG descriptor、recipient 与 CID 提取 magic 与 declared MIME 不一致时不产生 inline part","status":"passed","title":"magic 与 declared MIME 不一致时不产生 inline part","duration":0.4963000000000193,"failureMessages":[],"meta":{}},{"ancestorTitles":["MSG descriptor、recipient 与 CID 提取"],"fullName":"MSG descriptor、recipient 与 CID 提取 仅匹配 PNG 短前缀但完整 signature 错误时拒绝 inline part","status":"passed","title":"仅匹配 PNG 短前缀但完整 signature 错误时拒绝 inline part","duration":0.43640000000004875,"failureMessages":[],"meta":{}},{"ancestorTitles":["MSG descriptor、recipient 与 CID 提取"],"fullName":"MSG descriptor、recipient 与 CID 提取 重复 CID 全部剔除，且不为歧义项取 bytes","status":"passed","title":"重复 CID 全部剔除，且不为歧义项取 bytes","duration":0.36750000000006366,"failureMessages":[],"meta":{}},{"ancestorTitles":["MSG descriptor、recipient 与 CID 提取"],"fullName":"MSG descriptor、recipient 与 CID 提取 顶层与 embedded attachment descriptor 累计有界","status":"passed","title":"顶层与 embedded attachment descriptor 累计有界","duration":0.36540000000013606,"failureMessages":[],"meta":{}},{"ancestorTitles":["MSG descriptor、recipient 与 CID 提取"],"fullName":"MSG descriptor、recipient 与 CID 提取 MSG inline descriptor/实际字节超限保留 limit","status":"passed","title":"MSG inline descriptor/实际字节超限保留 limit","duration":0.3120000000001255,"failureMessages":[],"meta":{}},{"ancestorTitles":["MSG descriptor、recipient 与 CID 提取"],"fullName":"MSG descriptor、recipient 与 CID 提取 MSGReader 错误/未知异常归一为 parse_failed，不 reject","status":"passed","title":"MSGReader 错误/未知异常归一为 parse_failed，不 reject","duration":0.33600000000001273,"failureMessages":[],"meta":{}}],"startTime":1788925713319,"endTime":1788925713357.3655,"status":"passed","message":"","name":"D:/GT_plan/audit-platform/frontend/src/components/attachment/preview/__tests__/emailParseIsolation.spec.ts"},{"assertionResults":[{"ancestorTitles":["ArchiveEntryList render tree 三要素"],"fullName":"ArchiveEntryList render tree 三要素 N 条模型 → N 行；字段嵌套在行内","status":"passed","title":"N 条模型 → N 行；字段嵌套在行内","duration":20.394400000000132,"failureMessages":[],"meta":{}},{"ancestorTitles":["ArchiveEntryList render tree 三要素"],"fullName":"ArchiveEntryList render tree 三要素 空列表 → 0 行","status":"passed","title":"空列表 → 0 行","duration":3.7340999999998985,"failureMessages":[],"meta":{}},{"ancestorTitles":["ExtendedFormatPreview"],"fullName":"ExtendedFormatPreview dev/Vitest 也走真实协议 fake module Worker，匹配 requestId 后渲染 zip 清单","status":"passed","title":"dev/Vitest 也走真实协议 fake module Worker，匹配 requestId 后渲染 zip 清单","duration":68.75549999999998,"failureMessages":[],"meta":{}},{"ancestorTitles":["ExtendedFormatPreview"],"fullName":"ExtendedFormatPreview email 传入输入上限并直接 transfer 原始 buffer，不 slice","status":"passed","title":"email 传入输入上限并直接 transfer 原始 buffer，不 slice","duration":59.55809999999997,"failureMessages":[],"meta":{}},{"ancestorTitles":["ExtendedFormatPreview"],"fullName":"ExtendedFormatPreview Email CID object URL 由宿主 PreviewResourceScope 统一持有并在卸载释放","status":"passed","title":"Email CID object URL 由宿主 PreviewResourceScope 统一持有并在卸载释放","duration":430.3532,"failureMessages":[],"meta":{}},{"ancestorTitles":["ExtendedFormatPreview"],"fullName":"ExtendedFormatPreview Worker 响应 requestId 不匹配时拒绝结果并进入 parse_failed","status":"passed","title":"Worker 响应 requestId 不匹配时拒绝结果并进入 parse_failed","duration":64.0945999999999,"failureMessages":[],"meta":{}},{"ancestorTitles":["ExtendedFormatPreview"],"fullName":"ExtendedFormatPreview email blob.size 超过 EMAIL_LIMITS 时不调用 arrayBuffer/Worker","status":"passed","title":"email blob.size 超过 EMAIL_LIMITS 时不调用 arrayBuffer/Worker","duration":62.47539999999981,"failureMessages":[],"meta":{}},{"ancestorTitles":["ExtendedFormatPreview"],"fullName":"ExtendedFormatPreview drawing Worker 消费单一真源的 10 秒 deadline","status":"passed","title":"drawing Worker 消费单一真源的 10 秒 deadline","duration":62.71180000000004,"failureMessages":[],"meta":{}},{"ancestorTitles":["ExtendedFormatPreview"],"fullName":"ExtendedFormatPreview dwg 不取字节也不建 Worker，显示下载提示","status":"passed","title":"dwg 不取字节也不建 Worker，显示下载提示","duration":2.956000000000131,"failureMessages":[],"meta":{}}],"startTime":1788925711268,"endTime":1788925712043.956,"status":"passed","message":"","name":"D:/GT_plan/audit-platform/frontend/src/components/attachment/preview/__tests__/ExtendedFormatPreview.spec.ts"},{"assertionResults":[{"ancestorTitles":["fetchExtendedBytes"],"fullName":"fetchExtendedBytes application/json → wiring_error，且日志不含正文","status":"passed","title":"application/json → wiring_error，且日志不含正文","duration":5.655100000000175,"failureMessages":[],"meta":{}},{"ancestorTitles":["fetchExtendedBytes"],"fullName":"fetchExtendedBytes application/problem+json → wiring_error，且日志不含正文","status":"passed","title":"application/problem+json → wiring_error，且日志不含正文","duration":1.2142999999998665,"failureMessages":[],"meta":{}},{"ancestorTitles":["fetchExtendedBytes"],"fullName":"fetchExtendedBytes vendor/vnd.gt+json → wiring_error，且日志不含正文","status":"passed","title":"vendor/vnd.gt+json → wiring_error，且日志不含正文","duration":1.8747000000000753,"failureMessages":[],"meta":{}},{"ancestorTitles":["fetchExtendedBytes"],"fullName":"fetchExtendedBytes 仅 blob.type 为 +json 时也触发 JSON trap","status":"passed","title":"仅 blob.type 为 +json 时也触发 JSON trap","duration":0.6730999999999767,"failureMessages":[],"meta":{}},{"ancestorTitles":["fetchExtendedBytes"],"fullName":"fetchExtendedBytes blob.size 超限时在 arrayBuffer 前返回 limit_reached","status":"passed","title":"blob.size 超限时在 arrayBuffer 前返回 limit_reached","duration":0.6070000000001983,"failureMessages":[],"meta":{}},{"ancestorTitles":["fetchExtendedBytes"],"fullName":"fetchExtendedBytes 无可信 size 时仍在 arrayBuffer 后执行最终字节守卫","status":"passed","title":"无可信 size 时仍在 arrayBuffer 后执行最终字节守卫","duration":0.662900000000036,"failureMessages":[],"meta":{}},{"ancestorTitles":["fetchExtendedBytes"],"fullName":"fetchExtendedBytes 边界大小可 ready，并保留同一 ArrayBuffer","status":"passed","title":"边界大小可 ready，并保留同一 ArrayBuffer","duration":0.919399999999996,"failureMessages":[],"meta":{}},{"ancestorTitles":["fetchExtendedBytes"],"fullName":"fetchExtendedBytes 下载请求固定 _dedupe:false 并保留调用方 signal","status":"passed","title":"下载请求固定 _dedupe:false 并保留调用方 signal","duration":0.996599999999944,"failureMessages":[],"meta":{}},{"ancestorTitles":["fetchExtendedBytes"],"fullName":"fetchExtendedBytes preview URL 硬拒绝，不发起请求","status":"passed","title":"preview URL 硬拒绝，不发起请求","duration":0.42630000000008295,"failureMessages":[],"meta":{}},{"ancestorTitles":["fetchExtendedBytes"],"fullName":"fetchExtendedBytes 403/404/500 互斥映射","status":"passed","title":"403/404/500 互斥映射","duration":0.7132000000001426,"failureMessages":[],"meta":{}},{"ancestorTitles":["fetchExtendedBytes"],"fullName":"fetchExtendedBytes cancel → cancelled；stale generation → stale","status":"passed","title":"cancel → cancelled；stale generation → stale","duration":0.5494999999998527,"failureMessages":[],"meta":{}}],"startTime":1788925716824,"endTime":1788925716838.5496,"status":"passed","message":"","name":"D:/GT_plan/audit-platform/frontend/src/components/attachment/preview/__tests__/extendedPreviewRequest.spec.ts"},{"assertionResults":[{"ancestorTitles":["PreviewResourceScope"],"fullName":"PreviewResourceScope releaseAll 幂等且 late-track 资源立即释放","status":"passed","title":"releaseAll 幂等且 late-track 资源立即释放","duration":6.098299999999881,"failureMessages":[],"meta":{}},{"ancestorTitles":["createWorkerLease"],"fullName":"createWorkerLease 匹配 requestId 后 resolve，并清 listener/timer/登记且 terminate 一次","status":"passed","title":"匹配 requestId 后 resolve，并清 listener/timer/登记且 terminate 一次","duration":5.28690000000006,"failureMessages":[],"meta":{}},{"ancestorTitles":["createWorkerLease"],"fullName":"createWorkerLease 响应 requestId 不匹配时拒绝并 finalize","status":"passed","title":"响应 requestId 不匹配时拒绝并 finalize","duration":1.3351000000000113,"failureMessages":[],"meta":{}},{"ancestorTitles":["createWorkerLease"],"fullName":"createWorkerLease error、deadline 和 stale message 都走同一 finalize","status":"passed","title":"error、deadline 和 stale message 都走同一 finalize","duration":13.126099999999951,"failureMessages":[],"meta":{}},{"ancestorTitles":["createWorkerLease"],"fullName":"createWorkerLease 已释放 scope 上创建 lease 时只 terminate 一次，post 立即 AbortError","status":"passed","title":"已释放 scope 上创建 lease 时只 terminate 一次，post 立即 AbortError","duration":1.4391000000000531,"failureMessages":[],"meta":{}},{"ancestorTitles":["createWorkerLease"],"fullName":"createWorkerLease scope dispose 与显式 terminate 立即以 AbortError 结算 pending Promise","status":"passed","title":"scope dispose 与显式 terminate 立即以 AbortError 结算 pending Promise","duration":1.0494000000001051,"failureMessages":[],"meta":{}}],"startTime":1788925716053,"endTime":1788925716081.0493,"status":"passed","message":"","name":"D:/GT_plan/audit-platform/frontend/src/components/attachment/preview/__tests__/previewResourceScope.spec.ts"},{"assertionResults":[{"ancestorTitles":["Task13 OCR DTO projection"],"fullName":"Task13 OCR DTO projection process-record 投影含 ocr_status/ocr_text","status":"passed","title":"process-record 投影含 ocr_status/ocr_text","duration":4.5779999999999745,"failureMessages":[],"meta":{}},{"ancestorTitles":["Task1/14 Preview_Host legacy matrix"],"fullName":"Task1/14 Preview_Host legacy matrix 图片集合冻结不含 svg","status":"passed","title":"图片集合冻结不含 svg","duration":0.7476999999998952,"failureMessages":[],"meta":{}},{"ancestorTitles":["Task1/14 Preview_Host legacy matrix"],"fullName":"Task1/14 Preview_Host legacy matrix fileName='a.docx' fileType='word' → 'docx'","status":"passed","title":"fileName='a.docx' fileType='word' → 'docx'","duration":30.938000000000102,"failureMessages":[],"meta":{}},{"ancestorTitles":["Task1/14 Preview_Host legacy matrix"],"fullName":"Task1/14 Preview_Host legacy matrix fileName='a.docx' fileType='' → 'docx'","status":"passed","title":"fileName='a.docx' fileType='' → 'docx'","duration":6.531299999999646,"failureMessages":[],"meta":{}},{"ancestorTitles":["Task1/14 Preview_Host legacy matrix"],"fullName":"Task1/14 Preview_Host legacy matrix fileName='a.doc' fileType=null → 'docx'","status":"passed","title":"fileName='a.doc' fileType=null → 'docx'","duration":2.8937999999998283,"failureMessages":[],"meta":{}},{"ancestorTitles":["Task1/14 Preview_Host legacy matrix"],"fullName":"Task1/14 Preview_Host legacy matrix fileName='b.xlsx' fileType='excel' → 'excel'","status":"passed","title":"fileName='b.xlsx' fileType='excel' → 'excel'","duration":4.02599999999984,"failureMessages":[],"meta":{}},{"ancestorTitles":["Task1/14 Preview_Host legacy matrix"],"fullName":"Task1/14 Preview_Host legacy matrix fileName='b.xls' fileType='' → 'excel'","status":"passed","title":"fileName='b.xls' fileType='' → 'excel'","duration":5.785699999999906,"failureMessages":[],"meta":{}},{"ancestorTitles":["Task1/14 Preview_Host legacy matrix"],"fullName":"Task1/14 Preview_Host legacy matrix fileName='b.csv' fileType='' → 'excel'","status":"passed","title":"fileName='b.csv' fileType='' → 'excel'","duration":5.782200000000103,"failureMessages":[],"meta":{}},{"ancestorTitles":["Task1/14 Preview_Host legacy matrix"],"fullName":"Task1/14 Preview_Host legacy matrix fileName='c.pdf' fileType='' → 'pdf'","status":"passed","title":"fileName='c.pdf' fileType='' → 'pdf'","duration":5.788100000000213,"failureMessages":[],"meta":{}},{"ancestorTitles":["Task1/14 Preview_Host legacy matrix"],"fullName":"Task1/14 Preview_Host legacy matrix fileName='c.PDF' fileType='' → 'pdf'","status":"passed","title":"fileName='c.PDF' fileType='' → 'pdf'","duration":3.3167999999996027,"failureMessages":[],"meta":{}},{"ancestorTitles":["Task1/14 Preview_Host legacy matrix"],"fullName":"Task1/14 Preview_Host legacy matrix fileName='c.pdf' fileType='pdf' → 'pdf'","status":"passed","title":"fileName='c.pdf' fileType='pdf' → 'pdf'","duration":3.6464999999998327,"failureMessages":[],"meta":{}},{"ancestorTitles":["Task1/14 Preview_Host legacy matrix"],"fullName":"Task1/14 Preview_Host legacy matrix fileName='d.png' fileType='image' → 'image'","status":"passed","title":"fileName='d.png' fileType='image' → 'image'","duration":4.973300000000108,"failureMessages":[],"meta":{}},{"ancestorTitles":["Task1/14 Preview_Host legacy matrix"],"fullName":"Task1/14 Preview_Host legacy matrix fileName='d.jpg' fileType='' → 'image'","status":"passed","title":"fileName='d.jpg' fileType='' → 'image'","duration":3.297399999999925,"failureMessages":[],"meta":{}},{"ancestorTitles":["Task1/14 Preview_Host legacy matrix"],"fullName":"Task1/14 Preview_Host legacy matrix fileName='d.webp' fileType='' → 'image'","status":"passed","title":"fileName='d.webp' fileType='' → 'image'","duration":3.27599999999984,"failureMessages":[],"meta":{}},{"ancestorTitles":["Task1/14 Preview_Host legacy matrix"],"fullName":"Task1/14 Preview_Host legacy matrix fileName='d.bmp' fileType='' → 'image'","status":"passed","title":"fileName='d.bmp' fileType='' → 'image'","duration":2.8432000000002517,"failureMessages":[],"meta":{}},{"ancestorTitles":["Task1/14 Preview_Host legacy matrix"],"fullName":"Task1/14 Preview_Host legacy matrix fileName='d.svg' fileType='' → 'unsupported'","status":"passed","title":"fileName='d.svg' fileType='' → 'unsupported'","duration":12.615600000000086,"failureMessages":[],"meta":{}},{"ancestorTitles":["Task1/14 Preview_Host legacy matrix"],"fullName":"Task1/14 Preview_Host legacy matrix fileName='d.svg' fileType='image' → 'image'","status":"passed","title":"fileName='d.svg' fileType='image' → 'image'","duration":6.468399999999747,"failureMessages":[],"meta":{}},{"ancestorTitles":["Task1/14 Preview_Host legacy matrix"],"fullName":"Task1/14 Preview_Host legacy matrix fileName='e.dwg' fileType='' → 'unsupported'","status":"passed","title":"fileName='e.dwg' fileType='' → 'unsupported'","duration":5.097099999999955,"failureMessages":[],"meta":{}},{"ancestorTitles":["Task1/14 Preview_Host legacy matrix"],"fullName":"Task1/14 Preview_Host legacy matrix fileName='noext' fileType='' → 'unsupported'","status":"passed","title":"fileName='noext' fileType='' → 'unsupported'","duration":4.541000000000167,"failureMessages":[],"meta":{}},{"ancestorTitles":["Task1/14 Preview_Host legacy matrix"],"fullName":"Task1/14 Preview_Host legacy matrix fileName='noext' fileType='word' → 'docx'","status":"passed","title":"fileName='noext' fileType='word' → 'docx'","duration":3.8236000000001695,"failureMessages":[],"meta":{}},{"ancestorTitles":["Task1/14 Preview_Host legacy matrix"],"fullName":"Task1/14 Preview_Host legacy matrix zip/eml/msg/dxf 挂 ExtendedFormatPreview","status":"passed","title":"zip/eml/msg/dxf 挂 ExtendedFormatPreview","duration":17.053499999999985,"failureMessages":[],"meta":{}},{"ancestorTitles":["Task1/14 Drawer_Host matrix"],"fullName":"Task1/14 Drawer_Host matrix Office 10 项冻结","status":"passed","title":"Office 10 项冻结","duration":1.1370999999999185,"failureMessages":[],"meta":{}},{"ancestorTitles":["Task1/14 Drawer_Host matrix"],"fullName":"Task1/14 Drawer_Host matrix name='report.docx' type_hint='' → 'office'","status":"passed","title":"name='report.docx' type_hint='' → 'office'","duration":5.4465000000000146,"failureMessages":[],"meta":{}},{"ancestorTitles":["Task1/14 Drawer_Host matrix"],"fullName":"Task1/14 Drawer_Host matrix name='data.xlsx' type_hint='' → 'office'","status":"passed","title":"name='data.xlsx' type_hint='' → 'office'","duration":2.2046000000000276,"failureMessages":[],"meta":{}},{"ancestorTitles":["Task1/14 Drawer_Host matrix"],"fullName":"Task1/14 Drawer_Host matrix name='slides.pptx' type_hint='' → 'office'","status":"passed","title":"name='slides.pptx' type_hint='' → 'office'","duration":1.777299999999741,"failureMessages":[],"meta":{}},{"ancestorTitles":["Task1/14 Drawer_Host matrix"],"fullName":"Task1/14 Drawer_Host matrix name='legacy.odt' type_hint='' → 'office'","status":"passed","title":"name='legacy.odt' type_hint='' → 'office'","duration":2.0703000000003158,"failureMessages":[],"meta":{}},{"ancestorTitles":["Task1/14 Drawer_Host matrix"],"fullName":"Task1/14 Drawer_Host matrix name='legacy.rtf' type_hint='' → 'office'","status":"passed","title":"name='legacy.rtf' type_hint='' → 'office'","duration":2.0135999999997694,"failureMessages":[],"meta":{}},{"ancestorTitles":["Task1/14 Drawer_Host matrix"],"fullName":"Task1/14 Drawer_Host matrix name='doc.pdf' type_hint='application/pdf' → 'pdf'","status":"passed","title":"name='doc.pdf' type_hint='application/pdf' → 'pdf'","duration":2.5468000000000757,"failureMessages":[],"meta":{}},{"ancestorTitles":["Task1/14 Drawer_Host matrix"],"fullName":"Task1/14 Drawer_Host matrix name='doc.pdf' type_hint='' → 'pdf'","status":"passed","title":"name='doc.pdf' type_hint='' → 'pdf'","duration":2.832100000000082,"failureMessages":[],"meta":{}},{"ancestorTitles":["Task1/14 Drawer_Host matrix"],"fullName":"Task1/14 Drawer_Host matrix name='doc.PDF' type_hint='' → 'unsupported'","status":"passed","title":"name='doc.PDF' type_hint='' → 'unsupported'","duration":3.931500000000142,"failureMessages":[],"meta":{}},{"ancestorTitles":["Task1/14 Drawer_Host matrix"],"fullName":"Task1/14 Drawer_Host matrix name='doc.PDF' type_hint='application/pdf' → 'pdf'","status":"passed","title":"name='doc.PDF' type_hint='application/pdf' → 'pdf'","duration":2.7402000000001863,"failureMessages":[],"meta":{}},{"ancestorTitles":["Task1/14 Drawer_Host matrix"],"fullName":"Task1/14 Drawer_Host matrix name='photo.png' type_hint='image/png' → 'image'","status":"passed","title":"name='photo.png' type_hint='image/png' → 'image'","duration":2.364300000000185,"failureMessages":[],"meta":{}},{"ancestorTitles":["Task1/14 Drawer_Host matrix"],"fullName":"Task1/14 Drawer_Host matrix name='photo.png' type_hint='image' → 'unsupported'","status":"passed","title":"name='photo.png' type_hint='image' → 'unsupported'","duration":1.78879999999981,"failureMessages":[],"meta":{}},{"ancestorTitles":["Task1/14 Drawer_Host matrix"],"fullName":"Task1/14 Drawer_Host matrix name='photo.svg' type_hint='image/svg+xml' → 'image'","status":"passed","title":"name='photo.svg' type_hint='image/svg+xml' → 'image'","duration":1.883600000000115,"failureMessages":[],"meta":{}},{"ancestorTitles":["Task1/14 Drawer_Host matrix"],"fullName":"Task1/14 Drawer_Host matrix name='archive.zip' type_hint='application/zip' → 'extended'","status":"passed","title":"name='archive.zip' type_hint='application/zip' → 'extended'","duration":1.7339999999999236,"failureMessages":[],"meta":{}},{"ancestorTitles":["Task1/14 Drawer_Host matrix"],"fullName":"Task1/14 Drawer_Host matrix name='mail.eml' type_hint='eml' → 'extended'","status":"passed","title":"name='mail.eml' type_hint='eml' → 'extended'","duration":1.7167999999996937,"failureMessages":[],"meta":{}},{"ancestorTitles":["Task1/14 Drawer_Host matrix"],"fullName":"Task1/14 Drawer_Host matrix name='mail.msg' type_hint='msg' → 'extended'","status":"passed","title":"name='mail.msg' type_hint='msg' → 'extended'","duration":1.6399000000001251,"failureMessages":[],"meta":{}},{"ancestorTitles":["Task1/14 Drawer_Host matrix"],"fullName":"Task1/14 Drawer_Host matrix name='plan.dxf' type_hint='dxf' → 'extended'","status":"passed","title":"name='plan.dxf' type_hint='dxf' → 'extended'","duration":1.9603000000001884,"failureMessages":[],"meta":{}},{"ancestorTitles":["Task1/14 Drawer_Host matrix"],"fullName":"Task1/14 Drawer_Host matrix name='plan.dwg' type_hint='dwg' → 'unsupported'","status":"passed","title":"name='plan.dwg' type_hint='dwg' → 'unsupported'","duration":3.459599999999682,"failureMessages":[],"meta":{}},{"ancestorTitles":["Task13/14 AttachmentTabPanel 接线"],"fullName":"Task13/14 AttachmentTabPanel 接线 源码把 file_type 写入 type_hint，并传递 OCR","status":"passed","title":"源码把 file_type 写入 type_hint，并传递 OCR","duration":1.4722999999999047,"failureMessages":[],"meta":{}},{"ancestorTitles":["Task13/14 AttachmentTabPanel 接线"],"fullName":"Task13/14 AttachmentTabPanel 接线 Office 读 LEGACY_CAPABILITIES.attachmentTab","status":"passed","title":"Office 读 LEGACY_CAPABILITIES.attachmentTab","duration":0.7393000000001848,"failureMessages":[],"meta":{}},{"ancestorTitles":["Task15 OCR + Office health copy regression"],"fullName":"Task15 OCR + Office health copy regression Drawer OCR badge/text 仍可见，不改变旧字段","status":"passed","title":"Drawer OCR badge/text 仍可见，不改变旧字段","duration":4.5953999999996995,"failureMessages":[],"meta":{}},{"ancestorTitles":["Task15 OCR + Office health copy regression"],"fullName":"Task15 OCR + Office health copy regression LibreOffice 降级文案与 DWG 文案冻结（收敛后单一真源 = AttachmentPreviewCore）","status":"passed","title":"LibreOffice 降级文案与 DWG 文案冻结（收敛后单一真源 = AttachmentPreviewCore）","duration":2.223700000000008,"failureMessages":[],"meta":{}},{"ancestorTitles":["Task15 OCR + Office health copy regression"],"fullName":"Task15 OCR + Office health copy regression Preview_Host unsupported 原文不变（收敛后单一真源 = AttachmentPreviewCore）","status":"passed","title":"Preview_Host unsupported 原文不变（收敛后单一真源 = AttachmentPreviewCore）","duration":0.5606999999999971,"failureMessages":[],"meta":{}}],"startTime":1788925711783,"endTime":1788925711976.5608,"status":"passed","message":"","name":"D:/GT_plan/audit-platform/frontend/src/components/attachment/preview/__tests__/task1LegacyBaseline.spec.ts"}]}