<?xml version="1.0" encoding="utf-8"?><testsuites name="pytest tests"><testsuite name="pytest" errors="0" failures="0" skipped="0" tests="21" time="1.851" timestamp="2026-07-17T04:07:59.052576+08:00" hostname="DESKTOP-FURNVS2"><testcase classname="tests.procedure_delegation_visibility.test_task13_epoch_cache_rate_profile.TestProperty18EpochCache" name="test_cache_key_includes_epoch_and_hits" time="0.221" /><testcase classname="tests.procedure_delegation_visibility.test_task13_epoch_cache_rate_profile.TestProperty18EpochCache" name="test_epoch_bump_within_ttl_then_converges_after_ttl" time="0.088" /><testcase classname="tests.procedure_delegation_visibility.test_task13_epoch_cache_rate_profile.TestProperty18EpochCache" name="test_redis_invalidate_converges_immediately" time="0.087" /><testcase classname="tests.procedure_delegation_visibility.test_task13_epoch_cache_rate_profile.TestProperty18EpochCache" name="test_epoch_unavailable_fails_closed_no_stale" time="0.083" /><testcase classname="tests.procedure_delegation_visibility.test_task13_epoch_cache_rate_profile" name="test_invalidation_channel_is_per_project" time="0.001" /><testcase classname="tests.procedure_delegation_visibility.test_task13_epoch_cache_rate_profile.TestProperty18ThroughGate" name="test_gate_with_epoch_cache_allows_then_denies_after_revoke" time="0.112" /><testcase classname="tests.procedure_delegation_visibility.test_task13_epoch_cache_rate_profile.TestProperty18ThroughGate" name="test_gate_epoch_cache_immediate_invalidate_denies" time="0.122" /><testcase classname="tests.procedure_delegation_visibility.test_task13_epoch_cache_rate_profile.TestProperty19RateLimitProfile" name="test_measurement_only_profile_is_inert_no_thresholds" time="0.001" /><testcase classname="tests.procedure_delegation_visibility.test_task13_epoch_cache_rate_profile.TestProperty19RateLimitProfile" name="test_measurement_limiter_never_limits_when_inert" time="0.001" /><testcase classname="tests.procedure_delegation_visibility.test_task13_epoch_cache_rate_profile.TestProperty19RateLimitProfile" name="test_freeze_requires_matching_performance_version" time="0.000" /><testcase classname="tests.procedure_delegation_visibility.test_task13_epoch_cache_rate_profile.TestProperty19RateLimitProfile" name="test_freeze_requires_positive_thresholds" time="0.000" /><testcase classname="tests.procedure_delegation_visibility.test_task13_epoch_cache_rate_profile.TestProperty19RateLimitProfile" name="test_freeze_requires_some_threshold" time="0.000" /><testcase classname="tests.procedure_delegation_visibility.test_task13_epoch_cache_rate_profile.TestProperty19RateLimitProfile" name="test_frozen_profile_activates_and_references_capacity_hash" time="0.001" /><testcase classname="tests.procedure_delegation_visibility.test_task13_epoch_cache_rate_profile.TestProperty19RateLimitProfile" name="test_activated_limiter_within_threshold_then_429_with_retry_after" time="0.000" /><testcase classname="tests.procedure_delegation_visibility.test_task13_epoch_cache_rate_profile.TestProperty19RateLimitProfile" name="test_unfrozen_thresholds_stay_inert" time="0.001" /><testcase classname="tests.procedure_delegation_visibility.test_task13_epoch_cache_rate_profile.TestProperty19ResourceIndependent429" name="test_activated_profile_429_before_resource_resolution" time="0.064" /><testcase classname="tests.procedure_delegation_visibility.test_task13_epoch_cache_rate_profile.TestProperty19ResourceIndependent429" name="test_measurement_default_never_limits_through_gate" time="0.115" /><testcase classname="tests.procedure_delegation_visibility.test_task13_epoch_cache_rate_profile.TestObservabilityMetrics" name="test_percentile_nearest_rank" time="0.001" /><testcase classname="tests.procedure_delegation_visibility.test_task13_epoch_cache_rate_profile.TestObservabilityMetrics" name="test_measure_records_latency_and_p95" time="0.001" /><testcase classname="tests.procedure_delegation_visibility.test_task13_epoch_cache_rate_profile.TestObservabilityMetrics" name="test_error_allow_and_reason_distribution" time="0.000" /><testcase classname="tests.procedure_delegation_visibility.test_task13_epoch_cache_rate_profile.TestObservabilityMetrics" name="test_query_count_tracks_no_n1" time="0.000" /></testsuite></testsuites>