<?xml version="1.0" encoding="utf-8"?><testsuites name="pytest tests"><testsuite name="pytest" errors="0" failures="0" skipped="0" tests="6" time="22.489" timestamp="2026-07-17T16:50:17.655895+08:00" hostname="DESKTOP-FURNVS2"><testcase classname="tests.procedure_delegation_visibility.test_task17_capacity_and_role_acceptance" name="test_a_capacity_baseline_freeze_and_acceptance" time="20.756" /><testcase classname="tests.procedure_delegation_visibility.test_task17_capacity_and_role_acceptance" name="test_b_rate_limit_acceptance_within_over_and_resource_independent" time="0.002" /><testcase classname="tests.procedure_delegation_visibility.test_task17_capacity_and_role_acceptance.TestRoleMatrixApiLevel" name="test_role_security_matrix" time="0.330" /><testcase classname="tests.procedure_delegation_visibility.test_task17_capacity_and_role_acceptance.TestRoleMatrixApiLevel" name="test_role_list_visibility" time="0.182" /><testcase classname="tests.procedure_delegation_visibility.test_task17_capacity_and_role_acceptance" name="test_c_revocation_converges_within_one_second" time="0.148" /><testcase classname="tests.procedure_delegation_visibility.test_task17_capacity_and_role_acceptance" name="test_zzz_write_task17_artifacts" time="0.005" /></testsuite></testsuites>