<?xml version="1.0" encoding="utf-8"?><testsuites name="pytest tests"><testsuite name="pytest" errors="0" failures="0" skipped="0" tests="19" time="9.787" timestamp="2026-07-17T18:13:32.880194+08:00" hostname="DESKTOP-FURNVS2"><testcase classname="tests.visibility_go_live_hardening.test_task2_editor_enforcement.TestEnvGatedEnforcement" name="test_dev_defaults_false" time="0.003" /><testcase classname="tests.visibility_go_live_hardening.test_task2_editor_enforcement.TestEnvGatedEnforcement" name="test_prod_staging_derives_true[prod]" time="0.002" /><testcase classname="tests.visibility_go_live_hardening.test_task2_editor_enforcement.TestEnvGatedEnforcement" name="test_prod_staging_derives_true[production]" time="0.002" /><testcase classname="tests.visibility_go_live_hardening.test_task2_editor_enforcement.TestEnvGatedEnforcement" name="test_prod_staging_derives_true[staging]" time="0.002" /><testcase classname="tests.visibility_go_live_hardening.test_task2_editor_enforcement.TestEnvGatedEnforcement" name="test_rollback_path_explicit_false_in_prod" time="0.002" /><testcase classname="tests.visibility_go_live_hardening.test_task2_editor_enforcement.TestEnvGatedEnforcement" name="test_explicit_true_enables_in_dev" time="0.002" /><testcase classname="tests.visibility_go_live_hardening.test_task2_editor_enforcement.TestEnvGatedEnforcement" name="test_default_runtime_import_is_dev_false" time="0.000" /><testcase classname="tests.visibility_go_live_hardening.test_task2_editor_enforcement.TestEditorGateEnforceStates" name="test_gate_deny_enforce_true_returns_404" time="8.256" /><testcase classname="tests.visibility_go_live_hardening.test_task2_editor_enforcement.TestEditorGateEnforceStates" name="test_gate_deny_enforce_false_dev_passthrough" time="0.113" /><testcase classname="tests.visibility_go_live_hardening.test_task2_editor_enforcement.TestEditorGateEnforceStates" name="test_valid_token_lead_allowed_enforce_true" time="0.105" /><testcase classname="tests.visibility_go_live_hardening.test_task2_editor_enforcement.TestEditorGateEnforceStates" name="test_bad_token_enforce_true_404[bad_signature]" time="0.131" /><testcase classname="tests.visibility_go_live_hardening.test_task2_editor_enforcement.TestEditorGateEnforceStates" name="test_bad_token_enforce_true_404[expired]" time="0.109" /><testcase classname="tests.visibility_go_live_hardening.test_task2_editor_enforcement.TestEditorGateEnforceStates" name="test_bad_token_enforce_true_404[claim_mismatch]" time="0.146" /><testcase classname="tests.visibility_go_live_hardening.test_task2_editor_enforcement.TestEditorGateEnforceStates" name="test_bad_token_enforce_false_dev_passthrough" time="0.109" /><testcase classname="tests.visibility_go_live_hardening.test_task2_editor_enforcement.TestEditorGateEnforceStates" name="test_secret_missing_fail_closed_enforce_true" time="0.128" /><testcase classname="tests.visibility_go_live_hardening.test_task2_editor_enforcement.TestCallbackReverify" name="test_callback_reverify_version_conflict" time="0.001" /><testcase classname="tests.visibility_go_live_hardening.test_task2_editor_enforcement.TestCallbackReverify" name="test_callback_reverify_readonly_token_write" time="0.000" /><testcase classname="tests.visibility_go_live_hardening.test_task2_editor_enforcement.TestCallbackReverify" name="test_callback_reverify_revoked_session" time="0.000" /><testcase classname="tests.visibility_go_live_hardening.test_task2_editor_enforcement.TestCallbackReverify" name="test_callback_reverify_action_mismatch_and_pass" time="0.000" /></testsuite></testsuites>