<?xml version="1.0" encoding="utf-8"?><testsuites name="pytest tests"><testsuite name="pytest" errors="0" failures="0" skipped="0" tests="19" time="7.514" timestamp="2026-07-17T03:16:47.900396+08:00" hostname="DESKTOP-FURNVS2"><properties>
[...]
</properties><testcase classname="tests.procedure_delegation_visibility.test_delegation_transaction" name="test_lead_two_layer_same_person" time="0.288" /><testcase classname="tests.procedure_delegation_visibility.test_delegation_transaction" name="test_layers_never_overwrite" time="0.215" /><testcase classname="tests.procedure_delegation_visibility.test_delegation_transaction" name="test_row_clear_preserves_other_role_and_lead" time="0.210" /><testcase classname="tests.procedure_delegation_visibility.test_delegation_transaction" name="test_lead_clear_preserves_row_tasks" time="0.324" /><testcase classname="tests.procedure_delegation_visibility.test_delegation_transaction" name="test_epoch_and_outbox_atomic" time="0.145" /><testcase classname="tests.procedure_delegation_visibility.test_delegation_transaction" name="test_request_id_idempotent" time="0.142" /><testcase classname="tests.procedure_delegation_visibility.test_delegation_transaction" name="test_sequential_reassignment_consistency" time="0.196" /><testcase classname="tests.procedure_delegation_visibility.test_delegation_transaction" name="test_cross_cycle_default_reject" time="0.126" /><testcase classname="tests.procedure_delegation_visibility.test_delegation_transaction" name="test_scope_expansion_requires_reason_and_unions" time="0.174" /><testcase classname="tests.procedure_delegation_visibility.test_delegation_transaction" name="test_revocation_does_not_shrink_scope" time="0.188" /><testcase classname="tests.procedure_delegation_visibility.test_delegation_transaction" name="test_mapping_invalid_rejects" time="0.136" /><testcase classname="tests.procedure_delegation_visibility.test_delegation_transaction" name="test_binding_conflict_rejects" time="0.083" /><testcase classname="tests.procedure_delegation_visibility.test_delegation_transaction" name="test_projection_not_written_with_row_staff" time="0.151" /><testcase classname="tests.procedure_delegation_visibility.test_delegation_transaction" name="test_concurrent_reassignment_serialized" time="0.466" /><testcase classname="tests.procedure_delegation_visibility.test_delegation_transaction" name="test_crash_recovery_outbox_persisted" time="0.312" /><testcase classname="tests.procedure_delegation_visibility.test_delegation_transaction_pbt" name="test_pbt_mapping_transaction_invariants" time="0.456" /><testcase classname="tests.procedure_delegation_visibility.test_delegation_transaction_pbt" name="test_pbt_layers_never_overwrite" time="0.954" /><testcase classname="tests.procedure_delegation_visibility.test_delegation_transaction_pbt" name="test_pbt_epoch_monotonic_and_atomic" time="0.915" /><testcase classname="tests.procedure_delegation_visibility.test_delegation_transaction_pbt" name="test_pbt_scope_expansion_atomic" time="0.616" /></testsuite></testsuites>