<?xml version="1.0" encoding="utf-8"?><testsuites name="pytest tests"><testsuite name="pytest" errors="0" failures="0" skipped="0" tests="7" time="3.992" timestamp="2026-07-17T04:33:02.917084+08:00" hostname="DESKTOP-FURNVS2"><properties>
[...]
</properties><testcase classname="tests.procedure_delegation_visibility.test_task14_pbt_profiles" name="test_profiles_registered_and_correctness_ge_100" time="0.001" /><testcase classname="tests.procedure_delegation_visibility.test_task14_pbt_profiles" name="test_same_source_batch_runs_both_tiers" time="0.144" /><testcase classname="tests.procedure_delegation_visibility.test_task14_pbt_profiles" name="test_property_matrix_covers_p1_to_p20_and_files_exist" time="0.001" /><testcase classname="tests.procedure_delegation_visibility.test_task14_pbt_profiles" name="test_prompt_to_design_mapping_is_complete" time="0.000" /><testcase classname="tests.procedure_delegation_visibility.test_task14_property_gaps" name="test_p16_ledger_bidirectional_and_no_fake_pass" time="0.529" /><testcase classname="tests.procedure_delegation_visibility.test_task14_property_gaps" name="test_p19_profile_activation_requires_capacity_evidence" time="0.117" /><testcase classname="tests.procedure_delegation_visibility.test_task14_property_gaps" name="test_p20_evidence_append_only_hash_complete" time="1.763" /></testsuite></testsuites>