<?xml version="1.0" encoding="utf-8"?><testsuites name="pytest tests"><testsuite name="pytest" errors="0" failures="0" skipped="0" tests="26" time="3.950" timestamp="2026-07-17T02:10:26.559787+08:00" hostname="DESKTOP-FURNVS2"><properties><property name="hypothesis-statistics-tests/procedure_delegation_visibility/test_procedure_wp_resolver.py::TestProperty4ProcedureBindingUniqueOrReject::test_unique_or_reject_no_mutation" value="dGVzdHMvcHJvY2VkdXJlX2RlbGVnYXRpb25fdmlzaWJpbGl0eS90ZXN0X3Byb2NlZHVyZV93cF9yZXNvbHZlci5weTo6VGVzdFByb3BlcnR5NFByb2NlZHVyZUJpbmRpbmdVbmlxdWVPclJlamVjdDo6dGVzdF91bmlxdWVfb3JfcmVqZWN0X25vX211dGF0aW9uOgoKICAtIGR1cmluZyBnZW5lcmF0ZSBwaGFzZSAoMC40NCBzZWNvbmRzKToKICAgIC0gVHlwaWNhbCBydW50aW1lczogfiA4My04OSBtcywgb2Ygd2hpY2ggPCAxbXMgaW4gZGF0YSBnZW5lcmF0aW9uCiAgICAtIDUgcGFzc2luZyBleGFtcGxlcywgMCBmYWlsaW5nIGV4YW1wbGVzLCAwIGludmFsaWQgZXhhbXBsZXMKCiAgLSBTdG9wcGVkIGJlY2F1c2Ugc2V0dGluZ3MubWF4X2V4YW1wbGVzPTU=" /><property name="hypothesis-statistics-tests/procedure_delegation_visibility/test_procedure_wp_resolver.py::TestProperty7RowOnlySheetMapping::test_sheet_name_maps_unique_or_rejects" value="dGVzdHMvcHJvY2VkdXJlX2RlbGVnYXRpb25fdmlzaWJpbGl0eS90ZXN0X3Byb2NlZHVyZV93cF9yZXNvbHZlci5weTo6VGVzdFByb3BlcnR5N1Jvd09ubHlTaGVldE1hcHBpbmc6OnRlc3Rfc2hlZXRfbmFtZV9tYXBzX3VuaXF1ZV9vcl9yZWplY3RzOgoKICAtIGR1cmluZyBnZW5lcmF0ZSBwaGFzZSAoMC4zNCBzZWNvbmRzKToKICAgIC0gVHlwaWNhbCBydW50aW1lczogfiA2My03MCBtcywgb2Ygd2hpY2ggPCAxbXMgaW4gZGF0YSBnZW5lcmF0aW9uCiAgICAtIDUgcGFzc2luZyBleGFtcGxlcywgMCBmYWlsaW5nIGV4YW1wbGVzLCAwIGludmFsaWQgZXhhbXBsZXMKCiAgLSBTdG9wcGVkIGJlY2F1c2Ugc2V0dGluZ3MubWF4X2V4YW1wbGVzPTU=" /></properties><testcase classname="tests.procedure_delegation_visibility.test_procedure_wp_resolver.TestResolverExamples" name="test_wp_index_source_resolves" time="0.181" /><testcase classname="tests.procedure_delegation_visibility.test_procedure_wp_resolver.TestResolverExamples" name="test_wp_id_source_resolves" time="0.077" /><testcase classname="tests.procedure_delegation_visibility.test_procedure_wp_resolver.TestResolverExamples" name="test_wp_code_source_resolves" time="0.073" /><testcase classname="tests.procedure_delegation_visibility.test_procedure_wp_resolver.TestResolverExamples" name="test_procedure_instance_by_wp_code" time="0.079" /><testcase classname="tests.procedure_delegation_visibility.test_procedure_wp_resolver.TestResolverExamples" name="test_procedure_instance_by_wp_id" time="0.097" /><testcase classname="tests.procedure_delegation_visibility.test_procedure_wp_resolver.TestResolverExamples" name="test_procedure_row_task_source_resolves" time="0.081" /><testcase classname="tests.procedure_delegation_visibility.test_procedure_wp_resolver.TestResolverExamples" name="test_multiple_sources_agree" time="0.085" /><testcase classname="tests.procedure_delegation_visibility.test_procedure_wp_resolver.TestResolverExamples" name="test_source_disagreement_rejected" time="0.082" /><testcase classname="tests.procedure_delegation_visibility.test_procedure_wp_resolver.TestResolverExamples" name="test_zero_candidate_rejected" time="0.064" /><testcase classname="tests.procedure_delegation_visibility.test_procedure_wp_resolver.TestResolverExamples" name="test_multiple_candidates_rejected" time="0.080" /><testcase classname="tests.procedure_delegation_visibility.test_procedure_wp_resolver.TestResolverExamples" name="test_sheet_name_only_rejected_global" time="0.075" /><testcase classname="tests.procedure_delegation_visibility.test_procedure_wp_resolver.TestResolverExamples" name="test_sheet_key_only_rejected_global" time="0.058" /><testcase classname="tests.procedure_delegation_visibility.test_procedure_wp_resolver.TestResolverExamples" name="test_no_source_rejected" time="0.052" /><testcase classname="tests.procedure_delegation_visibility.test_procedure_wp_resolver.TestResolverExamples" name="test_cross_project_wp_index_rejected" time="0.065" /><testcase classname="tests.procedure_delegation_visibility.test_procedure_wp_resolver.TestResolverExamples" name="test_no_mutation_on_conflict" time="0.084" /><testcase classname="tests.procedure_delegation_visibility.test_procedure_wp_resolver.TestSheetCatalogExamples" name="test_resolve_row_task" time="0.075" /><testcase classname="tests.procedure_delegation_visibility.test_procedure_wp_resolver.TestSheetCatalogExamples" name="test_row_task_cross_index_rejected_not_whole_wp" time="0.072" /><testcase classname="tests.procedure_delegation_visibility.test_procedure_wp_resolver.TestSheetCatalogExamples" name="test_resolve_sheet_name_unique" time="0.069" /><testcase classname="tests.procedure_delegation_visibility.test_procedure_wp_resolver.TestSheetCatalogExamples" name="test_resolve_sheet_name_whitespace_insensitive" time="0.077" /><testcase classname="tests.procedure_delegation_visibility.test_procedure_wp_resolver.TestSheetCatalogExamples" name="test_resolve_sheet_name_ambiguous_rejected" time="0.067" /><testcase classname="tests.procedure_delegation_visibility.test_procedure_wp_resolver.TestSheetCatalogExamples" name="test_resolve_sheet_name_zero_rejected" time="0.075" /><testcase classname="tests.procedure_delegation_visibility.test_procedure_wp_resolver.TestSheetCatalogExamples" name="test_resolve_sheet_key_membership" time="0.158" /><testcase classname="tests.procedure_delegation_visibility.test_procedure_wp_resolver.TestSheetCatalogExamples" name="test_checklist_item_direct_hit" time="0.076" /><testcase classname="tests.procedure_delegation_visibility.test_procedure_wp_resolver.TestSheetCatalogExamples" name="test_checklist_item_ambiguous_rejected" time="0.073" /><testcase classname="tests.procedure_delegation_visibility.test_procedure_wp_resolver.TestProperty4ProcedureBindingUniqueOrReject" name="test_unique_or_reject_no_mutation" time="0.442" /><testcase classname="tests.procedure_delegation_visibility.test_procedure_wp_resolver.TestProperty7RowOnlySheetMapping" name="test_sheet_name_maps_unique_or_rejects" time="0.341" /></testsuite></testsuites>