<?xml version="1.0" encoding="utf-8"?><testsuites name="pytest tests"><testsuite name="pytest" errors="0" failures="0" skipped="0" tests="19" time="3.098" timestamp="2026-07-17T01:49:37.511177+08:00" hostname="DESKTOP-FURNVS2"><properties><property name="hypothesis-statistics-tests/procedure_delegation_visibility/test_role_classifier.py::TestProperty1ClassificationUniqueFailClosed::test_classification_matrix" value="dGVzdHMvcHJvY2VkdXJlX2RlbGVnYXRpb25fdmlzaWJpbGl0eS90ZXN0X3JvbGVfY2xhc3NpZmllci5weTo6VGVzdFByb3BlcnR5MUNsYXNzaWZpY2F0aW9uVW5pcXVlRmFpbENsb3NlZDo6dGVzdF9jbGFzc2lmaWNhdGlvbl9tYXRyaXg6CgogIC0gZHVyaW5nIGdlbmVyYXRlIHBoYXNlICgwLjM1IHNlY29uZHMpOgogICAgLSBUeXBpY2FsIHJ1bnRpbWVzOiB+IDU3LTgzIG1zLCBvZiB3aGljaCA8IDFtcyBpbiBkYXRhIGdlbmVyYXRpb24KICAgIC0gNSBwYXNzaW5nIGV4YW1wbGVzLCAwIGZhaWxpbmcgZXhhbXBsZXMsIDAgaW52YWxpZCBleGFtcGxlcwoKICAtIFN0b3BwZWQgYmVjYXVzZSBzZXR0aW5ncy5tYXhfZXhhbXBsZXM9NQ==" /><property name="hypothesis-statistics-tests/procedure_delegation_visibility/test_staff_user_mapping.py::TestProperty2StaffUserMapping::test_mapping_accepts_only_unique_active_bidirectional" value="dGVzdHMvcHJvY2VkdXJlX2RlbGVnYXRpb25fdmlzaWJpbGl0eS90ZXN0X3N0YWZmX3VzZXJfbWFwcGluZy5weTo6VGVzdFByb3BlcnR5MlN0YWZmVXNlck1hcHBpbmc6OnRlc3RfbWFwcGluZ19hY2NlcHRzX29ubHlfdW5pcXVlX2FjdGl2ZV9iaWRpcmVjdGlvbmFsOgoKICAtIGR1cmluZyBnZW5lcmF0ZSBwaGFzZSAoMC40MiBzZWNvbmRzKToKICAgIC0gVHlwaWNhbCBydW50aW1lczogfiA2MS0xNjMgbXMsIG9mIHdoaWNoIDwgMW1zIGluIGRhdGEgZ2VuZXJhdGlvbgogICAgLSA1IHBhc3NpbmcgZXhhbXBsZXMsIDAgZmFpbGluZyBleGFtcGxlcywgMCBpbnZhbGlkIGV4YW1wbGVzCgogIC0gU3RvcHBlZCBiZWNhdXNlIHNldHRpbmdzLm1heF9leGFtcGxlcz01" /></properties><testcase classname="tests.procedure_delegation_visibility.test_role_classifier.TestFailClosedUnit" name="test_query_failure_non_admin_is_restricted_empty_scope" time="0.003" /><testcase classname="tests.procedure_delegation_visibility.test_role_classifier.TestFailClosedUnit" name="test_admin_short_circuits_without_query" time="0.001" /><testcase classname="tests.procedure_delegation_visibility.test_role_classifier.TestFailClosedUnit" name="test_unknown_role_non_admin_restricted" time="0.002" /><testcase classname="tests.procedure_delegation_visibility.test_role_classifier.TestClassificationExamples" name="test_admin_ignores_scope_even_with_project_user_scope" time="0.171" /><testcase classname="tests.procedure_delegation_visibility.test_role_classifier.TestClassificationExamples" name="test_supervisor_happy_path_with_scope" time="0.086" /><testcase classname="tests.procedure_delegation_visibility.test_role_classifier.TestClassificationExamples" name="test_assignment_role_not_in_allowed_set_is_restricted" time="0.074" /><testcase classname="tests.procedure_delegation_visibility.test_role_classifier.TestClassificationExamples" name="test_missing_project_user_is_restricted" time="0.071" /><testcase classname="tests.procedure_delegation_visibility.test_role_classifier.TestClassificationExamples" name="test_duplicate_active_staff_is_restricted" time="0.089" /><testcase classname="tests.procedure_delegation_visibility.test_role_classifier.TestClassificationExamples" name="test_inactive_assignment_is_restricted" time="0.079" /><testcase classname="tests.procedure_delegation_visibility.test_role_classifier.TestProperty1ClassificationUniqueFailClosed" name="test_classification_matrix" time="0.352" /><testcase classname="tests.procedure_delegation_visibility.test_staff_user_mapping.TestMappingInvariantExamples" name="test_unique_active_mapping_accepted" time="0.071" /><testcase classname="tests.procedure_delegation_visibility.test_staff_user_mapping.TestMappingInvariantExamples" name="test_empty_staff_rejected" time="0.058" /><testcase classname="tests.procedure_delegation_visibility.test_staff_user_mapping.TestMappingInvariantExamples" name="test_inactive_staff_rejected" time="0.069" /><testcase classname="tests.procedure_delegation_visibility.test_staff_user_mapping.TestMappingInvariantExamples" name="test_staff_without_user_rejected" time="0.059" /><testcase classname="tests.procedure_delegation_visibility.test_staff_user_mapping.TestMappingInvariantExamples" name="test_cross_project_rejected" time="0.080" /><testcase classname="tests.procedure_delegation_visibility.test_staff_user_mapping.TestMappingInvariantExamples" name="test_ambiguous_reverse_rejected" time="0.093" /><testcase classname="tests.procedure_delegation_visibility.test_staff_user_mapping.TestMappingInvariantExamples" name="test_field_equality_never_implies_same_person" time="0.071" /><testcase classname="tests.procedure_delegation_visibility.test_staff_user_mapping.TestMappingInvariantExamples" name="test_is_same_natural_person_uses_mapping" time="0.074" /><testcase classname="tests.procedure_delegation_visibility.test_staff_user_mapping.TestProperty2StaffUserMapping" name="test_mapping_accepts_only_unique_active_bidirectional" time="0.427" /></testsuite></testsuites>