<?xml version="1.0" encoding="utf-8"?><testsuites name="pytest tests"><testsuite name="pytest" errors="0" failures="0" skipped="0" tests="24" time="4.980" timestamp="2026-07-17T02:56:29.929970+08:00" hostname="DESKTOP-FURNVS2"><properties><property name="hypothesis-statistics-tests/procedure_delegation_visibility/test_wp_bound_gate.py::TestProperty11PBTUniformNotFound::test_deny_always_404_fixed_body" value="dGVzdHMvcHJvY2VkdXJlX2RlbGVnYXRpb25fdmlzaWJpbGl0eS90ZXN0X3dwX2JvdW5kX2dhdGUucHk6OlRlc3RQcm9wZXJ0eTExUEJUVW5pZm9ybU5vdEZvdW5kOjp0ZXN0X2RlbnlfYWx3YXlzXzQwNF9maXhlZF9ib2R5OgoKICAtIGR1cmluZyBnZW5lcmF0ZSBwaGFzZSAoMC40OCBzZWNvbmRzKToKICAgIC0gVHlwaWNhbCBydW50aW1lczogfiAxMDAtMTMyIG1zLCBvZiB3aGljaCA8IDFtcyBpbiBkYXRhIGdlbmVyYXRpb24KICAgIC0gNCBwYXNzaW5nIGV4YW1wbGVzLCAwIGZhaWxpbmcgZXhhbXBsZXMsIDAgaW52YWxpZCBleGFtcGxlcwoKICAtIFN0b3BwZWQgYmVjYXVzZSBub3RoaW5nIGxlZnQgdG8gZG8=" /></properties><testcase classname="tests.procedure_delegation_visibility.test_wp_bound_gate.TestProperty8GrantMatrixUnion" name="test_lead_read_all_pages" time="0.261" /><testcase classname="tests.procedure_delegation_visibility.test_wp_bound_gate.TestProperty8GrantMatrixUnion" name="test_multi_identity_union_read" time="0.130" /><testcase classname="tests.procedure_delegation_visibility.test_wp_bound_gate.TestProperty8GrantMatrixUnion" name="test_no_dimension_splice_assignee_cannot_borrow_lead_action" time="0.113" /><testcase classname="tests.procedure_delegation_visibility.test_wp_bound_gate.TestProperty8GrantMatrixUnion" name="test_assignee_content_mutation_allowed_on_mapped_sheet" time="0.140" /><testcase classname="tests.procedure_delegation_visibility.test_wp_bound_gate.TestProperty9ReviewerWhitelist" name="test_reviewer_can_read" time="0.143" /><testcase classname="tests.procedure_delegation_visibility.test_wp_bound_gate.TestProperty9ReviewerWhitelist" name="test_reviewer_transition_reviewed_allowed" time="0.136" /><testcase classname="tests.procedure_delegation_visibility.test_wp_bound_gate.TestProperty9ReviewerWhitelist" name="test_reviewer_changes_requested_requires_reason" time="0.161" /><testcase classname="tests.procedure_delegation_visibility.test_wp_bound_gate.TestProperty9ReviewerWhitelist" name="test_reviewer_generic_mutations_denied[workpaper.checklist_save-save_checklist-PUT-none-none]" time="0.144" /><testcase classname="tests.procedure_delegation_visibility.test_wp_bound_gate.TestProperty9ReviewerWhitelist" name="test_reviewer_generic_mutations_denied[workpaper.parsed_data_write-save_parsed_data-PUT-none-none]" time="0.138" /><testcase classname="tests.procedure_delegation_visibility.test_wp_bound_gate.TestProperty9ReviewerWhitelist" name="test_reviewer_generic_mutations_denied[attachment.associate-attach_associate-POST-none-none]" time="0.243" /><testcase classname="tests.procedure_delegation_visibility.test_wp_bound_gate.TestProperty9ReviewerWhitelist" name="test_reviewer_generic_mutations_denied[version.restore-version_restore-POST-none-none]" time="0.134" /><testcase classname="tests.procedure_delegation_visibility.test_wp_bound_gate.TestProperty9ReviewerWhitelist" name="test_reviewer_generic_mutations_denied[editor.file_write-editor_write-POST-none-none]" time="0.131" /><testcase classname="tests.procedure_delegation_visibility.test_wp_bound_gate.TestProperty9ReviewerWhitelist" name="test_reviewer_generic_mutations_denied[workpaper.status_transition-status_transition-POST-submitted-reviewed]" time="0.145" /><testcase classname="tests.procedure_delegation_visibility.test_wp_bound_gate.TestProperty10BindingClaimConflict" name="test_client_wp_index_mismatch" time="0.127" /><testcase classname="tests.procedure_delegation_visibility.test_wp_bound_gate.TestProperty10BindingClaimConflict" name="test_historical_version_denied" time="0.117" /><testcase classname="tests.procedure_delegation_visibility.test_wp_bound_gate.TestProperty10BindingClaimConflict" name="test_unmapped_sheet_denied" time="0.125" /><testcase classname="tests.procedure_delegation_visibility.test_wp_bound_gate.TestProperty10BindingClaimConflict" name="test_token_claim_mismatch" time="0.131" /><testcase classname="tests.procedure_delegation_visibility.test_wp_bound_gate.TestProperty10BindingClaimConflict" name="test_cross_project_via_wrong_declared_project" time="0.095" /><testcase classname="tests.procedure_delegation_visibility.test_wp_bound_gate.TestProperty10BindingClaimConflict" name="test_nonexistent_resource_not_found" time="0.116" /><testcase classname="tests.procedure_delegation_visibility.test_wp_bound_gate.TestProperty11RateLimitAndUniformNotFound" name="test_rate_limit_before_resource_resolution" time="0.056" /><testcase classname="tests.procedure_delegation_visibility.test_wp_bound_gate.TestProperty11RateLimitAndUniformNotFound" name="test_all_deny_reasons_identical_wire_body" time="0.166" /><testcase classname="tests.procedure_delegation_visibility.test_wp_bound_gate.TestProperty12AuditFailureContractStable" name="test_deny_404_stable_when_outbox_fails" time="0.099" /><testcase classname="tests.procedure_delegation_visibility.test_wp_bound_gate.TestProperty12AuditFailureContractStable" name="test_rate_limit_429_stable_when_outbox_fails" time="0.050" /><testcase classname="tests.procedure_delegation_visibility.test_wp_bound_gate.TestProperty11PBTUniformNotFound" name="test_deny_always_404_fixed_body" time="0.479" /></testsuite></testsuites>