<?xml version="1.0" encoding="utf-8"?><testsuites name="pytest tests"><testsuite name="pytest" errors="0" failures="0" skipped="0" tests="19" time="4.864" timestamp="2026-07-17T02:24:51.467359+08:00" hostname="DESKTOP-FURNVS2"><properties>
[...]
</properties><testcase classname="tests.procedure_delegation_visibility.test_visibility_query.TestGrantExamples" name="test_lead_grant_all_pages" time="0.195" /><testcase classname="tests.procedure_delegation_visibility.test_visibility_query.TestGrantExamples" name="test_assignee_grant_only_mapped_sheet" time="0.116" /><testcase classname="tests.procedure_delegation_visibility.test_visibility_query.TestGrantExamples" name="test_reviewer_grant_mapped_sheet" time="0.087" /><testcase classname="tests.procedure_delegation_visibility.test_visibility_query.TestGrantExamples" name="test_cancelled_task_excluded" time="0.092" /><testcase classname="tests.procedure_delegation_visibility.test_visibility_query.TestGrantExamples" name="test_nullable_wp_still_counted" time="0.105" /><testcase classname="tests.procedure_delegation_visibility.test_visibility_query.TestGrantExamples" name="test_admin_all_project_ignores_scope" time="0.075" /><testcase classname="tests.procedure_delegation_visibility.test_visibility_query.TestGrantExamples" name="test_supervisor_scope_grant" time="0.076" /><testcase classname="tests.procedure_delegation_visibility.test_visibility_query.TestGrantExamples" name="test_history_lead_all_pages_readonly" time="0.091" /><testcase classname="tests.procedure_delegation_visibility.test_visibility_query.TestGrantExamples" name="test_history_row_snapshot_sheet_readonly" time="0.081" /><testcase classname="tests.procedure_delegation_visibility.test_visibility_query.TestGrantExamples" name="test_history_out_of_scope_excluded" time="0.079" /><testcase classname="tests.procedure_delegation_visibility.test_visibility_query.TestGrantExamples" name="test_multi_identity_union_same_wp" time="0.096" /><testcase classname="tests.procedure_delegation_visibility.test_visibility_query.TestGrantExamples" name="test_empty_scope_no_fallback" time="0.080" /><testcase classname="tests.procedure_delegation_visibility.test_visibility_query.TestGrantExamples" name="test_cross_project_wp_excluded" time="0.106" /><testcase classname="tests.procedure_delegation_visibility.test_visibility_query.TestProperty5FixedSetFormula" name="test_visible_equals_delegated_union_history_intersect_scope" time="0.556" /><testcase classname="tests.procedure_delegation_visibility.test_visibility_query.TestProperty8OneKnownKindPerGrant" name="test_each_grant_single_registered_kind" time="0.481" /><testcase classname="tests.procedure_delegation_visibility.test_visibility_query.TestProperty7PageVisibilityAndHistoryReadonly" name="test_row_only_page_isolation" time="0.496" /><testcase classname="tests.procedure_delegation_visibility.test_visibility_query.TestProperty7PageVisibilityAndHistoryReadonly" name="test_history_grants_are_readonly" time="0.246" /><testcase classname="tests.procedure_delegation_visibility.test_visibility_query.TestProperty6HistoryImmutableAfterRebind" name="test_history_attribution_unchanged_by_rebind" time="0.426" /><testcase classname="tests.procedure_delegation_visibility.test_visibility_query.TestNoPerWorkpaperN1" name="test_query_count_constant_regardless_of_wp_count" time="0.228" /></testsuite></testsuites>