<?xml version="1.0" encoding="utf-8"?><testsuites name="pytest tests"><testsuite name="pytest" errors="0" failures="0" skipped="0" tests="11" time="9.645" timestamp="2026-07-17T18:26:37.331033+08:00" hostname="DESKTOP-FURNVS2"><testcase classname="tests.visibility_go_live_hardening.test_task3_dispatcher_lifespan.TestDispatcherMounted" name="test_start_workers_creates_dispatcher_task" time="7.420" /><testcase classname="tests.visibility_go_live_hardening.test_task3_dispatcher_lifespan.TestDispatcherMounted" name="test_flag_off_worker_exits" time="0.001" /><testcase classname="tests.visibility_go_live_hardening.test_task3_dispatcher_lifespan.TestDispatcherMounted" name="test_default_flag_is_true" time="0.003" /><testcase classname="tests.visibility_go_live_hardening.test_task3_dispatcher_lifespan.TestFastPathConvergence" name="test_committed_outbox_fanned_out_and_converges" time="1.195" /><testcase classname="tests.visibility_go_live_hardening.test_task3_dispatcher_lifespan.TestFastPathConvergence" name="test_handle_message_invalidates_project" time="0.001" /><testcase classname="tests.visibility_go_live_hardening.test_task3_dispatcher_lifespan.TestRedisDownStartup" name="test_subscriber_redis_down_backoff_no_crash" time="0.132" /><testcase classname="tests.visibility_go_live_hardening.test_task3_dispatcher_lifespan.TestRedisDownStartup" name="test_publisher_redis_down_noop_no_crash" time="0.043" /><testcase classname="tests.visibility_go_live_hardening.test_task3_dispatcher_lifespan.TestRedisDownStartup" name="test_db_epoch_safety_net_denies_within_1s_no_stale_allow" time="0.089" /><testcase classname="tests.visibility_go_live_hardening.test_task3_dispatcher_lifespan.TestReconnectResubscribe" name="test_runtime_disconnect_reconnects" time="0.022" /><testcase classname="tests.visibility_go_live_hardening.test_task3_dispatcher_lifespan.TestGracefulShutdown" name="test_run_stops_cleanly_on_stop_event" time="0.094" /><testcase classname="tests.visibility_go_live_hardening.test_task3_dispatcher_lifespan.TestGracefulShutdown" name="test_run_cancel_propagates_cleanly" time="0.062" /></testsuite></testsuites>