<?xml version="1.0" encoding="utf-8"?><testsuites name="pytest tests"><testsuite name="pytest" errors="0" failures="0" skipped="0" tests="24" time="13.538" timestamp="2026-07-17T03:37:27.880702+08:00" hostname="DESKTOP-FURNVS2"><testcase classname="tests.procedure_delegation_visibility.test_task9_core_route_gate" name="test_render_config_deny_not_delegated" time="9.417" /><testcase classname="tests.procedure_delegation_visibility.test_task9_core_route_gate" name="test_render_config_allow_lead_passes_gate" time="0.762" /><testcase classname="tests.procedure_delegation_visibility.test_task9_core_route_gate" name="test_render_config_cross_project_denied" time="0.112" /><testcase classname="tests.procedure_delegation_visibility.test_task9_core_route_gate" name="test_checklist_get_allow_lead" time="0.123" /><testcase classname="tests.procedure_delegation_visibility.test_task9_core_route_gate" name="test_checklist_get_deny_not_delegated" time="0.148" /><testcase classname="tests.procedure_delegation_visibility.test_task9_core_route_gate" name="test_checklist_get_nonexistent_404" time="0.091" /><testcase classname="tests.procedure_delegation_visibility.test_task9_core_route_gate" name="test_checklist_put_allow_admin" time="0.125" /><testcase classname="tests.procedure_delegation_visibility.test_task9_core_route_gate" name="test_checklist_put_deny_admin_nonexistent_wp" time="0.085" /><testcase classname="tests.procedure_delegation_visibility.test_task9_core_route_gate" name="test_parsed_data_deny_admin_nonexistent_wp" time="0.099" /><testcase classname="tests.procedure_delegation_visibility.test_task9_core_route_gate" name="test_parsed_data_allow_admin" time="0.100" /><testcase classname="tests.procedure_delegation_visibility.test_task9_core_route_gate" name="test_ai_generate_deny_not_delegated" time="0.144" /><testcase classname="tests.procedure_delegation_visibility.test_task9_core_route_gate" name="test_ai_generate_allow_lead_passes_gate" time="0.108" /><testcase classname="tests.procedure_delegation_visibility.test_task9_core_route_gate" name="test_ai_generate_nonexistent_404" time="0.110" /><testcase classname="tests.procedure_delegation_visibility.test_task9_core_route_gate" name="test_detail_allow_lead" time="0.133" /><testcase classname="tests.procedure_delegation_visibility.test_task9_core_route_gate" name="test_detail_deny_not_delegated" time="0.145" /><testcase classname="tests.procedure_delegation_visibility.test_task9_core_route_gate" name="test_detail_cross_project_denied" time="0.098" /><testcase classname="tests.procedure_delegation_visibility.test_task9_core_route_gate" name="test_version_list_allow_lead" time="0.118" /><testcase classname="tests.procedure_delegation_visibility.test_task9_core_route_gate" name="test_version_list_deny_not_delegated" time="0.120" /><testcase classname="tests.procedure_delegation_visibility.test_task9_core_route_gate" name="test_version_list_cross_project_denied" time="0.096" /><testcase classname="tests.procedure_delegation_visibility.test_task9_core_route_gate" name="test_version_detail_deny_not_delegated" time="0.127" /><testcase classname="tests.procedure_delegation_visibility.test_task9_core_route_gate" name="test_version_detail_allow_lead_passes_gate" time="0.145" /><testcase classname="tests.procedure_delegation_visibility.test_task9_core_route_gate" name="test_version_rollback_deny_not_delegated" time="0.101" /><testcase classname="tests.procedure_delegation_visibility.test_task9_core_route_gate" name="test_version_rollback_cross_project_denied" time="0.140" /><testcase classname="tests.procedure_delegation_visibility.test_task9_core_route_gate" name="test_version_rollback_allow_admin_passes_gate" time="0.098" /></testsuite></testsuites>