<?xml version="1.0" encoding="utf-8"?><testsuites name="pytest tests"><testsuite name="pytest" errors="0" failures="0" skipped="0" tests="6" time="21.246" timestamp="2026-07-17T20:19:48.001576+08:00" hostname="DESKTOP-FURNVS2"><testcase classname="tests.visibility_go_live_hardening.test_task5_capacity_frozen_profile" name="test_a_capacity_baseline_freeze_and_acceptance" time="20.383" /><testcase classname="tests.visibility_go_live_hardening.test_task5_capacity_frozen_profile" name="test_b_freeze_requires_capacity_report_hash" time="0.001" /><testcase classname="tests.visibility_go_live_hardening.test_task5_capacity_frozen_profile" name="test_c_production_reads_only_from_frozen_profile" time="0.001" /><testcase classname="tests.visibility_go_live_hardening.test_task5_capacity_frozen_profile" name="test_d_rate_limit_within_over_and_resource_independent" time="0.000" /><testcase classname="tests.visibility_go_live_hardening.test_task5_capacity_frozen_profile" name="test_e_cache_consistency_revocation_no_stale_allow" time="0.141" /><testcase classname="tests.visibility_go_live_hardening.test_task5_capacity_frozen_profile" name="test_zzz_write_task5_artifacts" time="0.002" /></testsuite></testsuites>